{"D:\\Uni Folder\\Senior (semester 2)\\FYP Project\\testluy-payment-sdk\\http\\CloudflareBypass.js": {"path":"D:\\Uni Folder\\Senior (semester 2)\\FYP Project\\testluy-payment-sdk\\http\\CloudflareBypass.js","statementMap":{"0":{"start":{"line":25,"column":4},"end":{"line":31,"column":6}},"1":{"start":{"line":34,"column":4},"end":{"line":40,"column":7}},"2":{"start":{"line":43,"column":4},"end":{"line":43,"column":29}},"3":{"start":{"line":53,"column":4},"end":{"line":55,"column":5}},"4":{"start":{"line":54,"column":6},"end":{"line":54,"column":20}},"5":{"start":{"line":58,"column":27},"end":{"line":58,"column":40}},"6":{"start":{"line":61,"column":4},"end":{"line":72,"column":5}},"7":{"start":{"line":62,"column":29},"end":{"line":65,"column":8}},"8":{"start":{"line":68,"column":6},"end":{"line":71,"column":8}},"9":{"start":{"line":75,"column":4},"end":{"line":77,"column":5}},"10":{"start":{"line":76,"column":6},"end":{"line":76,"column":38}},"11":{"start":{"line":80,"column":4},"end":{"line":85,"column":6}},"12":{"start":{"line":88,"column":4},"end":{"line":90,"column":5}},"13":{"start":{"line":89,"column":6},"end":{"line":89,"column":66}},"14":{"start":{"line":92,"column":4},"end":{"line":92,"column":26}},"15":{"start":{"line":103,"column":16},"end":{"line":103,"column":26}},"16":{"start":{"line":104,"column":33},"end":{"line":104,"column":59}},"17":{"start":{"line":107,"column":4},"end":{"line":111,"column":5}},"18":{"start":{"line":109,"column":20},"end":{"line":109,"column":45}},"19":{"start":{"line":110,"column":6},"end":{"line":110,"column":63}},"20":{"start":{"line":110,"column":35},"end":{"line":110,"column":61}},"21":{"start":{"line":114,"column":4},"end":{"line":114,"column":38}},"22":{"start":{"line":123,"column":17},"end":{"line":123,"column":21}},"23":{"start":{"line":125,"column":4},"end":{"line":129,"column":6}},"24":{"start":{"line":127,"column":8},"end":{"line":127,"column":50}}},"fnMap":{"0":{"name":"(anonymous_0)","decl":{"start":{"line":24,"column":2},"end":{"line":24,"column":3}},"loc":{"start":{"line":24,"column":28},"end":{"line":44,"column":3}},"line":24},"1":{"name":"(anonymous_1)","decl":{"start":{"line":52,"column":2},"end":{"line":52,"column":3}},"loc":{"start":{"line":52,"column":38},"end":{"line":93,"column":3}},"line":52},"2":{"name":"(anonymous_2)","decl":{"start":{"line":101,"column":2},"end":{"line":101,"column":3}},"loc":{"start":{"line":101,"column":29},"end":{"line":115,"column":3}},"line":101},"3":{"name":"(anonymous_3)","decl":{"start":{"line":110,"column":24},"end":{"line":110,"column":25}},"loc":{"start":{"line":110,"column":35},"end":{"line":110,"column":61}},"line":110},"4":{"name":"(anonymous_4)","decl":{"start":{"line":122,"column":2},"end":{"line":122,"column":3}},"loc":{"start":{"line":122,"column":29},"end":{"line":130,"column":3}},"line":122},"5":{"name":"(anonymous_5)","decl":{"start":{"line":126,"column":6},"end":{"line":126,"column":7}},"loc":{"start":{"line":126,"column":30},"end":{"line":128,"column":7}},"line":126}},"branchMap":{"0":{"loc":{"start":{"line":24,"column":14},"end":{"line":24,"column":26}},"type":"default-arg","locations":[{"start":{"line":24,"column":24},"end":{"line":24,"column":26}}],"line":24},"1":{"loc":{"start":{"line":30,"column":21},"end":{"line":30,"column":48}},"type":"binary-expr","locations":[{"start":{"line":30,"column":21},"end":{"line":30,"column":42}},{"start":{"line":30,"column":46},"end":{"line":30,"column":48}}],"line":30},"2":{"loc":{"start":{"line":53,"column":4},"end":{"line":55,"column":5}},"type":"if","locations":[{"start":{"line":53,"column":4},"end":{"line":55,"column":5}},{"start":{},"end":{}}],"line":53},"3":{"loc":{"start":{"line":61,"column":4},"end":{"line":72,"column":5}},"type":"if","locations":[{"start":{"line":61,"column":4},"end":{"line":72,"column":5}},{"start":{},"end":{}}],"line":61},"4":{"loc":{"start":{"line":75,"column":4},"end":{"line":77,"column":5}},"type":"if","locations":[{"start":{"line":75,"column":4},"end":{"line":77,"column":5}},{"start":{},"end":{}}],"line":75},"5":{"loc":{"start":{"line":88,"column":4},"end":{"line":90,"column":5}},"type":"if","locations":[{"start":{"line":88,"column":4},"end":{"line":90,"column":5}},{"start":{},"end":{}}],"line":88},"6":{"loc":{"start":{"line":88,"column":8},"end":{"line":88,"column":104}},"type":"binary-expr","locations":[{"start":{"line":88,"column":9},"end":{"line":88,"column":33}},{"start":{"line":88,"column":37},"end":{"line":88,"column":60}},{"start":{"line":88,"column":65},"end":{"line":88,"column":104}}],"line":88},"7":{"loc":{"start":{"line":107,"column":4},"end":{"line":111,"column":5}},"type":"if","locations":[{"start":{"line":107,"column":4},"end":{"line":111,"column":5}},{"start":{},"end":{}}],"line":107}},"s":{"0":0,"1":0,"2":0,"3":0,"4":0,"5":0,"6":0,"7":0,"8":0,"9":0,"10":0,"11":0,"12":0,"13":0,"14":0,"15":0,"16":0,"17":0,"18":0,"19":0,"20":0,"21":0,"22":0,"23":0,"24":0},"f":{"0":0,"1":0,"2":0,"3":0,"4":0,"5":0},"b":{"0":[0],"1":[0,0],"2":[0,0],"3":[0,0],"4":[0,0],"5":[0,0],"6":[0,0,0],"7":[0,0]},"inputSourceMap":null}
,"D:\\Uni Folder\\Senior (semester 2)\\FYP Project\\testluy-payment-sdk\\http\\ConfigurationManager.js": {"path":"D:\\Uni Folder\\Senior (semester 2)\\FYP Project\\testluy-payment-sdk\\http\\ConfigurationManager.js","statementMap":{"0":{"start":{"line":22,"column":4},"end":{"line":22,"column":52}},"1":{"start":{"line":25,"column":4},"end":{"line":25,"column":33}},"2":{"start":{"line":35,"column":4},"end":{"line":39,"column":6}},"3":{"start":{"line":48,"column":4},"end":{"line":48,"column":26}},"4":{"start":{"line":57,"column":19},"end":{"line":57,"column":21}},"5":{"start":{"line":60,"column":4},"end":{"line":260,"column":5}},"6":{"start":{"line":62,"column":6},"end":{"line":64,"column":7}},"7":{"start":{"line":63,"column":8},"end":{"line":63,"column":54}},"8":{"start":{"line":67,"column":6},"end":{"line":72,"column":7}},"9":{"start":{"line":68,"column":24},"end":{"line":68,"column":65}},"10":{"start":{"line":69,"column":8},"end":{"line":71,"column":9}},"11":{"start":{"line":70,"column":10},"end":{"line":70,"column":35}},"12":{"start":{"line":75,"column":26},"end":{"line":75,"column":28}},"13":{"start":{"line":76,"column":27},"end":{"line":76,"column":32}},"14":{"start":{"line":78,"column":6},"end":{"line":84,"column":7}},"15":{"start":{"line":79,"column":27},"end":{"line":79,"column":72}},"16":{"start":{"line":80,"column":8},"end":{"line":83,"column":9}},"17":{"start":{"line":81,"column":10},"end":{"line":81,"column":46}},"18":{"start":{"line":82,"column":10},"end":{"line":82,"column":32}},"19":{"start":{"line":86,"column":6},"end":{"line":92,"column":7}},"20":{"start":{"line":87,"column":26},"end":{"line":87,"column":70}},"21":{"start":{"line":88,"column":8},"end":{"line":91,"column":9}},"22":{"start":{"line":89,"column":10},"end":{"line":89,"column":44}},"23":{"start":{"line":90,"column":10},"end":{"line":90,"column":32}},"24":{"start":{"line":94,"column":6},"end":{"line":100,"column":7}},"25":{"start":{"line":95,"column":25},"end":{"line":95,"column":68}},"26":{"start":{"line":96,"column":8},"end":{"line":99,"column":9}},"27":{"start":{"line":97,"column":10},"end":{"line":97,"column":42}},"28":{"start":{"line":98,"column":10},"end":{"line":98,"column":32}},"29":{"start":{"line":102,"column":6},"end":{"line":108,"column":7}},"30":{"start":{"line":103,"column":30},"end":{"line":103,"column":76}},"31":{"start":{"line":104,"column":8},"end":{"line":107,"column":9}},"32":{"start":{"line":105,"column":10},"end":{"line":105,"column":52}},"33":{"start":{"line":106,"column":10},"end":{"line":106,"column":32}},"34":{"start":{"line":110,"column":6},"end":{"line":116,"column":7}},"35":{"start":{"line":111,"column":29},"end":{"line":111,"column":74}},"36":{"start":{"line":112,"column":8},"end":{"line":115,"column":9}},"37":{"start":{"line":113,"column":10},"end":{"line":113,"column":50}},"38":{"start":{"line":114,"column":10},"end":{"line":114,"column":32}},"39":{"start":{"line":118,"column":6},"end":{"line":120,"column":7}},"40":{"start":{"line":119,"column":8},"end":{"line":119,"column":41}},"41":{"start":{"line":123,"column":28},"end":{"line":123,"column":30}},"42":{"start":{"line":124,"column":29},"end":{"line":124,"column":34}},"43":{"start":{"line":126,"column":6},"end":{"line":129,"column":7}},"44":{"start":{"line":127,"column":8},"end":{"line":127,"column":60}},"45":{"start":{"line":128,"column":8},"end":{"line":128,"column":32}},"46":{"start":{"line":131,"column":6},"end":{"line":134,"column":7}},"47":{"start":{"line":132,"column":8},"end":{"line":132,"column":90}},"48":{"start":{"line":133,"column":8},"end":{"line":133,"column":32}},"49":{"start":{"line":136,"column":6},"end":{"line":139,"column":7}},"50":{"start":{"line":137,"column":8},"end":{"line":137,"column":84}},"51":{"start":{"line":138,"column":8},"end":{"line":138,"column":32}},"52":{"start":{"line":141,"column":6},"end":{"line":144,"column":7}},"53":{"start":{"line":142,"column":8},"end":{"line":142,"column":88}},"54":{"start":{"line":143,"column":8},"end":{"line":143,"column":32}},"55":{"start":{"line":146,"column":6},"end":{"line":148,"column":7}},"56":{"start":{"line":147,"column":8},"end":{"line":147,"column":39}},"57":{"start":{"line":151,"column":26},"end":{"line":151,"column":28}},"58":{"start":{"line":152,"column":27},"end":{"line":152,"column":32}},"59":{"start":{"line":154,"column":6},"end":{"line":157,"column":7}},"60":{"start":{"line":155,"column":8},"end":{"line":155,"column":58}},"61":{"start":{"line":156,"column":8},"end":{"line":156,"column":30}},"62":{"start":{"line":159,"column":6},"end":{"line":165,"column":7}},"63":{"start":{"line":160,"column":21},"end":{"line":160,"column":65}},"64":{"start":{"line":161,"column":8},"end":{"line":164,"column":9}},"65":{"start":{"line":162,"column":10},"end":{"line":162,"column":34}},"66":{"start":{"line":163,"column":10},"end":{"line":163,"column":32}},"67":{"start":{"line":167,"column":6},"end":{"line":170,"column":7}},"68":{"start":{"line":168,"column":8},"end":{"line":168,"column":58}},"69":{"start":{"line":169,"column":8},"end":{"line":169,"column":30}},"70":{"start":{"line":172,"column":6},"end":{"line":175,"column":7}},"71":{"start":{"line":173,"column":8},"end":{"line":173,"column":66}},"72":{"start":{"line":174,"column":8},"end":{"line":174,"column":30}},"73":{"start":{"line":177,"column":6},"end":{"line":179,"column":7}},"74":{"start":{"line":178,"column":8},"end":{"line":178,"column":35}},"75":{"start":{"line":182,"column":31},"end":{"line":182,"column":33}},"76":{"start":{"line":183,"column":32},"end":{"line":183,"column":37}},"77":{"start":{"line":185,"column":6},"end":{"line":188,"column":7}},"78":{"start":{"line":186,"column":8},"end":{"line":186,"column":79}},"79":{"start":{"line":187,"column":8},"end":{"line":187,"column":35}},"80":{"start":{"line":190,"column":6},"end":{"line":196,"column":7}},"81":{"start":{"line":191,"column":27},"end":{"line":191,"column":72}},"82":{"start":{"line":192,"column":8},"end":{"line":195,"column":9}},"83":{"start":{"line":193,"column":10},"end":{"line":193,"column":51}},"84":{"start":{"line":194,"column":10},"end":{"line":194,"column":37}},"85":{"start":{"line":198,"column":6},"end":{"line":204,"column":7}},"86":{"start":{"line":199,"column":31},"end":{"line":199,"column":81}},"87":{"start":{"line":200,"column":8},"end":{"line":203,"column":9}},"88":{"start":{"line":201,"column":10},"end":{"line":201,"column":59}},"89":{"start":{"line":202,"column":10},"end":{"line":202,"column":37}},"90":{"start":{"line":206,"column":6},"end":{"line":212,"column":7}},"91":{"start":{"line":207,"column":30},"end":{"line":207,"column":78}},"92":{"start":{"line":208,"column":8},"end":{"line":211,"column":9}},"93":{"start":{"line":209,"column":10},"end":{"line":209,"column":57}},"94":{"start":{"line":210,"column":10},"end":{"line":210,"column":37}},"95":{"start":{"line":214,"column":6},"end":{"line":217,"column":7}},"96":{"start":{"line":215,"column":8},"end":{"line":215,"column":97}},"97":{"start":{"line":216,"column":8},"end":{"line":216,"column":35}},"98":{"start":{"line":219,"column":6},"end":{"line":221,"column":7}},"99":{"start":{"line":220,"column":8},"end":{"line":220,"column":45}},"100":{"start":{"line":224,"column":24},"end":{"line":224,"column":26}},"101":{"start":{"line":225,"column":25},"end":{"line":225,"column":30}},"102":{"start":{"line":227,"column":6},"end":{"line":230,"column":7}},"103":{"start":{"line":228,"column":8},"end":{"line":228,"column":67}},"104":{"start":{"line":229,"column":8},"end":{"line":229,"column":28}},"105":{"start":{"line":232,"column":6},"end":{"line":235,"column":7}},"106":{"start":{"line":233,"column":8},"end":{"line":233,"column":60}},"107":{"start":{"line":234,"column":8},"end":{"line":234,"column":28}},"108":{"start":{"line":237,"column":6},"end":{"line":240,"column":7}},"109":{"start":{"line":238,"column":8},"end":{"line":238,"column":54}},"110":{"start":{"line":239,"column":8},"end":{"line":239,"column":28}},"111":{"start":{"line":242,"column":6},"end":{"line":245,"column":7}},"112":{"start":{"line":243,"column":8},"end":{"line":243,"column":52}},"113":{"start":{"line":244,"column":8},"end":{"line":244,"column":28}},"114":{"start":{"line":247,"column":6},"end":{"line":250,"column":7}},"115":{"start":{"line":248,"column":8},"end":{"line":248,"column":50}},"116":{"start":{"line":249,"column":8},"end":{"line":249,"column":28}},"117":{"start":{"line":252,"column":6},"end":{"line":255,"column":7}},"118":{"start":{"line":253,"column":8},"end":{"line":253,"column":66}},"119":{"start":{"line":254,"column":8},"end":{"line":254,"column":28}},"120":{"start":{"line":257,"column":6},"end":{"line":259,"column":7}},"121":{"start":{"line":258,"column":8},"end":{"line":258,"column":31}},"122":{"start":{"line":262,"column":4},"end":{"line":262,"column":18}},"123":{"start":{"line":271,"column":4},"end":{"line":271,"column":32}},"124":{"start":{"line":280,"column":4},"end":{"line":280,"column":30}},"125":{"start":{"line":290,"column":4},"end":{"line":290,"column":54}},"126":{"start":{"line":291,"column":4},"end":{"line":291,"column":33}},"127":{"start":{"line":292,"column":4},"end":{"line":292,"column":28}},"128":{"start":{"line":303,"column":17},"end":{"line":303,"column":31}},"129":{"start":{"line":304,"column":16},"end":{"line":304,"column":27}},"130":{"start":{"line":306,"column":4},"end":{"line":311,"column":5}},"131":{"start":{"line":307,"column":6},"end":{"line":309,"column":7}},"132":{"start":{"line":308,"column":8},"end":{"line":308,"column":28}},"133":{"start":{"line":310,"column":6},"end":{"line":310,"column":23}},"134":{"start":{"line":313,"column":4},"end":{"line":313,"column":54}},"135":{"start":{"line":324,"column":17},"end":{"line":324,"column":31}},"136":{"start":{"line":325,"column":20},"end":{"line":325,"column":30}},"137":{"start":{"line":326,"column":18},"end":{"line":326,"column":29}},"138":{"start":{"line":328,"column":4},"end":{"line":333,"column":5}},"139":{"start":{"line":329,"column":6},"end":{"line":331,"column":7}},"140":{"start":{"line":330,"column":8},"end":{"line":330,"column":24}},"141":{"start":{"line":332,"column":6},"end":{"line":332,"column":27}},"142":{"start":{"line":335,"column":4},"end":{"line":335,"column":29}},"143":{"start":{"line":336,"column":4},"end":{"line":336,"column":33}},"144":{"start":{"line":337,"column":4},"end":{"line":337,"column":28}},"145":{"start":{"line":347,"column":4},"end":{"line":358,"column":5}},"146":{"start":{"line":348,"column":22},"end":{"line":348,"column":42}},"147":{"start":{"line":350,"column":6},"end":{"line":352,"column":7}},"148":{"start":{"line":351,"column":8},"end":{"line":351,"column":37}},"149":{"start":{"line":355,"column":6},"end":{"line":357,"column":7}},"150":{"start":{"line":356,"column":8},"end":{"line":356,"column":22}},"151":{"start":{"line":361,"column":4},"end":{"line":383,"column":5}},"152":{"start":{"line":363,"column":6},"end":{"line":370,"column":7}},"153":{"start":{"line":369,"column":8},"end":{"line":369,"column":29}},"154":{"start":{"line":373,"column":6},"end":{"line":380,"column":7}},"155":{"start":{"line":379,"column":8},"end":{"line":379,"column":22}},"156":{"start":{"line":382,"column":6},"end":{"line":382,"column":26}},"157":{"start":{"line":385,"column":4},"end":{"line":385,"column":21}},"158":{"start":{"line":395,"column":16},"end":{"line":395,"column":55}},"159":{"start":{"line":398,"column":23},"end":{"line":427,"column":5}},"160":{"start":{"line":430,"column":4},"end":{"line":432,"column":5}},"161":{"start":{"line":431,"column":6},"end":{"line":431,"column":41}},"162":{"start":{"line":434,"column":4},"end":{"line":434,"column":28}},"163":{"start":{"line":452,"column":8},"end":{"line":452,"column":19}},"164":{"start":{"line":454,"column":4},"end":{"line":462,"column":6}}},"fnMap":{"0":{"name":"(anonymous_0)","decl":{"start":{"line":20,"column":2},"end":{"line":20,"column":3}},"loc":{"start":{"line":20,"column":28},"end":{"line":26,"column":3}},"line":20},"1":{"name":"(anonymous_1)","decl":{"start":{"line":34,"column":2},"end":{"line":34,"column":3}},"loc":{"start":{"line":34,"column":34},"end":{"line":40,"column":3}},"line":34},"2":{"name":"(anonymous_2)","decl":{"start":{"line":47,"column":2},"end":{"line":47,"column":3}},"loc":{"start":{"line":47,"column":21},"end":{"line":49,"column":3}},"line":47},"3":{"name":"(anonymous_3)","decl":{"start":{"line":56,"column":2},"end":{"line":56,"column":3}},"loc":{"start":{"line":56,"column":25},"end":{"line":263,"column":3}},"line":56},"4":{"name":"(anonymous_4)","decl":{"start":{"line":270,"column":2},"end":{"line":270,"column":3}},"loc":{"start":{"line":270,"column":26},"end":{"line":272,"column":3}},"line":270},"5":{"name":"(anonymous_5)","decl":{"start":{"line":279,"column":2},"end":{"line":279,"column":3}},"loc":{"start":{"line":279,"column":14},"end":{"line":281,"column":3}},"line":279},"6":{"name":"(anonymous_6)","decl":{"start":{"line":289,"column":2},"end":{"line":289,"column":3}},"loc":{"start":{"line":289,"column":26},"end":{"line":293,"column":3}},"line":289},"7":{"name":"(anonymous_7)","decl":{"start":{"line":302,"column":2},"end":{"line":302,"column":3}},"loc":{"start":{"line":302,"column":25},"end":{"line":314,"column":3}},"line":302},"8":{"name":"(anonymous_8)","decl":{"start":{"line":323,"column":2},"end":{"line":323,"column":3}},"loc":{"start":{"line":323,"column":18},"end":{"line":338,"column":3}},"line":323},"9":{"name":"(anonymous_9)","decl":{"start":{"line":345,"column":2},"end":{"line":345,"column":3}},"loc":{"start":{"line":345,"column":22},"end":{"line":386,"column":3}},"line":345},"10":{"name":"(anonymous_10)","decl":{"start":{"line":394,"column":2},"end":{"line":394,"column":3}},"loc":{"start":{"line":394,"column":37},"end":{"line":435,"column":3}},"line":394},"11":{"name":"(anonymous_11)","decl":{"start":{"line":442,"column":2},"end":{"line":442,"column":3}},"loc":{"start":{"line":442,"column":27},"end":{"line":463,"column":3}},"line":442}},"branchMap":{"0":{"loc":{"start":{"line":20,"column":14},"end":{"line":20,"column":26}},"type":"default-arg","locations":[{"start":{"line":20,"column":24},"end":{"line":20,"column":26}}],"line":20},"1":{"loc":{"start":{"line":60,"column":4},"end":{"line":260,"column":5}},"type":"if","locations":[{"start":{"line":60,"column":4},"end":{"line":260,"column":5}},{"start":{},"end":{}}],"line":60},"2":{"loc":{"start":{"line":60,"column":8},"end":{"line":60,"column":53}},"type":"binary-expr","locations":[{"start":{"line":60,"column":8},"end":{"line":60,"column":38}},{"start":{"line":60,"column":42},"end":{"line":60,"column":53}}],"line":60},"3":{"loc":{"start":{"line":62,"column":6},"end":{"line":64,"column":7}},"type":"if","locations":[{"start":{"line":62,"column":6},"end":{"line":64,"column":7}},{"start":{},"end":{}}],"line":62},"4":{"loc":{"start":{"line":67,"column":6},"end":{"line":72,"column":7}},"type":"if","locations":[{"start":{"line":67,"column":6},"end":{"line":72,"column":7}},{"start":{},"end":{}}],"line":67},"5":{"loc":{"start":{"line":69,"column":8},"end":{"line":71,"column":9}},"type":"if","locations":[{"start":{"line":69,"column":8},"end":{"line":71,"column":9}},{"start":{},"end":{}}],"line":69},"6":{"loc":{"start":{"line":78,"column":6},"end":{"line":84,"column":7}},"type":"if","locations":[{"start":{"line":78,"column":6},"end":{"line":84,"column":7}},{"start":{},"end":{}}],"line":78},"7":{"loc":{"start":{"line":80,"column":8},"end":{"line":83,"column":9}},"type":"if","locations":[{"start":{"line":80,"column":8},"end":{"line":83,"column":9}},{"start":{},"end":{}}],"line":80},"8":{"loc":{"start":{"line":86,"column":6},"end":{"line":92,"column":7}},"type":"if","locations":[{"start":{"line":86,"column":6},"end":{"line":92,"column":7}},{"start":{},"end":{}}],"line":86},"9":{"loc":{"start":{"line":88,"column":8},"end":{"line":91,"column":9}},"type":"if","locations":[{"start":{"line":88,"column":8},"end":{"line":91,"column":9}},{"start":{},"end":{}}],"line":88},"10":{"loc":{"start":{"line":94,"column":6},"end":{"line":100,"column":7}},"type":"if","locations":[{"start":{"line":94,"column":6},"end":{"line":100,"column":7}},{"start":{},"end":{}}],"line":94},"11":{"loc":{"start":{"line":96,"column":8},"end":{"line":99,"column":9}},"type":"if","locations":[{"start":{"line":96,"column":8},"end":{"line":99,"column":9}},{"start":{},"end":{}}],"line":96},"12":{"loc":{"start":{"line":102,"column":6},"end":{"line":108,"column":7}},"type":"if","locations":[{"start":{"line":102,"column":6},"end":{"line":108,"column":7}},{"start":{},"end":{}}],"line":102},"13":{"loc":{"start":{"line":104,"column":8},"end":{"line":107,"column":9}},"type":"if","locations":[{"start":{"line":104,"column":8},"end":{"line":107,"column":9}},{"start":{},"end":{}}],"line":104},"14":{"loc":{"start":{"line":110,"column":6},"end":{"line":116,"column":7}},"type":"if","locations":[{"start":{"line":110,"column":6},"end":{"line":116,"column":7}},{"start":{},"end":{}}],"line":110},"15":{"loc":{"start":{"line":112,"column":8},"end":{"line":115,"column":9}},"type":"if","locations":[{"start":{"line":112,"column":8},"end":{"line":115,"column":9}},{"start":{},"end":{}}],"line":112},"16":{"loc":{"start":{"line":118,"column":6},"end":{"line":120,"column":7}},"type":"if","locations":[{"start":{"line":118,"column":6},"end":{"line":120,"column":7}},{"start":{},"end":{}}],"line":118},"17":{"loc":{"start":{"line":126,"column":6},"end":{"line":129,"column":7}},"type":"if","locations":[{"start":{"line":126,"column":6},"end":{"line":129,"column":7}},{"start":{},"end":{}}],"line":126},"18":{"loc":{"start":{"line":131,"column":6},"end":{"line":134,"column":7}},"type":"if","locations":[{"start":{"line":131,"column":6},"end":{"line":134,"column":7}},{"start":{},"end":{}}],"line":131},"19":{"loc":{"start":{"line":136,"column":6},"end":{"line":139,"column":7}},"type":"if","locations":[{"start":{"line":136,"column":6},"end":{"line":139,"column":7}},{"start":{},"end":{}}],"line":136},"20":{"loc":{"start":{"line":141,"column":6},"end":{"line":144,"column":7}},"type":"if","locations":[{"start":{"line":141,"column":6},"end":{"line":144,"column":7}},{"start":{},"end":{}}],"line":141},"21":{"loc":{"start":{"line":146,"column":6},"end":{"line":148,"column":7}},"type":"if","locations":[{"start":{"line":146,"column":6},"end":{"line":148,"column":7}},{"start":{},"end":{}}],"line":146},"22":{"loc":{"start":{"line":154,"column":6},"end":{"line":157,"column":7}},"type":"if","locations":[{"start":{"line":154,"column":6},"end":{"line":157,"column":7}},{"start":{},"end":{}}],"line":154},"23":{"loc":{"start":{"line":159,"column":6},"end":{"line":165,"column":7}},"type":"if","locations":[{"start":{"line":159,"column":6},"end":{"line":165,"column":7}},{"start":{},"end":{}}],"line":159},"24":{"loc":{"start":{"line":161,"column":8},"end":{"line":164,"column":9}},"type":"if","locations":[{"start":{"line":161,"column":8},"end":{"line":164,"column":9}},{"start":{},"end":{}}],"line":161},"25":{"loc":{"start":{"line":167,"column":6},"end":{"line":170,"column":7}},"type":"if","locations":[{"start":{"line":167,"column":6},"end":{"line":170,"column":7}},{"start":{},"end":{}}],"line":167},"26":{"loc":{"start":{"line":172,"column":6},"end":{"line":175,"column":7}},"type":"if","locations":[{"start":{"line":172,"column":6},"end":{"line":175,"column":7}},{"start":{},"end":{}}],"line":172},"27":{"loc":{"start":{"line":177,"column":6},"end":{"line":179,"column":7}},"type":"if","locations":[{"start":{"line":177,"column":6},"end":{"line":179,"column":7}},{"start":{},"end":{}}],"line":177},"28":{"loc":{"start":{"line":185,"column":6},"end":{"line":188,"column":7}},"type":"if","locations":[{"start":{"line":185,"column":6},"end":{"line":188,"column":7}},{"start":{},"end":{}}],"line":185},"29":{"loc":{"start":{"line":190,"column":6},"end":{"line":196,"column":7}},"type":"if","locations":[{"start":{"line":190,"column":6},"end":{"line":196,"column":7}},{"start":{},"end":{}}],"line":190},"30":{"loc":{"start":{"line":192,"column":8},"end":{"line":195,"column":9}},"type":"if","locations":[{"start":{"line":192,"column":8},"end":{"line":195,"column":9}},{"start":{},"end":{}}],"line":192},"31":{"loc":{"start":{"line":198,"column":6},"end":{"line":204,"column":7}},"type":"if","locations":[{"start":{"line":198,"column":6},"end":{"line":204,"column":7}},{"start":{},"end":{}}],"line":198},"32":{"loc":{"start":{"line":200,"column":8},"end":{"line":203,"column":9}},"type":"if","locations":[{"start":{"line":200,"column":8},"end":{"line":203,"column":9}},{"start":{},"end":{}}],"line":200},"33":{"loc":{"start":{"line":206,"column":6},"end":{"line":212,"column":7}},"type":"if","locations":[{"start":{"line":206,"column":6},"end":{"line":212,"column":7}},{"start":{},"end":{}}],"line":206},"34":{"loc":{"start":{"line":208,"column":8},"end":{"line":211,"column":9}},"type":"if","locations":[{"start":{"line":208,"column":8},"end":{"line":211,"column":9}},{"start":{},"end":{}}],"line":208},"35":{"loc":{"start":{"line":214,"column":6},"end":{"line":217,"column":7}},"type":"if","locations":[{"start":{"line":214,"column":6},"end":{"line":217,"column":7}},{"start":{},"end":{}}],"line":214},"36":{"loc":{"start":{"line":219,"column":6},"end":{"line":221,"column":7}},"type":"if","locations":[{"start":{"line":219,"column":6},"end":{"line":221,"column":7}},{"start":{},"end":{}}],"line":219},"37":{"loc":{"start":{"line":227,"column":6},"end":{"line":230,"column":7}},"type":"if","locations":[{"start":{"line":227,"column":6},"end":{"line":230,"column":7}},{"start":{},"end":{}}],"line":227},"38":{"loc":{"start":{"line":232,"column":6},"end":{"line":235,"column":7}},"type":"if","locations":[{"start":{"line":232,"column":6},"end":{"line":235,"column":7}},{"start":{},"end":{}}],"line":232},"39":{"loc":{"start":{"line":237,"column":6},"end":{"line":240,"column":7}},"type":"if","locations":[{"start":{"line":237,"column":6},"end":{"line":240,"column":7}},{"start":{},"end":{}}],"line":237},"40":{"loc":{"start":{"line":242,"column":6},"end":{"line":245,"column":7}},"type":"if","locations":[{"start":{"line":242,"column":6},"end":{"line":245,"column":7}},{"start":{},"end":{}}],"line":242},"41":{"loc":{"start":{"line":247,"column":6},"end":{"line":250,"column":7}},"type":"if","locations":[{"start":{"line":247,"column":6},"end":{"line":250,"column":7}},{"start":{},"end":{}}],"line":247},"42":{"loc":{"start":{"line":252,"column":6},"end":{"line":255,"column":7}},"type":"if","locations":[{"start":{"line":252,"column":6},"end":{"line":255,"column":7}},{"start":{},"end":{}}],"line":252},"43":{"loc":{"start":{"line":257,"column":6},"end":{"line":259,"column":7}},"type":"if","locations":[{"start":{"line":257,"column":6},"end":{"line":259,"column":7}},{"start":{},"end":{}}],"line":257},"44":{"loc":{"start":{"line":307,"column":6},"end":{"line":309,"column":7}},"type":"if","locations":[{"start":{"line":307,"column":6},"end":{"line":309,"column":7}},{"start":{},"end":{}}],"line":307},"45":{"loc":{"start":{"line":307,"column":10},"end":{"line":307,"column":47}},"type":"binary-expr","locations":[{"start":{"line":307,"column":10},"end":{"line":307,"column":29}},{"start":{"line":307,"column":33},"end":{"line":307,"column":47}}],"line":307},"46":{"loc":{"start":{"line":313,"column":11},"end":{"line":313,"column":53}},"type":"cond-expr","locations":[{"start":{"line":313,"column":33},"end":{"line":313,"column":38}},{"start":{"line":313,"column":41},"end":{"line":313,"column":53}}],"line":313},"47":{"loc":{"start":{"line":329,"column":6},"end":{"line":331,"column":7}},"type":"if","locations":[{"start":{"line":329,"column":6},"end":{"line":331,"column":7}},{"start":{},"end":{}}],"line":329},"48":{"loc":{"start":{"line":329,"column":10},"end":{"line":329,"column":91}},"type":"binary-expr","locations":[{"start":{"line":329,"column":10},"end":{"line":329,"column":34}},{"start":{"line":329,"column":38},"end":{"line":329,"column":57}},{"start":{"line":329,"column":61},"end":{"line":329,"column":91}}],"line":329},"49":{"loc":{"start":{"line":347,"column":4},"end":{"line":358,"column":5}},"type":"if","locations":[{"start":{"line":347,"column":4},"end":{"line":358,"column":5}},{"start":{},"end":{}}],"line":347},"50":{"loc":{"start":{"line":347,"column":8},"end":{"line":347,"column":53}},"type":"binary-expr","locations":[{"start":{"line":347,"column":8},"end":{"line":347,"column":38}},{"start":{"line":347,"column":42},"end":{"line":347,"column":53}}],"line":347},"51":{"loc":{"start":{"line":350,"column":6},"end":{"line":352,"column":7}},"type":"if","locations":[{"start":{"line":350,"column":6},"end":{"line":352,"column":7}},{"start":{},"end":{}}],"line":350},"52":{"loc":{"start":{"line":355,"column":6},"end":{"line":357,"column":7}},"type":"if","locations":[{"start":{"line":355,"column":6},"end":{"line":357,"column":7}},{"start":{},"end":{}}],"line":355},"53":{"loc":{"start":{"line":355,"column":10},"end":{"line":355,"column":62}},"type":"binary-expr","locations":[{"start":{"line":355,"column":10},"end":{"line":355,"column":36}},{"start":{"line":355,"column":40},"end":{"line":355,"column":62}}],"line":355},"54":{"loc":{"start":{"line":361,"column":4},"end":{"line":383,"column":5}},"type":"if","locations":[{"start":{"line":361,"column":4},"end":{"line":383,"column":5}},{"start":{},"end":{}}],"line":361},"55":{"loc":{"start":{"line":363,"column":6},"end":{"line":370,"column":7}},"type":"if","locations":[{"start":{"line":363,"column":6},"end":{"line":370,"column":7}},{"start":{},"end":{}}],"line":363},"56":{"loc":{"start":{"line":364,"column":8},"end":{"line":367,"column":35}},"type":"binary-expr","locations":[{"start":{"line":364,"column":8},"end":{"line":364,"column":48}},{"start":{"line":365,"column":8},"end":{"line":365,"column":48}},{"start":{"line":366,"column":8},"end":{"line":366,"column":51}},{"start":{"line":367,"column":8},"end":{"line":367,"column":35}}],"line":364},"57":{"loc":{"start":{"line":373,"column":6},"end":{"line":380,"column":7}},"type":"if","locations":[{"start":{"line":373,"column":6},"end":{"line":380,"column":7}},{"start":{},"end":{}}],"line":373},"58":{"loc":{"start":{"line":374,"column":8},"end":{"line":377,"column":45}},"type":"binary-expr","locations":[{"start":{"line":374,"column":8},"end":{"line":374,"column":22}},{"start":{"line":375,"column":8},"end":{"line":375,"column":20}},{"start":{"line":376,"column":8},"end":{"line":376,"column":22}},{"start":{"line":377,"column":8},"end":{"line":377,"column":45}}],"line":374},"59":{"loc":{"start":{"line":395,"column":16},"end":{"line":395,"column":55}},"type":"binary-expr","locations":[{"start":{"line":395,"column":16},"end":{"line":395,"column":27}},{"start":{"line":395,"column":31},"end":{"line":395,"column":55}}],"line":395},"60":{"loc":{"start":{"line":430,"column":4},"end":{"line":432,"column":5}},"type":"if","locations":[{"start":{"line":430,"column":4},"end":{"line":432,"column":5}},{"start":{},"end":{}}],"line":430}},"s":{"0":19,"1":19,"2":19,"3":19,"4":24,"5":24,"6":24,"7":1,"8":24,"9":2,"10":2,"11":1,"12":24,"13":24,"14":24,"15":1,"16":1,"17":1,"18":1,"19":24,"20":1,"21":1,"22":1,"23":1,"24":24,"25":0,"26":0,"27":0,"28":0,"29":24,"30":0,"31":0,"32":0,"33":0,"34":24,"35":0,"36":0,"37":0,"38":0,"39":24,"40":1,"41":24,"42":24,"43":24,"44":0,"45":0,"46":24,"47":0,"48":0,"49":24,"50":0,"51":0,"52":24,"53":0,"54":0,"55":24,"56":0,"57":24,"58":24,"59":24,"60":0,"61":0,"62":24,"63":0,"64":0,"65":0,"66":0,"67":24,"68":0,"69":0,"70":24,"71":0,"72":0,"73":24,"74":0,"75":24,"76":24,"77":24,"78":0,"79":0,"80":24,"81":0,"82":0,"83":0,"84":0,"85":24,"86":0,"87":0,"88":0,"89":0,"90":24,"91":0,"92":0,"93":0,"94":0,"95":24,"96":0,"97":0,"98":24,"99":0,"100":24,"101":24,"102":24,"103":0,"104":0,"105":24,"106":0,"107":0,"108":24,"109":0,"110":0,"111":24,"112":0,"113":0,"114":24,"115":0,"116":0,"117":24,"118":0,"119":0,"120":24,"121":0,"122":24,"123":23,"124":5,"125":0,"126":0,"127":0,"128":5,"129":5,"130":5,"131":8,"132":1,"133":7,"134":4,"135":4,"136":4,"137":4,"138":4,"139":2,"140":1,"141":2,"142":4,"143":4,"144":4,"145":0,"146":0,"147":0,"148":0,"149":0,"150":0,"151":0,"152":0,"153":0,"154":0,"155":0,"156":0,"157":0,"158":0,"159":0,"160":0,"161":0,"162":0,"163":1,"164":1},"f":{"0":19,"1":19,"2":19,"3":24,"4":23,"5":5,"6":0,"7":5,"8":4,"9":0,"10":0,"11":1},"b":{"0":[18],"1":[24,0],"2":[24,24],"3":[1,23],"4":[2,22],"5":[1,1],"6":[1,23],"7":[1,0],"8":[1,23],"9":[1,0],"10":[0,24],"11":[0,0],"12":[0,24],"13":[0,0],"14":[0,24],"15":[0,0],"16":[1,23],"17":[0,24],"18":[0,24],"19":[0,24],"20":[0,24],"21":[0,24],"22":[0,24],"23":[0,24],"24":[0,0],"25":[0,24],"26":[0,24],"27":[0,24],"28":[0,24],"29":[0,24],"30":[0,0],"31":[0,24],"32":[0,0],"33":[0,24],"34":[0,0],"35":[0,24],"36":[0,24],"37":[0,24],"38":[0,24],"39":[0,24],"40":[0,24],"41":[0,24],"42":[0,24],"43":[0,24],"44":[1,7],"45":[8,7],"46":[2,2],"47":[1,1],"48":[2,1,1],"49":[0,0],"50":[0,0],"51":[0,0],"52":[0,0],"53":[0,0],"54":[0,0],"55":[0,0],"56":[0,0,0,0],"57":[0,0],"58":[0,0,0,0],"59":[0,0],"60":[0,0]},"inputSourceMap":null,"_coverageSchema":"1a1c01bbd47fc00a2c39e90264f33305004495a9","hash":"f6c345fa7ad969b74e8da0dde689bdd2a85d08cc"}
,"D:\\Uni Folder\\Senior (semester 2)\\FYP Project\\testluy-payment-sdk\\http\\DebugMonitor.js": {"path":"D:\\Uni Folder\\Senior (semester 2)\\FYP Project\\testluy-payment-sdk\\http\\DebugMonitor.js","statementMap":{"0":{"start":{"line":28,"column":4},"end":{"line":36,"column":6}},"1":{"start":{"line":39,"column":4},"end":{"line":39,"column":35}},"2":{"start":{"line":40,"column":4},"end":{"line":59,"column":6}},"3":{"start":{"line":62,"column":4},"end":{"line":62,"column":53}},"4":{"start":{"line":63,"column":4},"end":{"line":63,"column":49}},"5":{"start":{"line":64,"column":4},"end":{"line":64,"column":49}},"6":{"start":{"line":65,"column":4},"end":{"line":65,"column":51}},"7":{"start":{"line":66,"column":4},"end":{"line":66,"column":45}},"8":{"start":{"line":77,"column":4},"end":{"line":79,"column":5}},"9":{"start":{"line":78,"column":6},"end":{"line":78,"column":18}},"10":{"start":{"line":81,"column":22},"end":{"line":81,"column":39}},"11":{"start":{"line":82,"column":25},"end":{"line":88,"column":5}},"12":{"start":{"line":90,"column":4},"end":{"line":90,"column":52}},"13":{"start":{"line":91,"column":4},"end":{"line":91,"column":47}},"14":{"start":{"line":94,"column":21},"end":{"line":94,"column":42}},"15":{"start":{"line":95,"column":4},"end":{"line":98,"column":5}},"16":{"start":{"line":96,"column":28},"end":{"line":96,"column":92}},"17":{"start":{"line":97,"column":6},"end":{"line":97,"column":85}},"18":{"start":{"line":100,"column":4},"end":{"line":106,"column":5}},"19":{"start":{"line":101,"column":6},"end":{"line":105,"column":9}},"20":{"start":{"line":108,"column":4},"end":{"line":108,"column":24}},"21":{"start":{"line":122,"column":4},"end":{"line":124,"column":5}},"22":{"start":{"line":123,"column":6},"end":{"line":123,"column":18}},"23":{"start":{"line":126,"column":25},"end":{"line":126,"column":58}},"24":{"start":{"line":127,"column":4},"end":{"line":129,"column":5}},"25":{"start":{"line":128,"column":6},"end":{"line":128,"column":18}},"26":{"start":{"line":131,"column":20},"end":{"line":131,"column":37}},"27":{"start":{"line":132,"column":21},"end":{"line":132,"column":53}},"28":{"start":{"line":135,"column":4},"end":{"line":135,"column":51}},"29":{"start":{"line":136,"column":4},"end":{"line":136,"column":92}},"30":{"start":{"line":137,"column":4},"end":{"line":137,"column":92}},"31":{"start":{"line":138,"column":4},"end":{"line":139,"column":84}},"32":{"start":{"line":142,"column":21},"end":{"line":142,"column":42}},"33":{"start":{"line":143,"column":4},"end":{"line":159,"column":5}},"34":{"start":{"line":144,"column":30},"end":{"line":150,"column":7}},"35":{"start":{"line":152,"column":6},"end":{"line":152,"column":30}},"36":{"start":{"line":153,"column":6},"end":{"line":153,"column":40}},"37":{"start":{"line":154,"column":6},"end":{"line":154,"column":68}},"38":{"start":{"line":155,"column":6},"end":{"line":155,"column":68}},"39":{"start":{"line":156,"column":6},"end":{"line":156,"column":78}},"40":{"start":{"line":158,"column":6},"end":{"line":158,"column":77}},"41":{"start":{"line":162,"column":20},"end":{"line":162,"column":50}},"42":{"start":{"line":163,"column":4},"end":{"line":196,"column":5}},"43":{"start":{"line":164,"column":6},"end":{"line":164,"column":51}},"44":{"start":{"line":166,"column":6},"end":{"line":166,"column":49}},"45":{"start":{"line":169,"column":6},"end":{"line":172,"column":7}},"46":{"start":{"line":170,"column":31},"end":{"line":170,"column":98}},"47":{"start":{"line":171,"column":8},"end":{"line":171,"column":91}},"48":{"start":{"line":175,"column":6},"end":{"line":178,"column":7}},"49":{"start":{"line":176,"column":32},"end":{"line":176,"column":106}},"50":{"start":{"line":177,"column":8},"end":{"line":177,"column":99}},"51":{"start":{"line":181,"column":6},"end":{"line":190,"column":9}},"52":{"start":{"line":193,"column":6},"end":{"line":195,"column":7}},"53":{"start":{"line":194,"column":8},"end":{"line":194,"column":91}},"54":{"start":{"line":199,"column":4},"end":{"line":199,"column":41}},"55":{"start":{"line":201,"column":4},"end":{"line":208,"column":5}},"56":{"start":{"line":202,"column":6},"end":{"line":207,"column":9}},"57":{"start":{"line":210,"column":4},"end":{"line":215,"column":6}},"58":{"start":{"line":224,"column":4},"end":{"line":226,"column":5}},"59":{"start":{"line":225,"column":6},"end":{"line":225,"column":13}},"60":{"start":{"line":228,"column":20},"end":{"line":231,"column":5}},"61":{"start":{"line":233,"column":4},"end":{"line":235,"column":5}},"62":{"start":{"line":234,"column":6},"end":{"line":234,"column":40}},"63":{"start":{"line":237,"column":4},"end":{"line":239,"column":5}},"64":{"start":{"line":238,"column":6},"end":{"line":238,"column":34}},"65":{"start":{"line":241,"column":4},"end":{"line":241,"column":69}},"66":{"start":{"line":250,"column":4},"end":{"line":252,"column":5}},"67":{"start":{"line":251,"column":6},"end":{"line":251,"column":13}},"68":{"start":{"line":254,"column":20},"end":{"line":258,"column":5}},"69":{"start":{"line":260,"column":4},"end":{"line":262,"column":5}},"70":{"start":{"line":261,"column":6},"end":{"line":261,"column":41}},"71":{"start":{"line":264,"column":4},"end":{"line":266,"column":5}},"72":{"start":{"line":265,"column":6},"end":{"line":265,"column":35}},"73":{"start":{"line":268,"column":4},"end":{"line":268,"column":70}},"74":{"start":{"line":277,"column":4},"end":{"line":279,"column":5}},"75":{"start":{"line":278,"column":6},"end":{"line":278,"column":13}},"76":{"start":{"line":281,"column":20},"end":{"line":284,"column":5}},"77":{"start":{"line":287,"column":4},"end":{"line":300,"column":5}},"78":{"start":{"line":288,"column":6},"end":{"line":291,"column":8}},"79":{"start":{"line":293,"column":6},"end":{"line":295,"column":7}},"80":{"start":{"line":294,"column":8},"end":{"line":294,"column":55}},"81":{"start":{"line":297,"column":6},"end":{"line":299,"column":7}},"82":{"start":{"line":298,"column":8},"end":{"line":298,"column":49}},"83":{"start":{"line":303,"column":4},"end":{"line":316,"column":5}},"84":{"start":{"line":304,"column":6},"end":{"line":307,"column":8}},"85":{"start":{"line":309,"column":6},"end":{"line":311,"column":7}},"86":{"start":{"line":310,"column":8},"end":{"line":310,"column":58}},"87":{"start":{"line":313,"column":6},"end":{"line":315,"column":7}},"88":{"start":{"line":314,"column":8},"end":{"line":314,"column":52}},"89":{"start":{"line":318,"column":4},"end":{"line":318,"column":67}},"90":{"start":{"line":327,"column":4},"end":{"line":329,"column":5}},"91":{"start":{"line":328,"column":6},"end":{"line":328,"column":32}},"92":{"start":{"line":331,"column":4},"end":{"line":358,"column":6}},"93":{"start":{"line":344,"column":94},"end":{"line":350,"column":11}},"94":{"start":{"line":367,"column":4},"end":{"line":369,"column":5}},"95":{"start":{"line":368,"column":6},"end":{"line":368,"column":16}},"96":{"start":{"line":371,"column":24},"end":{"line":371,"column":26}},"97":{"start":{"line":372,"column":20},"end":{"line":372,"column":48}},"98":{"start":{"line":375,"column":26},"end":{"line":377,"column":50}},"99":{"start":{"line":376,"column":31},"end":{"line":376,"column":52}},"100":{"start":{"line":377,"column":22},"end":{"line":377,"column":49}},"101":{"start":{"line":379,"column":4},"end":{"line":386,"column":5}},"102":{"start":{"line":380,"column":6},"end":{"line":385,"column":9}},"103":{"start":{"line":389,"column":22},"end":{"line":391,"column":9}},"104":{"start":{"line":393,"column":4},"end":{"line":400,"column":5}},"105":{"start":{"line":394,"column":6},"end":{"line":399,"column":9}},"106":{"start":{"line":403,"column":29},"end":{"line":404,"column":34}},"107":{"start":{"line":404,"column":22},"end":{"line":404,"column":33}},"108":{"start":{"line":406,"column":4},"end":{"line":414,"column":5}},"109":{"start":{"line":407,"column":33},"end":{"line":407,"column":52}},"110":{"start":{"line":408,"column":6},"end":{"line":413,"column":9}},"111":{"start":{"line":417,"column":30},"end":{"line":418,"column":34}},"112":{"start":{"line":418,"column":22},"end":{"line":418,"column":33}},"113":{"start":{"line":420,"column":4},"end":{"line":453,"column":5}},"114":{"start":{"line":421,"column":34},"end":{"line":421,"column":54}},"115":{"start":{"line":424,"column":6},"end":{"line":452,"column":7}},"116":{"start":{"line":425,"column":8},"end":{"line":430,"column":11}},"117":{"start":{"line":431,"column":13},"end":{"line":452,"column":7}},"118":{"start":{"line":432,"column":8},"end":{"line":437,"column":11}},"119":{"start":{"line":438,"column":13},"end":{"line":452,"column":7}},"120":{"start":{"line":439,"column":8},"end":{"line":444,"column":11}},"121":{"start":{"line":445,"column":13},"end":{"line":452,"column":7}},"122":{"start":{"line":446,"column":8},"end":{"line":451,"column":11}},"123":{"start":{"line":455,"column":4},"end":{"line":455,"column":23}},"124":{"start":{"line":464,"column":20},"end":{"line":464,"column":48}},"125":{"start":{"line":465,"column":24},"end":{"line":465,"column":65}},"126":{"start":{"line":468,"column":24},"end":{"line":470,"column":9}},"127":{"start":{"line":473,"column":23},"end":{"line":473,"column":29}},"128":{"start":{"line":474,"column":25},"end":{"line":474,"column":27}},"129":{"start":{"line":476,"column":4},"end":{"line":482,"column":5}},"130":{"start":{"line":477,"column":6},"end":{"line":477,"column":28}},"131":{"start":{"line":478,"column":6},"end":{"line":478,"column":44}},"132":{"start":{"line":479,"column":11},"end":{"line":482,"column":5}},"133":{"start":{"line":480,"column":6},"end":{"line":480,"column":28}},"134":{"start":{"line":481,"column":6},"end":{"line":481,"column":49}},"135":{"start":{"line":484,"column":4},"end":{"line":487,"column":5}},"136":{"start":{"line":485,"column":6},"end":{"line":485,"column":69}},"137":{"start":{"line":486,"column":6},"end":{"line":486,"column":54}},"138":{"start":{"line":490,"column":26},"end":{"line":490,"column":30}},"139":{"start":{"line":491,"column":22},"end":{"line":491,"column":23}},"140":{"start":{"line":493,"column":4},"end":{"line":498,"column":7}},"141":{"start":{"line":494,"column":6},"end":{"line":497,"column":7}},"142":{"start":{"line":495,"column":8},"end":{"line":495,"column":35}},"143":{"start":{"line":496,"column":8},"end":{"line":496,"column":37}},"144":{"start":{"line":500,"column":4},"end":{"line":520,"column":6}},"145":{"start":{"line":527,"column":4},"end":{"line":527,"column":31}},"146":{"start":{"line":528,"column":4},"end":{"line":547,"column":6}},"147":{"start":{"line":549,"column":4},"end":{"line":551,"column":5}},"148":{"start":{"line":550,"column":6},"end":{"line":550,"column":74}},"149":{"start":{"line":560,"column":4},"end":{"line":562,"column":5}},"150":{"start":{"line":561,"column":6},"end":{"line":561,"column":45}},"151":{"start":{"line":564,"column":4},"end":{"line":566,"column":5}},"152":{"start":{"line":565,"column":6},"end":{"line":565,"column":63}},"153":{"start":{"line":568,"column":4},"end":{"line":570,"column":5}},"154":{"start":{"line":569,"column":6},"end":{"line":569,"column":53}},"155":{"start":{"line":572,"column":4},"end":{"line":574,"column":5}},"156":{"start":{"line":573,"column":6},"end":{"line":573,"column":59}},"157":{"start":{"line":576,"column":4},"end":{"line":578,"column":5}},"158":{"start":{"line":577,"column":6},"end":{"line":577,"column":53}},"159":{"start":{"line":580,"column":4},"end":{"line":582,"column":5}},"160":{"start":{"line":581,"column":6},"end":{"line":581,"column":57}},"161":{"start":{"line":584,"column":4},"end":{"line":586,"column":5}},"162":{"start":{"line":585,"column":6},"end":{"line":585,"column":43}},"163":{"start":{"line":588,"column":4},"end":{"line":594,"column":5}},"164":{"start":{"line":589,"column":6},"end":{"line":593,"column":9}},"165":{"start":{"line":605,"column":4},"end":{"line":632,"column":5}},"166":{"start":{"line":607,"column":30},"end":{"line":607,"column":47}},"167":{"start":{"line":611,"column":6},"end":{"line":616,"column":7}},"168":{"start":{"line":612,"column":23},"end":{"line":612,"column":47}},"169":{"start":{"line":613,"column":8},"end":{"line":613,"column":31}},"170":{"start":{"line":615,"column":8},"end":{"line":615,"column":31}},"171":{"start":{"line":619,"column":6},"end":{"line":619,"column":38}},"172":{"start":{"line":622,"column":6},"end":{"line":624,"column":7}},"173":{"start":{"line":623,"column":8},"end":{"line":623,"column":38}},"174":{"start":{"line":628,"column":6},"end":{"line":629,"column":47}},"175":{"start":{"line":631,"column":6},"end":{"line":631,"column":17}}},"fnMap":{"0":{"name":"(anonymous_0)","decl":{"start":{"line":27,"column":2},"end":{"line":27,"column":3}},"loc":{"start":{"line":27,"column":28},"end":{"line":67,"column":3}},"line":27},"1":{"name":"(anonymous_1)","decl":{"start":{"line":76,"column":2},"end":{"line":76,"column":3}},"loc":{"start":{"line":76,"column":44},"end":{"line":109,"column":3}},"line":76},"2":{"name":"(anonymous_2)","decl":{"start":{"line":121,"column":2},"end":{"line":121,"column":3}},"loc":{"start":{"line":121,"column":43},"end":{"line":216,"column":3}},"line":121},"3":{"name":"(anonymous_3)","decl":{"start":{"line":223,"column":2},"end":{"line":223,"column":3}},"loc":{"start":{"line":223,"column":22},"end":{"line":242,"column":3}},"line":223},"4":{"name":"(anonymous_4)","decl":{"start":{"line":249,"column":2},"end":{"line":249,"column":3}},"loc":{"start":{"line":249,"column":24},"end":{"line":269,"column":3}},"line":249},"5":{"name":"(anonymous_5)","decl":{"start":{"line":276,"column":2},"end":{"line":276,"column":3}},"loc":{"start":{"line":276,"column":18},"end":{"line":319,"column":3}},"line":276},"6":{"name":"(anonymous_6)","decl":{"start":{"line":326,"column":2},"end":{"line":326,"column":3}},"loc":{"start":{"line":326,"column":26},"end":{"line":359,"column":3}},"line":326},"7":{"name":"(anonymous_7)","decl":{"start":{"line":344,"column":76},"end":{"line":344,"column":77}},"loc":{"start":{"line":344,"column":94},"end":{"line":350,"column":11}},"line":344},"8":{"name":"(anonymous_8)","decl":{"start":{"line":366,"column":2},"end":{"line":366,"column":3}},"loc":{"start":{"line":366,"column":39},"end":{"line":456,"column":3}},"line":366},"9":{"name":"(anonymous_9)","decl":{"start":{"line":376,"column":14},"end":{"line":376,"column":15}},"loc":{"start":{"line":376,"column":31},"end":{"line":376,"column":52}},"line":376},"10":{"name":"(anonymous_10)","decl":{"start":{"line":377,"column":12},"end":{"line":377,"column":13}},"loc":{"start":{"line":377,"column":22},"end":{"line":377,"column":49}},"line":377},"11":{"name":"(anonymous_11)","decl":{"start":{"line":404,"column":12},"end":{"line":404,"column":13}},"loc":{"start":{"line":404,"column":22},"end":{"line":404,"column":33}},"line":404},"12":{"name":"(anonymous_12)","decl":{"start":{"line":418,"column":12},"end":{"line":418,"column":13}},"loc":{"start":{"line":418,"column":22},"end":{"line":418,"column":33}},"line":418},"13":{"name":"(anonymous_13)","decl":{"start":{"line":463,"column":2},"end":{"line":463,"column":3}},"loc":{"start":{"line":463,"column":27},"end":{"line":521,"column":3}},"line":463},"14":{"name":"(anonymous_14)","decl":{"start":{"line":493,"column":55},"end":{"line":493,"column":56}},"loc":{"start":{"line":493,"column":79},"end":{"line":498,"column":5}},"line":493},"15":{"name":"(anonymous_15)","decl":{"start":{"line":526,"column":2},"end":{"line":526,"column":3}},"loc":{"start":{"line":526,"column":17},"end":{"line":552,"column":3}},"line":526},"16":{"name":"(anonymous_16)","decl":{"start":{"line":559,"column":2},"end":{"line":559,"column":3}},"loc":{"start":{"line":559,"column":29},"end":{"line":595,"column":3}},"line":559},"17":{"name":"(anonymous_17)","decl":{"start":{"line":604,"column":2},"end":{"line":604,"column":3}},"loc":{"start":{"line":604,"column":24},"end":{"line":633,"column":3}},"line":604}},"branchMap":{"0":{"loc":{"start":{"line":27,"column":14},"end":{"line":27,"column":26}},"type":"default-arg","locations":[{"start":{"line":27,"column":24},"end":{"line":27,"column":26}}],"line":27},"1":{"loc":{"start":{"line":29,"column":15},"end":{"line":29,"column":39}},"type":"binary-expr","locations":[{"start":{"line":29,"column":15},"end":{"line":29,"column":30}},{"start":{"line":29,"column":34},"end":{"line":29,"column":39}}],"line":29},"2":{"loc":{"start":{"line":30,"column":24},"end":{"line":30,"column":57}},"type":"binary-expr","locations":[{"start":{"line":30,"column":24},"end":{"line":30,"column":48}},{"start":{"line":30,"column":52},"end":{"line":30,"column":57}}],"line":30},"3":{"loc":{"start":{"line":31,"column":19},"end":{"line":31,"column":47}},"type":"binary-expr","locations":[{"start":{"line":31,"column":19},"end":{"line":31,"column":38}},{"start":{"line":31,"column":42},"end":{"line":31,"column":47}}],"line":31},"4":{"loc":{"start":{"line":32,"column":22},"end":{"line":32,"column":53}},"type":"binary-expr","locations":[{"start":{"line":32,"column":22},"end":{"line":32,"column":44}},{"start":{"line":32,"column":48},"end":{"line":32,"column":53}}],"line":32},"5":{"loc":{"start":{"line":33,"column":19},"end":{"line":33,"column":47}},"type":"binary-expr","locations":[{"start":{"line":33,"column":19},"end":{"line":33,"column":38}},{"start":{"line":33,"column":42},"end":{"line":33,"column":47}}],"line":33},"6":{"loc":{"start":{"line":35,"column":14},"end":{"line":35,"column":38}},"type":"binary-expr","locations":[{"start":{"line":35,"column":14},"end":{"line":35,"column":28}},{"start":{"line":35,"column":32},"end":{"line":35,"column":38}}],"line":35},"7":{"loc":{"start":{"line":76,"column":26},"end":{"line":76,"column":42}},"type":"default-arg","locations":[{"start":{"line":76,"column":40},"end":{"line":76,"column":42}}],"line":76},"8":{"loc":{"start":{"line":77,"column":4},"end":{"line":79,"column":5}},"type":"if","locations":[{"start":{"line":77,"column":4},"end":{"line":79,"column":5}},{"start":{},"end":{}}],"line":77},"9":{"loc":{"start":{"line":77,"column":8},"end":{"line":77,"column":63}},"type":"binary-expr","locations":[{"start":{"line":77,"column":8},"end":{"line":77,"column":29}},{"start":{"line":77,"column":33},"end":{"line":77,"column":63}}],"line":77},"10":{"loc":{"start":{"line":85,"column":14},"end":{"line":85,"column":45}},"type":"binary-expr","locations":[{"start":{"line":85,"column":14},"end":{"line":85,"column":32}},{"start":{"line":85,"column":36},"end":{"line":85,"column":45}}],"line":85},"11":{"loc":{"start":{"line":86,"column":11},"end":{"line":86,"column":39}},"type":"binary-expr","locations":[{"start":{"line":86,"column":11},"end":{"line":86,"column":26}},{"start":{"line":86,"column":30},"end":{"line":86,"column":39}}],"line":86},"12":{"loc":{"start":{"line":87,"column":38},"end":{"line":87,"column":59}},"type":"binary-expr","locations":[{"start":{"line":87,"column":38},"end":{"line":87,"column":53}},{"start":{"line":87,"column":57},"end":{"line":87,"column":59}}],"line":87},"13":{"loc":{"start":{"line":95,"column":4},"end":{"line":98,"column":5}},"type":"if","locations":[{"start":{"line":95,"column":4},"end":{"line":98,"column":5}},{"start":{},"end":{}}],"line":95},"14":{"loc":{"start":{"line":96,"column":28},"end":{"line":96,"column":92}},"type":"binary-expr","locations":[{"start":{"line":96,"column":28},"end":{"line":96,"column":87}},{"start":{"line":96,"column":91},"end":{"line":96,"column":92}}],"line":96},"15":{"loc":{"start":{"line":100,"column":4},"end":{"line":106,"column":5}},"type":"if","locations":[{"start":{"line":100,"column":4},"end":{"line":106,"column":5}},{"start":{},"end":{}}],"line":100},"16":{"loc":{"start":{"line":121,"column":24},"end":{"line":121,"column":41}},"type":"default-arg","locations":[{"start":{"line":121,"column":39},"end":{"line":121,"column":41}}],"line":121},"17":{"loc":{"start":{"line":122,"column":4},"end":{"line":124,"column":5}},"type":"if","locations":[{"start":{"line":122,"column":4},"end":{"line":124,"column":5}},{"start":{},"end":{}}],"line":122},"18":{"loc":{"start":{"line":122,"column":8},"end":{"line":122,"column":63}},"type":"binary-expr","locations":[{"start":{"line":122,"column":8},"end":{"line":122,"column":29}},{"start":{"line":122,"column":33},"end":{"line":122,"column":63}}],"line":122},"19":{"loc":{"start":{"line":127,"column":4},"end":{"line":129,"column":5}},"type":"if","locations":[{"start":{"line":127,"column":4},"end":{"line":129,"column":5}},{"start":{},"end":{}}],"line":127},"20":{"loc":{"start":{"line":143,"column":4},"end":{"line":159,"column":5}},"type":"if","locations":[{"start":{"line":143,"column":4},"end":{"line":159,"column":5}},{"start":{},"end":{}}],"line":143},"21":{"loc":{"start":{"line":144,"column":30},"end":{"line":150,"column":7}},"type":"binary-expr","locations":[{"start":{"line":144,"column":30},"end":{"line":144,"column":83}},{"start":{"line":144,"column":87},"end":{"line":150,"column":7}}],"line":144},"22":{"loc":{"start":{"line":163,"column":4},"end":{"line":196,"column":5}},"type":"if","locations":[{"start":{"line":163,"column":4},"end":{"line":196,"column":5}},{"start":{"line":165,"column":11},"end":{"line":196,"column":5}}],"line":163},"23":{"loc":{"start":{"line":169,"column":6},"end":{"line":172,"column":7}},"type":"if","locations":[{"start":{"line":169,"column":6},"end":{"line":172,"column":7}},{"start":{},"end":{}}],"line":169},"24":{"loc":{"start":{"line":170,"column":31},"end":{"line":170,"column":98}},"type":"binary-expr","locations":[{"start":{"line":170,"column":31},"end":{"line":170,"column":93}},{"start":{"line":170,"column":97},"end":{"line":170,"column":98}}],"line":170},"25":{"loc":{"start":{"line":175,"column":6},"end":{"line":178,"column":7}},"type":"if","locations":[{"start":{"line":175,"column":6},"end":{"line":178,"column":7}},{"start":{},"end":{}}],"line":175},"26":{"loc":{"start":{"line":176,"column":32},"end":{"line":176,"column":106}},"type":"binary-expr","locations":[{"start":{"line":176,"column":32},"end":{"line":176,"column":101}},{"start":{"line":176,"column":105},"end":{"line":176,"column":106}}],"line":176},"27":{"loc":{"start":{"line":193,"column":6},"end":{"line":195,"column":7}},"type":"if","locations":[{"start":{"line":193,"column":6},"end":{"line":195,"column":7}},{"start":{},"end":{}}],"line":193},"28":{"loc":{"start":{"line":201,"column":4},"end":{"line":208,"column":5}},"type":"if","locations":[{"start":{"line":201,"column":4},"end":{"line":208,"column":5}},{"start":{},"end":{}}],"line":201},"29":{"loc":{"start":{"line":224,"column":4},"end":{"line":226,"column":5}},"type":"if","locations":[{"start":{"line":224,"column":4},"end":{"line":226,"column":5}},{"start":{},"end":{}}],"line":224},"30":{"loc":{"start":{"line":224,"column":8},"end":{"line":224,"column":58}},"type":"binary-expr","locations":[{"start":{"line":224,"column":8},"end":{"line":224,"column":29}},{"start":{"line":224,"column":33},"end":{"line":224,"column":58}}],"line":224},"31":{"loc":{"start":{"line":233,"column":4},"end":{"line":235,"column":5}},"type":"if","locations":[{"start":{"line":233,"column":4},"end":{"line":235,"column":5}},{"start":{},"end":{}}],"line":233},"32":{"loc":{"start":{"line":233,"column":8},"end":{"line":233,"column":54}},"type":"binary-expr","locations":[{"start":{"line":233,"column":8},"end":{"line":233,"column":35}},{"start":{"line":233,"column":39},"end":{"line":233,"column":54}}],"line":233},"33":{"loc":{"start":{"line":237,"column":4},"end":{"line":239,"column":5}},"type":"if","locations":[{"start":{"line":237,"column":4},"end":{"line":239,"column":5}},{"start":{},"end":{}}],"line":237},"34":{"loc":{"start":{"line":237,"column":8},"end":{"line":237,"column":48}},"type":"binary-expr","locations":[{"start":{"line":237,"column":8},"end":{"line":237,"column":32}},{"start":{"line":237,"column":36},"end":{"line":237,"column":48}}],"line":237},"35":{"loc":{"start":{"line":250,"column":4},"end":{"line":252,"column":5}},"type":"if","locations":[{"start":{"line":250,"column":4},"end":{"line":252,"column":5}},{"start":{},"end":{}}],"line":250},"36":{"loc":{"start":{"line":250,"column":8},"end":{"line":250,"column":58}},"type":"binary-expr","locations":[{"start":{"line":250,"column":8},"end":{"line":250,"column":29}},{"start":{"line":250,"column":33},"end":{"line":250,"column":58}}],"line":250},"37":{"loc":{"start":{"line":257,"column":11},"end":{"line":257,"column":44}},"type":"binary-expr","locations":[{"start":{"line":257,"column":11},"end":{"line":257,"column":31}},{"start":{"line":257,"column":35},"end":{"line":257,"column":44}}],"line":257},"38":{"loc":{"start":{"line":260,"column":4},"end":{"line":262,"column":5}},"type":"if","locations":[{"start":{"line":260,"column":4},"end":{"line":262,"column":5}},{"start":{},"end":{}}],"line":260},"39":{"loc":{"start":{"line":260,"column":8},"end":{"line":260,"column":55}},"type":"binary-expr","locations":[{"start":{"line":260,"column":8},"end":{"line":260,"column":35}},{"start":{"line":260,"column":39},"end":{"line":260,"column":55}}],"line":260},"40":{"loc":{"start":{"line":264,"column":4},"end":{"line":266,"column":5}},"type":"if","locations":[{"start":{"line":264,"column":4},"end":{"line":266,"column":5}},{"start":{},"end":{}}],"line":264},"41":{"loc":{"start":{"line":264,"column":8},"end":{"line":264,"column":49}},"type":"binary-expr","locations":[{"start":{"line":264,"column":8},"end":{"line":264,"column":32}},{"start":{"line":264,"column":36},"end":{"line":264,"column":49}}],"line":264},"42":{"loc":{"start":{"line":277,"column":4},"end":{"line":279,"column":5}},"type":"if","locations":[{"start":{"line":277,"column":4},"end":{"line":279,"column":5}},{"start":{},"end":{}}],"line":277},"43":{"loc":{"start":{"line":287,"column":4},"end":{"line":300,"column":5}},"type":"if","locations":[{"start":{"line":287,"column":4},"end":{"line":300,"column":5}},{"start":{},"end":{}}],"line":287},"44":{"loc":{"start":{"line":293,"column":6},"end":{"line":295,"column":7}},"type":"if","locations":[{"start":{"line":293,"column":6},"end":{"line":295,"column":7}},{"start":{},"end":{}}],"line":293},"45":{"loc":{"start":{"line":293,"column":10},"end":{"line":293,"column":61}},"type":"binary-expr","locations":[{"start":{"line":293,"column":10},"end":{"line":293,"column":37}},{"start":{"line":293,"column":41},"end":{"line":293,"column":61}}],"line":293},"46":{"loc":{"start":{"line":297,"column":6},"end":{"line":299,"column":7}},"type":"if","locations":[{"start":{"line":297,"column":6},"end":{"line":299,"column":7}},{"start":{},"end":{}}],"line":297},"47":{"loc":{"start":{"line":297,"column":10},"end":{"line":297,"column":55}},"type":"binary-expr","locations":[{"start":{"line":297,"column":10},"end":{"line":297,"column":34}},{"start":{"line":297,"column":38},"end":{"line":297,"column":55}}],"line":297},"48":{"loc":{"start":{"line":303,"column":4},"end":{"line":316,"column":5}},"type":"if","locations":[{"start":{"line":303,"column":4},"end":{"line":316,"column":5}},{"start":{},"end":{}}],"line":303},"49":{"loc":{"start":{"line":309,"column":6},"end":{"line":311,"column":7}},"type":"if","locations":[{"start":{"line":309,"column":6},"end":{"line":311,"column":7}},{"start":{},"end":{}}],"line":309},"50":{"loc":{"start":{"line":309,"column":10},"end":{"line":309,"column":63}},"type":"binary-expr","locations":[{"start":{"line":309,"column":10},"end":{"line":309,"column":37}},{"start":{"line":309,"column":41},"end":{"line":309,"column":63}}],"line":309},"51":{"loc":{"start":{"line":313,"column":6},"end":{"line":315,"column":7}},"type":"if","locations":[{"start":{"line":313,"column":6},"end":{"line":315,"column":7}},{"start":{},"end":{}}],"line":313},"52":{"loc":{"start":{"line":313,"column":10},"end":{"line":313,"column":57}},"type":"binary-expr","locations":[{"start":{"line":313,"column":10},"end":{"line":313,"column":34}},{"start":{"line":313,"column":38},"end":{"line":313,"column":57}}],"line":313},"53":{"loc":{"start":{"line":327,"column":4},"end":{"line":329,"column":5}},"type":"if","locations":[{"start":{"line":327,"column":4},"end":{"line":329,"column":5}},{"start":{},"end":{}}],"line":327},"54":{"loc":{"start":{"line":327,"column":8},"end":{"line":327,"column":63}},"type":"binary-expr","locations":[{"start":{"line":327,"column":8},"end":{"line":327,"column":29}},{"start":{"line":327,"column":33},"end":{"line":327,"column":63}}],"line":327},"55":{"loc":{"start":{"line":341,"column":13},"end":{"line":341,"column":97}},"type":"cond-expr","locations":[{"start":{"line":341,"column":61},"end":{"line":341,"column":62}},{"start":{"line":341,"column":65},"end":{"line":341,"column":97}}],"line":341},"56":{"loc":{"start":{"line":348,"column":19},"end":{"line":348,"column":57}},"type":"cond-expr","locations":[{"start":{"line":348,"column":44},"end":{"line":348,"column":45}},{"start":{"line":348,"column":48},"end":{"line":348,"column":57}}],"line":348},"57":{"loc":{"start":{"line":367,"column":4},"end":{"line":369,"column":5}},"type":"if","locations":[{"start":{"line":367,"column":4},"end":{"line":369,"column":5}},{"start":{},"end":{}}],"line":367},"58":{"loc":{"start":{"line":367,"column":8},"end":{"line":367,"column":63}},"type":"binary-expr","locations":[{"start":{"line":367,"column":8},"end":{"line":367,"column":29}},{"start":{"line":367,"column":33},"end":{"line":367,"column":63}}],"line":367},"59":{"loc":{"start":{"line":379,"column":4},"end":{"line":386,"column":5}},"type":"if","locations":[{"start":{"line":379,"column":4},"end":{"line":386,"column":5}},{"start":{},"end":{}}],"line":379},"60":{"loc":{"start":{"line":389,"column":22},"end":{"line":391,"column":9}},"type":"cond-expr","locations":[{"start":{"line":390,"column":8},"end":{"line":390,"column":73}},{"start":{"line":391,"column":8},"end":{"line":391,"column":9}}],"line":389},"61":{"loc":{"start":{"line":393,"column":4},"end":{"line":400,"column":5}},"type":"if","locations":[{"start":{"line":393,"column":4},"end":{"line":400,"column":5}},{"start":{},"end":{}}],"line":393},"62":{"loc":{"start":{"line":406,"column":4},"end":{"line":414,"column":5}},"type":"if","locations":[{"start":{"line":406,"column":4},"end":{"line":414,"column":5}},{"start":{},"end":{}}],"line":406},"63":{"loc":{"start":{"line":420,"column":4},"end":{"line":453,"column":5}},"type":"if","locations":[{"start":{"line":420,"column":4},"end":{"line":453,"column":5}},{"start":{},"end":{}}],"line":420},"64":{"loc":{"start":{"line":424,"column":6},"end":{"line":452,"column":7}},"type":"if","locations":[{"start":{"line":424,"column":6},"end":{"line":452,"column":7}},{"start":{"line":431,"column":13},"end":{"line":452,"column":7}}],"line":424},"65":{"loc":{"start":{"line":431,"column":13},"end":{"line":452,"column":7}},"type":"if","locations":[{"start":{"line":431,"column":13},"end":{"line":452,"column":7}},{"start":{"line":438,"column":13},"end":{"line":452,"column":7}}],"line":431},"66":{"loc":{"start":{"line":438,"column":13},"end":{"line":452,"column":7}},"type":"if","locations":[{"start":{"line":438,"column":13},"end":{"line":452,"column":7}},{"start":{"line":445,"column":13},"end":{"line":452,"column":7}}],"line":438},"67":{"loc":{"start":{"line":445,"column":13},"end":{"line":452,"column":7}},"type":"if","locations":[{"start":{"line":445,"column":13},"end":{"line":452,"column":7}},{"start":{},"end":{}}],"line":445},"68":{"loc":{"start":{"line":468,"column":24},"end":{"line":470,"column":9}},"type":"cond-expr","locations":[{"start":{"line":469,"column":8},"end":{"line":469,"column":75}},{"start":{"line":470,"column":8},"end":{"line":470,"column":9}}],"line":468},"69":{"loc":{"start":{"line":476,"column":4},"end":{"line":482,"column":5}},"type":"if","locations":[{"start":{"line":476,"column":4},"end":{"line":482,"column":5}},{"start":{"line":479,"column":11},"end":{"line":482,"column":5}}],"line":476},"70":{"loc":{"start":{"line":479,"column":11},"end":{"line":482,"column":5}},"type":"if","locations":[{"start":{"line":479,"column":11},"end":{"line":482,"column":5}},{"start":{},"end":{}}],"line":479},"71":{"loc":{"start":{"line":484,"column":4},"end":{"line":487,"column":5}},"type":"if","locations":[{"start":{"line":484,"column":4},"end":{"line":487,"column":5}},{"start":{},"end":{}}],"line":484},"72":{"loc":{"start":{"line":485,"column":21},"end":{"line":485,"column":68}},"type":"cond-expr","locations":[{"start":{"line":485,"column":47},"end":{"line":485,"column":53}},{"start":{"line":485,"column":56},"end":{"line":485,"column":68}}],"line":485},"73":{"loc":{"start":{"line":494,"column":6},"end":{"line":497,"column":7}},"type":"if","locations":[{"start":{"line":494,"column":6},"end":{"line":497,"column":7}},{"start":{},"end":{}}],"line":494},"74":{"loc":{"start":{"line":508,"column":25},"end":{"line":508,"column":101}},"type":"cond-expr","locations":[{"start":{"line":508,"column":43},"end":{"line":508,"column":93}},{"start":{"line":508,"column":96},"end":{"line":508,"column":101}}],"line":508},"75":{"loc":{"start":{"line":549,"column":4},"end":{"line":551,"column":5}},"type":"if","locations":[{"start":{"line":549,"column":4},"end":{"line":551,"column":5}},{"start":{},"end":{}}],"line":549},"76":{"loc":{"start":{"line":559,"column":15},"end":{"line":559,"column":27}},"type":"default-arg","locations":[{"start":{"line":559,"column":25},"end":{"line":559,"column":27}}],"line":559},"77":{"loc":{"start":{"line":560,"column":4},"end":{"line":562,"column":5}},"type":"if","locations":[{"start":{"line":560,"column":4},"end":{"line":562,"column":5}},{"start":{},"end":{}}],"line":560},"78":{"loc":{"start":{"line":564,"column":4},"end":{"line":566,"column":5}},"type":"if","locations":[{"start":{"line":564,"column":4},"end":{"line":566,"column":5}},{"start":{},"end":{}}],"line":564},"79":{"loc":{"start":{"line":568,"column":4},"end":{"line":570,"column":5}},"type":"if","locations":[{"start":{"line":568,"column":4},"end":{"line":570,"column":5}},{"start":{},"end":{}}],"line":568},"80":{"loc":{"start":{"line":572,"column":4},"end":{"line":574,"column":5}},"type":"if","locations":[{"start":{"line":572,"column":4},"end":{"line":574,"column":5}},{"start":{},"end":{}}],"line":572},"81":{"loc":{"start":{"line":576,"column":4},"end":{"line":578,"column":5}},"type":"if","locations":[{"start":{"line":576,"column":4},"end":{"line":578,"column":5}},{"start":{},"end":{}}],"line":576},"82":{"loc":{"start":{"line":580,"column":4},"end":{"line":582,"column":5}},"type":"if","locations":[{"start":{"line":580,"column":4},"end":{"line":582,"column":5}},{"start":{},"end":{}}],"line":580},"83":{"loc":{"start":{"line":584,"column":4},"end":{"line":586,"column":5}},"type":"if","locations":[{"start":{"line":584,"column":4},"end":{"line":586,"column":5}},{"start":{},"end":{}}],"line":584},"84":{"loc":{"start":{"line":588,"column":4},"end":{"line":594,"column":5}},"type":"if","locations":[{"start":{"line":588,"column":4},"end":{"line":594,"column":5}},{"start":{},"end":{}}],"line":588},"85":{"loc":{"start":{"line":611,"column":6},"end":{"line":616,"column":7}},"type":"if","locations":[{"start":{"line":611,"column":6},"end":{"line":616,"column":7}},{"start":{"line":614,"column":13},"end":{"line":616,"column":7}}],"line":611},"86":{"loc":{"start":{"line":622,"column":6},"end":{"line":624,"column":7}},"type":"if","locations":[{"start":{"line":622,"column":6},"end":{"line":624,"column":7}},{"start":{},"end":{}}],"line":622}},"s":{"0":0,"1":0,"2":0,"3":0,"4":0,"5":0,"6":0,"7":0,"8":0,"9":0,"10":0,"11":0,"12":0,"13":0,"14":0,"15":0,"16":0,"17":0,"18":0,"19":0,"20":0,"21":0,"22":0,"23":0,"24":0,"25":0,"26":0,"27":0,"28":0,"29":0,"30":0,"31":0,"32":0,"33":0,"34":0,"35":0,"36":0,"37":0,"38":0,"39":0,"40":0,"41":0,"42":0,"43":0,"44":0,"45":0,"46":0,"47":0,"48":0,"49":0,"50":0,"51":0,"52":0,"53":0,"54":0,"55":0,"56":0,"57":0,"58":0,"59":0,"60":0,"61":0,"62":0,"63":0,"64":0,"65":0,"66":0,"67":0,"68":0,"69":0,"70":0,"71":0,"72":0,"73":0,"74":0,"75":0,"76":0,"77":0,"78":0,"79":0,"80":0,"81":0,"82":0,"83":0,"84":0,"85":0,"86":0,"87":0,"88":0,"89":0,"90":0,"91":0,"92":0,"93":0,"94":0,"95":0,"96":0,"97":0,"98":0,"99":0,"100":0,"101":0,"102":0,"103":0,"104":0,"105":0,"106":0,"107":0,"108":0,"109":0,"110":0,"111":0,"112":0,"113":0,"114":0,"115":0,"116":0,"117":0,"118":0,"119":0,"120":0,"121":0,"122":0,"123":0,"124":0,"125":0,"126":0,"127":0,"128":0,"129":0,"130":0,"131":0,"132":0,"133":0,"134":0,"135":0,"136":0,"137":0,"138":0,"139":0,"140":0,"141":0,"142":0,"143":0,"144":0,"145":0,"146":0,"147":0,"148":0,"149":0,"150":0,"151":0,"152":0,"153":0,"154":0,"155":0,"156":0,"157":0,"158":0,"159":0,"160":0,"161":0,"162":0,"163":0,"164":0,"165":0,"166":0,"167":0,"168":0,"169":0,"170":0,"171":0,"172":0,"173":0,"174":0,"175":0},"f":{"0":0,"1":0,"2":0,"3":0,"4":0,"5":0,"6":0,"7":0,"8":0,"9":0,"10":0,"11":0,"12":0,"13":0,"14":0,"15":0,"16":0,"17":0},"b":{"0":[0],"1":[0,0],"2":[0,0],"3":[0,0],"4":[0,0],"5":[0,0],"6":[0,0],"7":[0],"8":[0,0],"9":[0,0],"10":[0,0],"11":[0,0],"12":[0,0],"13":[0,0],"14":[0,0],"15":[0,0],"16":[0],"17":[0,0],"18":[0,0],"19":[0,0],"20":[0,0],"21":[0,0],"22":[0,0],"23":[0,0],"24":[0,0],"25":[0,0],"26":[0,0],"27":[0,0],"28":[0,0],"29":[0,0],"30":[0,0],"31":[0,0],"32":[0,0],"33":[0,0],"34":[0,0],"35":[0,0],"36":[0,0],"37":[0,0],"38":[0,0],"39":[0,0],"40":[0,0],"41":[0,0],"42":[0,0],"43":[0,0],"44":[0,0],"45":[0,0],"46":[0,0],"47":[0,0],"48":[0,0],"49":[0,0],"50":[0,0],"51":[0,0],"52":[0,0],"53":[0,0],"54":[0,0],"55":[0,0],"56":[0,0],"57":[0,0],"58":[0,0],"59":[0,0],"60":[0,0],"61":[0,0],"62":[0,0],"63":[0,0],"64":[0,0],"65":[0,0],"66":[0,0],"67":[0,0],"68":[0,0],"69":[0,0],"70":[0,0],"71":[0,0],"72":[0,0],"73":[0,0],"74":[0,0],"75":[0,0],"76":[0],"77":[0,0],"78":[0,0],"79":[0,0],"80":[0,0],"81":[0,0],"82":[0,0],"83":[0,0],"84":[0,0],"85":[0,0],"86":[0,0]},"inputSourceMap":null}
,"D:\\Uni Folder\\Senior (semester 2)\\FYP Project\\testluy-payment-sdk\\http\\EnhancedErrorReporter.js": {"path":"D:\\Uni Folder\\Senior (semester 2)\\FYP Project\\testluy-payment-sdk\\http\\EnhancedErrorReporter.js","statementMap":{"0":{"start":{"line":17,"column":35},"end":{"line":22,"column":1}},"1":{"start":{"line":43,"column":4},"end":{"line":54,"column":6}},"2":{"start":{"line":57,"column":4},"end":{"line":57,"column":46}},"3":{"start":{"line":60,"column":4},"end":{"line":60,"column":77}},"4":{"start":{"line":63,"column":4},"end":{"line":63,"column":77}},"5":{"start":{"line":66,"column":4},"end":{"line":66,"column":67}},"6":{"start":{"line":76,"column":21},"end":{"line":76,"column":30}},"7":{"start":{"line":79,"column":4},"end":{"line":108,"column":7}},"8":{"start":{"line":111,"column":4},"end":{"line":138,"column":7}},"9":{"start":{"line":141,"column":4},"end":{"line":163,"column":7}},"10":{"start":{"line":165,"column":4},"end":{"line":165,"column":20}},"11":{"start":{"line":175,"column":21},"end":{"line":175,"column":30}},"12":{"start":{"line":177,"column":4},"end":{"line":191,"column":7}},"13":{"start":{"line":193,"column":4},"end":{"line":205,"column":7}},"14":{"start":{"line":207,"column":4},"end":{"line":219,"column":7}},"15":{"start":{"line":221,"column":4},"end":{"line":221,"column":20}},"16":{"start":{"line":231,"column":21},"end":{"line":231,"column":30}},"17":{"start":{"line":233,"column":4},"end":{"line":245,"column":7}},"18":{"start":{"line":247,"column":4},"end":{"line":259,"column":7}},"19":{"start":{"line":261,"column":4},"end":{"line":261,"column":20}},"20":{"start":{"line":272,"column":22},"end":{"line":272,"column":46}},"21":{"start":{"line":273,"column":21},"end":{"line":273,"column":45}},"22":{"start":{"line":276,"column":19},"end":{"line":291,"column":5}},"23":{"start":{"line":294,"column":4},"end":{"line":296,"column":5}},"24":{"start":{"line":295,"column":6},"end":{"line":295,"column":70}},"25":{"start":{"line":299,"column":4},"end":{"line":304,"column":5}},"26":{"start":{"line":300,"column":6},"end":{"line":303,"column":8}},"27":{"start":{"line":307,"column":4},"end":{"line":315,"column":5}},"28":{"start":{"line":311,"column":6},"end":{"line":314,"column":8}},"29":{"start":{"line":318,"column":4},"end":{"line":326,"column":5}},"30":{"start":{"line":322,"column":6},"end":{"line":325,"column":8}},"31":{"start":{"line":329,"column":4},"end":{"line":329,"column":57}},"32":{"start":{"line":332,"column":4},"end":{"line":332,"column":79}},"33":{"start":{"line":335,"column":4},"end":{"line":335,"column":40}},"34":{"start":{"line":337,"column":4},"end":{"line":337,"column":18}},"35":{"start":{"line":347,"column":22},"end":{"line":347,"column":45}},"36":{"start":{"line":348,"column":19},"end":{"line":348,"column":58}},"37":{"start":{"line":349,"column":4},"end":{"line":349,"column":40}},"38":{"start":{"line":361,"column":4},"end":{"line":368,"column":5}},"39":{"start":{"line":367,"column":6},"end":{"line":367,"column":23}},"40":{"start":{"line":371,"column":4},"end":{"line":375,"column":5}},"41":{"start":{"line":372,"column":21},"end":{"line":372,"column":59}},"42":{"start":{"line":373,"column":6},"end":{"line":373,"column":57}},"43":{"start":{"line":373,"column":41},"end":{"line":373,"column":57}},"44":{"start":{"line":374,"column":6},"end":{"line":374,"column":41}},"45":{"start":{"line":374,"column":25},"end":{"line":374,"column":41}},"46":{"start":{"line":378,"column":4},"end":{"line":380,"column":5}},"47":{"start":{"line":379,"column":6},"end":{"line":379,"column":32}},"48":{"start":{"line":383,"column":4},"end":{"line":385,"column":5}},"49":{"start":{"line":384,"column":6},"end":{"line":384,"column":21}},"50":{"start":{"line":388,"column":4},"end":{"line":393,"column":5}},"51":{"start":{"line":392,"column":6},"end":{"line":392,"column":26}},"52":{"start":{"line":395,"column":4},"end":{"line":395,"column":21}},"53":{"start":{"line":406,"column":4},"end":{"line":408,"column":5}},"54":{"start":{"line":407,"column":6},"end":{"line":407,"column":24}},"55":{"start":{"line":411,"column":4},"end":{"line":418,"column":64}},"56":{"start":{"line":430,"column":19},"end":{"line":438,"column":5}},"57":{"start":{"line":441,"column":4},"end":{"line":450,"column":5}},"58":{"start":{"line":442,"column":6},"end":{"line":449,"column":7}},"59":{"start":{"line":443,"column":8},"end":{"line":448,"column":9}},"60":{"start":{"line":444,"column":10},"end":{"line":444,"column":55}},"61":{"start":{"line":445,"column":10},"end":{"line":445,"column":62}},"62":{"start":{"line":446,"column":10},"end":{"line":446,"column":66}},"63":{"start":{"line":447,"column":10},"end":{"line":447,"column":16}},"64":{"start":{"line":452,"column":4},"end":{"line":452,"column":18}},"65":{"start":{"line":464,"column":19},"end":{"line":473,"column":5}},"66":{"start":{"line":476,"column":4},"end":{"line":485,"column":5}},"67":{"start":{"line":477,"column":6},"end":{"line":484,"column":7}},"68":{"start":{"line":478,"column":8},"end":{"line":483,"column":9}},"69":{"start":{"line":479,"column":10},"end":{"line":479,"column":55}},"70":{"start":{"line":480,"column":10},"end":{"line":480,"column":62}},"71":{"start":{"line":481,"column":10},"end":{"line":481,"column":66}},"72":{"start":{"line":482,"column":10},"end":{"line":482,"column":16}},"73":{"start":{"line":487,"column":4},"end":{"line":487,"column":18}},"74":{"start":{"line":498,"column":21},"end":{"line":505,"column":5}},"75":{"start":{"line":508,"column":19},"end":{"line":508,"column":79}},"76":{"start":{"line":508,"column":57},"end":{"line":508,"column":78}},"77":{"start":{"line":509,"column":4},"end":{"line":510,"column":67}},"78":{"start":{"line":510,"column":29},"end":{"line":510,"column":42}},"79":{"start":{"line":512,"column":4},"end":{"line":512,"column":20}},"80":{"start":{"line":524,"column":21},"end":{"line":531,"column":5}},"81":{"start":{"line":533,"column":4},"end":{"line":533,"column":20}},"82":{"start":{"line":546,"column":21},"end":{"line":551,"column":5}},"83":{"start":{"line":554,"column":4},"end":{"line":586,"column":5}},"84":{"start":{"line":556,"column":8},"end":{"line":560,"column":10}},"85":{"start":{"line":561,"column":8},"end":{"line":561,"column":14}},"86":{"start":{"line":564,"column":8},"end":{"line":568,"column":10}},"87":{"start":{"line":569,"column":8},"end":{"line":569,"column":14}},"88":{"start":{"line":572,"column":8},"end":{"line":576,"column":10}},"89":{"start":{"line":577,"column":8},"end":{"line":577,"column":14}},"90":{"start":{"line":580,"column":8},"end":{"line":584,"column":10}},"91":{"start":{"line":585,"column":8},"end":{"line":585,"column":14}},"92":{"start":{"line":589,"column":4},"end":{"line":594,"column":6}},"93":{"start":{"line":597,"column":4},"end":{"line":602,"column":6}},"94":{"start":{"line":605,"column":4},"end":{"line":615,"column":5}},"95":{"start":{"line":609,"column":30},"end":{"line":611,"column":7}},"96":{"start":{"line":612,"column":6},"end":{"line":614,"column":7}},"97":{"start":{"line":613,"column":8},"end":{"line":613,"column":63}},"98":{"start":{"line":617,"column":4},"end":{"line":617,"column":20}},"99":{"start":{"line":629,"column":4},"end":{"line":634,"column":5}},"100":{"start":{"line":633,"column":6},"end":{"line":633,"column":24}},"101":{"start":{"line":637,"column":4},"end":{"line":642,"column":5}},"102":{"start":{"line":641,"column":6},"end":{"line":641,"column":20}},"103":{"start":{"line":645,"column":4},"end":{"line":647,"column":5}},"104":{"start":{"line":646,"column":6},"end":{"line":646,"column":22}},"105":{"start":{"line":650,"column":4},"end":{"line":650,"column":17}},"106":{"start":{"line":661,"column":4},"end":{"line":666,"column":6}},"107":{"start":{"line":677,"column":4},"end":{"line":679,"column":6}},"108":{"start":{"line":690,"column":4},"end":{"line":692,"column":6}},"109":{"start":{"line":703,"column":21},"end":{"line":703,"column":23}},"110":{"start":{"line":706,"column":4},"end":{"line":716,"column":5}},"111":{"start":{"line":707,"column":6},"end":{"line":715,"column":7}},"112":{"start":{"line":708,"column":8},"end":{"line":714,"column":9}},"113":{"start"
[...]
],"line":442},"77":{"loc":{"start":{"line":508,"column":2},"end":{"line":514,"column":3}},"type":"if","locations":[{"start":{"line":508,"column":2},"end":{"line":514,"column":3}},{"start":{},"end":{}}],"line":508},"78":{"loc":{"start":{"line":508,"column":6},"end":{"line":508,"column":76}},"type":"binary-expr","locations":[{"start":{"line":508,"column":6},"end":{"line":508,"column":35}},{"start":{"line":508,"column":39},"end":{"line":508,"column":76}}],"line":508},"79":{"loc":{"start":{"line":517,"column":2},"end":{"line":530,"column":3}},"type":"if","locations":[{"start":{"line":517,"column":2},"end":{"line":530,"column":3}},{"start":{},"end":{}}],"line":517},"80":{"loc":{"start":{"line":517,"column":6},"end":{"line":517,"column":76}},"type":"binary-expr","locations":[{"start":{"line":517,"column":6},"end":{"line":517,"column":38}},{"start":{"line":517,"column":42},"end":{"line":517,"column":76}}],"line":517},"81":{"loc":{"start":{"line":518,"column":4},"end":{"line":529,"column":5}},"type":"switch","locations":[{"start":{"line":519,"column":6},"end":{"line":519,"column":37}},{"start":{"line":520,"column":6},"end":{"line":523,"column":14}},{"start":{"line":525,"column":6},"end":{"line":528,"column":14}}],"line":518},"82":{"loc":{"start":{"line":541,"column":9},"end":{"line":541,"column":89}},"type":"binary-expr","locations":[{"start":{"line":541,"column":9},"end":{"line":541,"column":46}},{"start":{"line":541,"column":50},"end":{"line":541,"column":89}}],"line":541}},"s":{"0":3,"1":3,"2":535,"3":535,"4":535,"5":31,"6":504,"7":0,"8":504,"9":0,"10":504,"11":0,"12":504,"13":0,"14":504,"15":0,"16":504,"17":0,"18":504,"19":0,"20":504,"21":0,"22":0,"23":0,"24":0,"25":0,"26":0,"27":0,"28":0,"29":0,"30":0,"31":0,"32":0,"33":0,"34":0,"35":504,"36":504,"37":0,"38":504,"39":80,"40":80,"41":0,"42":80,"43":80,"44":80,"45":0,"46":80,"47":0,"48":80,"49":0,"50":80,"51":6,"52":1,"53":5,"54":0,"55":5,"56":0,"57":5,"58":0,"59":0,"60":0,"61":0,"62":0,"63":0,"64":0,"65":0,"66":0,"67":0,"68":0,"69":0,"70":79,"71":0,"72":0,"73":0,"74":0,"75":0,"76":0,"77":0,"78":0,"79":0,"80":0,"81":79,"82":246,"83":246,"84":246,"85":14,"86":0,"87":0,"88":0,"89":0,"90":0,"91":232,"92":37,"93":37,"94":37,"95":37,"96":37,"97":37,"98":37,"99":0,"100":37,"101":34,"102":37,"103":34,"104":34,"105":34,"106":20,"107":2,"108":2,"109":2,"110":2,"111":0,"112":0,"113":0,"114":0,"115":0,"116":0,"117":0,"118":0,"119":0,"120":0,"121":0,"122":0,"123":0,"124":34,"125":0,"126":0,"127":34,"128":0,"129":0,"130":0,"131":0,"132":0,"133":0,"134":0,"135":34,"136":209,"137":209,"138":43,"139":43,"140":43,"141":43},"f":{"0":535,"1":80,"2":246,"3":37,"4":34,"5":209,"6":43},"b":{"0":[535,0],"1":[535,535],"2":[31,504],"3":[535,518,504],"4":[0,504],"5":[504,504,504],"6":[0,504],"7":[504,504,504],"8":[0,504],"9":[504,504,504],"10":[0,504],"11":[504,504],"12":[0,504],"13":[504,504,504],"14":[0,504],"15":[504,504],"16":[0,504],"17":[504,504,504,0],"18":[0,504],"19":[0,0],"20":[0,0],"21":[0,0],"22":[0,0],"23":[0,0],"24":[0,0],"25":[0,0],"26":[0,0],"27":[0,0],"28":[0,0,0],"29":[504,0],"30":[504,504],"31":[0,504],"32":[504,504,504],"33":[0,80],"34":[80,0],"35":[80,80],"36":[0,80],"37":[80,80],"38":[0,80],"39":[80,80],"40":[0,80],"41":[80,80],"42":[6,0,0],"43":[1,5],"44":[0,5],"45":[0,5],"46":[0,0],"47":[0,0],"48":[0,0],"49":[0,0],"50":[0,0],"51":[0,0],"52":[0,0],"53":[0,79],"54":[0,0],"55":[0,0],"56":[0,0,0,0],"57":[0,0],"58":[0,0],"59":[0,0],"60":[0,0],"61":[0,0],"62":[0,0],"63":[0],"64":[246,0],"65":[14,0,0,0,0,0,232],"66":[3],"67":[37,0],"68":[37,37],"69":[37,3],"70":[37,0],"71":[0,37],"72":[34,3],"73":[37,34],"74":[20,14],"75":[34,28],"76":[2,0,0,0,0],"77":[0,34],"78":[34,34],"79":[0,34],"80":[34,34],"81":[0,0,0],"82":[209,209]},"inputSourceMap":null,"_coverageSchema":"1a1c01bbd47fc00a2c39e90264f33305004495a9","hash":"43ab0ba0069aee6ab2bbed5cdfc86682334d04f3"}
,"D:\\Uni Folder\\Senior (semester 2)\\FYP Project\\testluy-payment-sdk\\http\\utils\\EnvironmentDetector.js": {"path":"D:\\Uni Folder\\Senior (semester 2)\\FYP Project\\testluy-payment-sdk\\http\\utils\\EnvironmentDetector.js","statementMap":{"0":{"start":{"line":16,"column":27},"end":{"line":22,"column":1}},"1":{"start":{"line":28,"column":27},"end":{"line":36,"column":1}},"2":{"start":{"line":44,"column":2},"end":{"line":48,"column":3}},"3":{"start":{"line":47,"column":4},"end":{"line":47,"column":28}},"4":{"start":{"line":51,"column":2},"end":{"line":54,"column":3}},"5":{"start":{"line":53,"column":4},"end":{"line":53,"column":36}},"6":{"start":{"line":57,"column":2},"end":{"line":61,"column":3}},"7":{"start":{"line":60,"column":4},"end":{"line":60,"column":38}},"8":{"start":{"line":64,"column":2},"end":{"line":67,"column":3}},"9":{"start":{"line":66,"column":4},"end":{"line":66,"column":38}},"10":{"start":{"line":70,"column":2},"end":{"line":70,"column":29}},"11":{"start":{"line":78,"column":22},"end":{"line":78,"column":41}},"12":{"start":{"line":80,"column":2},"end":{"line":83,"column":3}},"13":{"start":{"line":82,"column":4},"end":{"line":82,"column":16}},"14":{"start":{"line":85,"column":20},"end":{"line":85,"column":39}},"15":{"start":{"line":88,"column":2},"end":{"line":102,"column":3}},"16":{"start":{"line":89,"column":4},"end":{"line":89,"column":30}},"17":{"start":{"line":90,"column":9},"end":{"line":102,"column":3}},"18":{"start":{"line":91,"column":4},"end":{"line":91,"column":31}},"19":{"start":{"line":92,"column":9},"end":{"line":102,"column":3}},"20":{"start":{"line":93,"column":4},"end":{"line":93,"column":30}},"21":{"start":{"line":94,"column":9},"end":{"line":102,"column":3}},"22":{"start":{"line":95,"column":4},"end":{"line":95,"column":28}},"23":{"start":{"line":96,"column":9},"end":{"line":102,"column":3}},"24":{"start":{"line":97,"column":4},"end":{"line":97,"column":26}},"25":{"start":{"line":98,"column":9},"end":{"line":102,"column":3}},"26":{"start":{"line":99,"column":4},"end":{"line":99,"column":29}},"27":{"start":{"line":101,"column":4},"end":{"line":101,"column":29}},"28":{"start":{"line":110,"column":22},"end":{"line":110,"column":41}},"29":{"start":{"line":112,"column":2},"end":{"line":115,"column":3}},"30":{"start":{"line":114,"column":4},"end":{"line":114,"column":16}},"31":{"start":{"line":117,"column":18},"end":{"line":117,"column":33}},"32":{"start":{"line":118,"column":20},"end":{"line":118,"column":39}},"33":{"start":{"line":121,"column":2},"end":{"line":137,"column":3}},"34":{"start":{"line":123,"column":6},"end":{"line":123,"column":63}},"35":{"start":{"line":125,"column":6},"end":{"line":125,"column":64}},"36":{"start":{"line":127,"column":6},"end":{"line":127,"column":64}},"37":{"start":{"line":129,"column":6},"end":{"line":129,"column":60}},"38":{"start":{"line":131,"column":6},"end":{"line":131,"column":58}},"39":{"start":{"line":133,"column":6},"end":{"line":134,"column":62}},"40":{"start":{"line":136,"column":6},"end":{"line":136,"column":18}},"41":{"start":{"line":145,"column":22},"end":{"line":145,"column":41}},"42":{"start":{"line":147,"column":2},"end":{"line":182,"column":4}},"43":{"start":{"line":165,"column":6},"end":{"line":170,"column":7}},"44":{"start":{"line":166,"column":8},"end":{"line":166,"column":40}},"45":{"start":{"line":167,"column":8},"end":{"line":167,"column":20}},"46":{"start":{"line":169,"column":8},"end":{"line":169,"column":21}},"47":{"start":{"line":190,"column":22},"end":{"line":190,"column":41}},"48":{"start":{"line":191,"column":25},"end":{"line":191,"column":47}},"49":{"start":{"line":193,"column":15},"end":{"line":196,"column":3}},"50":{"start":{"line":199,"column":2},"end":{"line":216,"column":3}},"51":{"start":{"line":201,"column":4},"end":{"line":215,"column":6}},"52":{"start":{"line":219,"column":2},"end":{"line":225,"column":3}},"53":{"start":{"line":220,"column":4},"end":{"line":224,"column":6}},"54":{"start":{"line":227,"column":2},"end":{"line":227,"column":14}},"55":{"start":{"line":235,"column":22},"end":{"line":235,"column":41}},"56":{"start":{"line":236,"column":19},"end":{"line":236,"column":41}},"57":{"start":{"line":238,"column":2},"end":{"line":240,"column":3}},"58":{"start":{"line":239,"column":4},"end":{"line":239,"column":24}},"59":{"start":{"line":242,"column":2},"end":{"line":244,"column":3}},"60":{"start":{"line":243,"column":4},"end":{"line":243,"column":19}},"61":{"start":{"line":246,"column":2},"end":{"line":246,"column":15}},"62":{"start":{"line":254,"column":19},"end":{"line":254,"column":41}},"63":{"start":{"line":256,"column":2},"end":{"line":261,"column":4}}},"fnMap":{"0":{"name":"detectEnvironment","decl":{"start":{"line":42,"column":16},"end":{"line":42,"column":33}},"loc":{"start":{"line":42,"column":36},"end":{"line":71,"column":1}},"line":42},"1":{"name":"detectBrowser","decl":{"start":{"line":77,"column":16},"end":{"line":77,"column":29}},"loc":{"start":{"line":77,"column":32},"end":{"line":103,"column":1}},"line":77},"2":{"name":"detectBrowserVersion","decl":{"start":{"line":109,"column":16},"end":{"line":109,"column":36}},"loc":{"start":{"line":109,"column":39},"end":{"line":138,"column":1}},"line":109},"3":{"name":"detectFeatureSupport","decl":{"start":{"line":144,"column":16},"end":{"line":144,"column":36}},"loc":{"start":{"line":144,"column":39},"end":{"line":183,"column":1}},"line":144},"4":{"name":"(anonymous_4)","decl":{"start":{"line":164,"column":17},"end":{"line":164,"column":18}},"loc":{"start":{"line":164,"column":28},"end":{"line":171,"column":5}},"line":164},"5":{"name":"getEnvironmentInfo","decl":{"start":{"line":189,"column":16},"end":{"line":189,"column":34}},"loc":{"start":{"line":189,"column":37},"end":{"line":228,"column":1}},"line":189},"6":{"name":"getOptimalHttpClient","decl":{"start":{"line":234,"column":16},"end":{"line":234,"column":36}},"loc":{"start":{"line":234,"column":39},"end":{"line":247,"column":1}},"line":234},"7":{"name":"getRequiredPolyfills","decl":{"start":{"line":253,"column":16},"end":{"line":253,"column":36}},"loc":{"start":{"line":253,"column":39},"end":{"line":262,"column":1}},"line":253}},"branchMap":{"0":{"loc":{"start":{"line":44,"column":2},"end":{"line":48,"column":3}},"type":"if","locations":[{"start":{"line":44,"column":2},"end":{"line":48,"column":3}},{"start":{},"end":{}}],"line":44},"1":{"loc":{"start":{"line":44,"column":6},"end":{"line":46,"column":35}},"type":"binary-expr","locations":[{"start":{"line":44,"column":6},"end":{"line":44,"column":36}},{"start":{"line":45,"column":6},"end":{"line":45,"column":30}},{"start":{"line":46,"column":6},"end":{"line":46,"column":35}}],"line":44},"2":{"loc":{"start":{"line":51,"column":2},"end":{"line":54,"column":3}},"type":"if","locations":[{"start":{"line":51,"column":2},"end":{"line":54,"column":3}},{"start":{},"end":{}}],"line":51},"3":{"loc":{"start":{"line":51,"column":6},"end":{"line":52,"column":41}},"type":"binary-expr","locations":[{"start":{"line":51,"column":6},"end":{"line":51,"column":38}},{"start":{"line":52,"column":6},"end":{"line":52,"column":41}}],"line":51},"4":{"loc":{"start":{"line":57,"column":2},"end":{"line":61,"column":3}},"type":"if","locations":[{"start":{"line":57,"column":2},"end":{"line":61,"column":3}},{"start":{},"end":{}}],"line":57},"5":{"loc":{"start":{"line":57,"column":6},"end":{"line":59,"column":26}},"type":"binary-expr","locations":[{"start":{"line":57,"column":6},"end":{"line":57,"column":35}},{"start":{"line":58,"column":6},"end":{"line":58,"column":19}},{"start":{"line":59,"column":6},"end":{"line":59,"column":26}}],"line":57},"6":{"loc":{"start":{"line":64,"column":2},"end":{"line":67,"column":3}},"type":"if","locations":[{"start":{"line":64,"column":2},"end":{"line":67,"column":3}},{"start":{},"end":{}}],"line":64},"7":{"loc":{"start":{"line":64,"column":6},"end":{"line":65,"column":37}},"type":"binary-expr","locations":[{"start":{"line":64,"column":6},"end":{"line":64,"column":35}},{"start":{"line":65,"column":6},"end":{"line":65,"column":37}}],"line":64},"8":{"loc":{"start":{"line":80,"column":2},"end":{"line":83,"column":3}},"type":"if","locations":[{"start":{"line":80,"column":2},"end":{"line":83,"column":3}},{"start":{},"end":{}}],"line":80},"9":{"loc":{"start":{"line":80,"column":6},"end":{"line":81,"column":48}},"type":"binary-expr","locations":[{"start":{"line":80,"column":6},"end":{"line":80,"column":48}},{"start":{"line":81,"column":6},"end":{"line":81,"column":48}}],"line":80},"10":{"loc":{"start":{"line":88,"column":2},"end":{"line":102,"column":3}},"type":"if","locations":[{"start":{"line":88,"column":2},"end":{"line":102,"column":3}},{"start":{"line":90,"column":9},"end":{"line":102,"column":3}}],"line":88},"11":{"loc":{"start":{"line":88,"column":6},"end":{"line":88,"column":75}},"type":"binary-expr","locations":[{"start":{"line":88,"column":6},"end":{"line":88,"column":40}},{"start":{"line":88,"column":44},"end":{"line":88,"column":75}}],"line":88},"12":{"loc":{"start":{"line":90,"column":9},"end":{"line":102,"column":3}},"type":"if","locations":[{"start":{"line":90,"column":9},"end":{"line":102,"column":3}},{"start":{"line":92,"column":9},"end":{"line":102,"column":3}}],"line":90},"13":{"loc":{"start":{"line":92,"column":9},"end":{"line":102,"column":3}},"type":"if","locations":[{"start":{"line":92,"column":9},"end":{"line":102,"column":3}},{"start":{"line":94,"column":9},"end":{"line":102,"column":3}}],"line":92},"14":{"loc":{"start":{"line":92,"column":13},"end":{"line":92,"column":85}},"type":"binary-expr","locations":[{"start":{"line":92,"column":13},"end":{"line":92,"column":47}},{"start":{"line":92,"column":51},"end":{"line":92,"column":85}}],"line":92},"15":{"loc":{"start":{"line":94,"column":9},"end":{"line":102,"column":3}},"type":"if","locations":[{"start":{"line":94,"column":9},"end":{"line":102,"column":3}},{"start":{"line":96,"column":9},"end":{"line":102,"column":3}}],"line":94},"16":{"loc":{"start":{"line":96,"column":9},"end":{"line":102,"column":3}},"type":"if","locations":[{"start":{"line":96,"column":9},"end":{"line":102,"column":3}},{"start":{"line":98,"column":9},"end":{"line":102,"column":3}}],"line":96},"17":{"loc":{"start":{"line":98,"column":9},"end":{"line":102,"column":3}},"type":"if","locations":[{"start":{"line":98,"column":9},"end":{"line":102,"column":3}},{"start":{"line":100,"column":9},"end":{"line":102,"column":3}}],"line":98},"18":{"loc":{"start":{"line":98,"column":13},"end":{"line":98,"column":81}},"type":"binary-expr","locations":[{"start":{"line":98,"column":13},"end":{"line":98,"column":46}},{"start":{"line":98,"column":50},"end":{"line":98,"column":81}}],"line":98},"19":{"loc":{"start":{"line":112,"column":2},"end":{"line":115,"column":3}},"type":"if","locations":[{"start":{"line":112,"column":2},"end":{"line":115,"column":3}},{"start":{},"end":{}}],"line":112},"20":{"loc":{"start":{"line":112,"column":6},"end":{"line":113,"column":48}},"type":"binary-expr","locations":[{"start":{"line":112,"column":6},"end":{"line":112,"column":48}},{"start":{"line":113,"column":6},"end":{"line":113,"column":48}}],"line":112},"21":{"loc":{"start":{"line":121,"column":2},"end":{"line":137,"column":3}},"type":"switch","locations":[{"start":{"line":122,"column":4},"end":{"line":123,"column":63}},{"start":{"line":124,"column":4},"end":{"line":125,"column":64}},{"start":{"line":126,"column":4},"end":{"line":127,"column":64}},{"start":{"line":128,"column":4},"end":{"line":129,"column":60}},{"start":{"line":130,"column":4},"end":{"line":131,"column":58}},{"start":{"line":132,"column":4},"end":{"line":134,"column":62}},{"start":{"line":135,"column":4},"end":{"line":136,"column":18}}],"line":121},"22":{"loc":{"start":{"line":123,"column":13},"end":{"line":123,"column":62}},"type":"binary-expr","locations":[{"start":{"line":123,"column":13},"end":{"line":123,"column":54}},{"start":{"line":123,"column":58},"end":{"line":123,"column":62}}],"line":123},"23":{"loc":{"start":{"line":125,"column":13},"end":{"line":125,"column":63}},"type":"binary-expr","locations":[{"start":{"line":125,"column":13},"end":{"line":125,"column":55}},{"start":{"line":125,"column":59},"end":{"line":125,"column":63}}],"line":125},"24":{"loc":{"start":{"line":127,"column":13},"end":{"line":127,"column":63}},"type":"binary-expr","locations":[{"start":{"line":127,"column":13},"end":{"line":127,"column":55}},{"start":{"line":127,"column":59},"end":{"line":127,"column":63}}],"line":127},"25":{"loc":{"start":{"line":129,"column":13},"end":{"line":129,"column":59}},"type":"binary-expr","locations":[{"start":{"line":129,"column":13},"end":{"line":129,"column":51}},{"start":{"line":129,"column":55},"end":{"line":129,"column":59}}],"line":129},"26":{"loc":{"start":{"line":131,"column":13},"end":{"line":131,"column":57}},"type":"binary-expr","locations":[{"start":{"line":131,"column":13},"end":{"line":131,"column":49}},{"start":{"line":131,"column":53},"end":{"line":131,"column":57}}],"line":131},"27":{"loc":{"start":{"line":133,"column":13},"end":{"line":134,"column":61}},"type":"binary-expr","locations":[{"start":{"line":133,"column":13},"end":{"line":133,"column":51}},{"start":{"line":134,"column":13},"end":{"line":134,"column":53}},{"start":{"line":134,"column":57},"end":{"line":134,"column":61}}],"line":133},"28":{"loc":{"start":{"line":149,"column":18},"end":{"line":150,"column":62}},"type":"binary-expr","locations":[{"start":{"line":149,"column":19},"end":{"line":149,"column":51}},{"start":{"line":150,"column":19},"end":{"line":150,"column":61}}],"line":149},"29":{"loc":{"start":{"line":159,"column":9},"end":{"line":161,"column":35}},"type":"binary-expr","locations":[{"start":{"line":159,"column":9},"end":{"line":159,"column":38}},{"start":{"line":160,"column":9},"end":{"line":160,"column":35}},{"start":{"line":161,"column":9},"end":{"line":161,"column":35}}],"line":159},"30":{"loc":{"start":{"line":180,"column":19},"end":{"line":181,"column":47}},"type":"binary-expr","locations":[{"start":{"line":180,"column":19},"end":{"line":180,"column":51}},{"start":{"line":181,"column":19},"end":{"line":181,"column":47}}],"line":180},"31":{"loc":{"start":{"line":199,"column":2},"end":{"line":216,"column":3}},"type":"if","locations":[{"start":{"line":199,"column":2},"end":{"line":216,"column":3}},{"start":{},"end":{}}],"line":199},"32":{"loc":{"start":{"line":199,"column":6},"end":{"line":200,"column":48}},"type":"binary-expr","locations":[{"start":{"line":199,"column":6},"end":{"line":199,"column":48}},{"start":{"line":200,"column":6},"end":{"line":200,"column":48}}],"line":199},"33":{"loc":{"start":{"line":219,"column":2},"end":{"line":225,"column":3}},"type":"if","locations":[{"start":{"line":219,"column":2},"end":{"line":225,"column":3}},{"start":{},"end":{}}],"line":219},"34":{"loc":{"start":{"line":238,"column":2},"end":{"line":240,"column":3}},"type":"if","locations":[{"start":{"line":238,"column":2},"end":{"line":240,"column":3}},{"start":{},"end":{}}],"line":238},"35":{"loc":{"start":{"line":242,"column":2},"end":{"line":244,"column":3}},"type":"if","locations":[{"start":{"line":242,"column":2},"end":{"line":244,"column":3}},{"start":{},"end":{}}],"line":242}},"s":{"0":0,"1":0,"2":0,"3":0,"4":0,"5":0,"6":0,"7":0,"8":0,"9":0,"10":0,"11":0,"12":0,"13":0,"14":0,"15":0,"16":0,"17":0,"18":0,"19":0,"20":0,"21":0,"22":0,"23":0,"24":0,"25":0,"26":0,"27":0,"28":0,"29":0,"30":0,"31":0,"32":0,"33":0,"34":0,"35":0,"36":0,"37":0,"38":0,"39":0,"40":0,"41":0,"42":0,"43":0,"44":0,"45":0,"46":0,"47":0,"48":0,"49":0,"50":0,"51":0,"52":0,"53":0,"54":0,"55":0,"56":0,"57":0,"58":0,"59":0,"60":0,"61":0,"62":0,"63":0},"f":{"0":0,"1":0,"2":0,"3":0,"4":0,"5":0,"6":0,"7":0},"b":{"0":[0,0],"1":[0,0,0],"2":[0,0],"3":[0,0],"4":[0,0],"5":[0,0,0],"6":[0,0],"7":[0,0],"8":[0,0],"9":[0,0],"10":[0,0],"11":[0,0],"12":[0,0],"13":[0,0],"14":[0,0],"15":[0,0],"16":[0,0],"17":[0,0],"18":[0,0],"19":[0,0],"20":[0,0],"21":[0,0,0,0,0,0,0],"22":[0,0],"23":[0,0],"24":[0,0],"25":[0,0],"26":[0,0],"27":[0,0,0],"28":[0,0],"29":[0,0,0],"30":[0,0],"31":[0,0],"32":[0,0],"33":[0,0],"34":[0,0],"35":[0,0]},"inputSourceMap":null}
}
