TN:
SF:http\CloudflareBypass.js
FN:24,(anonymous_0)
FN:52,(anonymous_1)
FN:101,(anonymous_2)
FN:110,(anonymous_3)
FN:122,(anonymous_4)
FN:126,(anonymous_5)
FNF:6
FNH:6
FNDA:122,(anonymous_0)
FNDA:66,(anonymous_1)
FNDA:66,(anonymous_2)
FNDA:7,(anonymous_3)
FNDA:60,(anonymous_4)
FNDA:66,(anonymous_5)
DA:25,122
DA:34,122
DA:43,122
DA:53,66
DA:54,0
DA:58,66
DA:61,66
DA:62,66
DA:68,66
DA:75,66
DA:76,66
DA:80,66
DA:88,66
DA:89,61
DA:92,66
DA:103,66
DA:104,66
DA:107,66
DA:109,7
DA:110,7
DA:114,66
DA:123,60
DA:125,60
DA:127,66
LF:24
LH:23
BRDA:24,0,0,61
BRDA:30,1,0,122
BRDA:30,1,1,122
BRDA:53,2,0,0
BRDA:53,2,1,66
BRDA:61,3,0,66
BRDA:61,3,1,0
BRDA:75,4,0,66
BRDA:75,4,1,0
BRDA:88,5,0,61
BRDA:88,5,1,5
BRDA:88,6,0,66
BRDA:88,6,1,5
BRDA:88,6,2,61
BRDA:107,7,0,7
BRDA:107,7,1,59
BRF:16
BRH:13
end_of_record
TN:
SF:http\ConfigurationManager.js
FN:20,(anonymous_0)
FN:34,(anonymous_1)
FN:47,(anonymous_2)
FN:56,(anonymous_3)
FN:270,(anonymous_4)
FN:279,(anonymous_5)
FN:289,(anonymous_6)
FN:302,(anonymous_7)
FN:323,(anonymous_8)
FN:345,(anonymous_9)
FN:394,(anonymous_10)
FN:442,(anonymous_11)
FNF:12
FNH:9
FNDA:19,(anonymous_0)
FNDA:19,(anonymous_1)
FNDA:19,(anonymous_2)
FNDA:24,(anonymous_3)
FNDA:23,(anonymous_4)
FNDA:5,(anonymous_5)
FNDA:0,(anonymous_6)
FNDA:5,(anonymous_7)
FNDA:4,(anonymous_8)
FNDA:0,(anonymous_9)
FNDA:0,(anonymous_10)
FNDA:1,(anonymous_11)
DA:22,19
DA:25,19
DA:35,19
DA:48,19
DA:57,24
DA:60,24
DA:62,24
DA:63,1
DA:67,24
DA:68,2
DA:69,2
DA:70,1
DA:75,24
DA:76,24
DA:78,24
DA:79,1
DA:80,1
DA:81,1
DA:82,1
DA:86,24
DA:87,1
DA:88,1
DA:89,1
DA:90,1
DA:94,24
DA:95,0
DA:96,0
DA:97,0
DA:98,0
DA:102,24
DA:103,0
DA:104,0
DA:105,0
DA:106,0
DA:110,24
DA:111,0
DA:112,0
DA:113,0
DA:114,0
DA:118,24
DA:119,1
DA:123,24
DA:124,24
DA:126,24
DA:127,0
DA:128,0
DA:131,24
DA:132,0
DA:133,0
DA:136,24
DA:137,0
DA:138,0
DA:141,24
DA:142,0
DA:143,0
DA:146,24
DA:147,0
DA:151,24
DA:152,24
DA:154,24
DA:155,0
DA:156,0
DA:159,24
DA:160,0
DA:161,0
DA:162,0
DA:163,0
DA:167,24
DA:168,0
DA:169,0
DA:172,24
DA:173,0
DA:174,0
DA:177,24
DA:178,0
DA:182,24
DA:183,24
DA:185,24
DA:186,0
DA:187,0
DA:190,24
DA:191,0
DA:192,0
DA:193,0
DA:194,0
DA:198,24
DA:199,0
DA:200,0
DA:201,0
DA:202,0
DA:206,24
DA:207,0
DA:208,0
DA:209,0
DA:210,0
DA:214,24
DA:215,0
DA:216,0
DA:219,24
DA:220,0
DA:224,24
DA:225,24
DA:227,24
DA:228,0
DA:229,0
DA:232,24
DA:233,0
DA:234,0
DA:237,24
DA:238,0
DA:239,0
DA:242,24
DA:243,0
DA:244,0
DA:247,24
DA:248,0
DA:249,0
DA:252,24
DA:253,0
DA:254,0
DA:257,24
DA:258,0
DA:262,24
DA:271,23
DA:280,5
DA:290,0
DA:291,0
DA:292,0
DA:303,5
DA:304,5
DA:306,5
DA:307,8
DA:308,1
DA:310,7
DA:313,4
DA:324,4
DA:325,4
DA:326,4
DA:328,4
DA:329,2
DA:330,1
DA:332,2
DA:335,4
DA:336,4
DA:337,4
DA:347,0
DA:348,0
DA:350,0
DA:351,0
DA:355,0
DA:356,0
DA:361,0
DA:363,0
DA:369,0
DA:373,0
DA:379,0
DA:382,0
DA:385,0
DA:395,0
DA:398,0
DA:430,0
DA:431,0
DA:434,0
DA:452,1
DA:454,1
LF:165
LH:82
BRDA:20,0,0,18
BRDA:60,1,0,24
BRDA:60,1,1,0
BRDA:60,2,0,24
BRDA:60,2,1,24
BRDA:62,3,0,1
BRDA:62,3,1,23
BRDA:67,4,0,2
BRDA:67,4,1,22
BRDA:69,5,0,1
BRDA:69,5,1,1
BRDA:78,6,0,1
BRDA:78,6,1,23
BRDA:80,7,0,1
BRDA:80,7,1,0
BRDA:86,8,0,1
BRDA:86,8,1,23
BRDA:88,9,0,1
BRDA:88,9,1,0
BRDA:94,10,0,0
BRDA:94,10,1,24
BRDA:96,11,0,0
BRDA:96,11,1,0
BRDA:102,12,0,0
BRDA:102,12,1,24
BRDA:104,13,0,0
BRDA:104,13,1,0
BRDA:110,14,0,0
BRDA:110,14,1,24
BRDA:112,15,0,0
BRDA:112,15,1,0
BRDA:118,16,0,1
BRDA:118,16,1,23
BRDA:126,17,0,0
BRDA:126,17,1,24
BRDA:131,18,0,0
BRDA:131,18,1,24
BRDA:136,19,0,0
BRDA:136,19,1,24
BRDA:141,20,0,0
BRDA:141,20,1,24
BRDA:146,21,0,0
BRDA:146,21,1,24
BRDA:154,22,0,0
BRDA:154,22,1,24
BRDA:159,23,0,0
BRDA:159,23,1,24
BRDA:161,24,0,0
BRDA:161,24,1,0
BRDA:167,25,0,0
BRDA:167,25,1,24
BRDA:172,26,0,0
BRDA:172,26,1,24
BRDA:177,27,0,0
BRDA:177,27,1,24
BRDA:185,28,0,0
BRDA:185,28,1,24
BRDA:190,29,0,0
BRDA:190,29,1,24
BRDA:192,30,0,0
BRDA:192,30,1,0
BRDA:198,31,0,0
BRDA:198,31,1,24
BRDA:200,32,0,0
BRDA:200,32,1,0
BRDA:206,33,0,0
BRDA:206,33,1,24
BRDA:208,34,0,0
BRDA:208,34,1,0
BRDA:214,35,0,0
BRDA:214,35,1,24
BRDA:219,36,0,0
BRDA:219,36,1,24
BRDA:227,37,0,0
BRDA:227,37,1,24
BRDA:232,38,0,0
BRDA:232,38,1,24
BRDA:237,39,0,0
BRDA:237,39,1,24
BRDA:242,40,0,0
BRDA:242,40,1,24
BRDA:247,41,0,0
BRDA:247,41,1,24
BRDA:252,42,0,0
BRDA:252,42,1,24
BRDA:257,43,0,0
BRDA:257,43,1,24
BRDA:307,44,0,1
BRDA:307,44,1,7
BRDA:307,45,0,8
BRDA:307,45,1,7
BRDA:313,46,0,2
BRDA:313,46,1,2
BRDA:329,47,0,1
BRDA:329,47,1,1
BRDA:329,48,0,2
BRDA:329,48,1,1
BRDA:329,48,2,1
BRDA:347,49,0,0
BRDA:347,49,1,0
BRDA:347,50,0,0
BRDA:347,50,1,0
BRDA:350,51,0,0
BRDA:350,51,1,0
BRDA:355,52,0,0
BRDA:355,52,1,0
BRDA:355,53,0,0
BRDA:355,53,1,0
BRDA:361,54,0,0
BRDA:361,54,1,0
BRDA:363,55,0,0
BRDA:363,55,1,0
BRDA:364,56,0,0
BRDA:364,56,1,0
BRDA:364,56,2,0
BRDA:364,56,3,0
BRDA:373,57,0,0
BRDA:373,57,1,0
BRDA:374,58,0,0
BRDA:374,58,1,0
BRDA:374,58,2,0
BRDA:374,58,3,0
BRDA:395,59,0,0
BRDA:395,59,1,0
BRDA:430,60,0,0
BRDA:430,60,1,0
BRF:126
BRH:55
end_of_record
TN:
SF:http\DebugMonitor.js
FN:27,(anonymous_0)
FN:76,(anonymous_1)
FN:121,(anonymous_2)
FN:223,(anonymous_3)
FN:249,(anonymous_4)
FN:276,(anonymous_5)
FN:326,(anonymous_6)
FN:344,(anonymous_7)
FN:366,(anonymous_8)
FN:376,(anonymous_9)
FN:377,(anonymous_10)
FN:404,(anonymous_11)
FN:418,(anonymous_12)
FN:463,(anonymous_13)
FN:493,(anonymous_14)
FN:526,(anonymous_15)
FN:559,(anonymous_16)
FN:604,(anonymous_17)
FNF:18
FNH:1
FNDA:61,(anonymous_0)
FNDA:0,(anonymous_1)
FNDA:0,(anonymous_2)
FNDA:0,(anonymous_3)
FNDA:0,(anonymous_4)
FNDA:0,(anonymous_5)
FNDA:0,(anonymous_6)
FNDA:0,(anonymous_7)
FNDA:0,(anonymous_8)
FNDA:0,(anonymous_9)
FNDA:0,(anonymous_10)
FNDA:0,(anonymous_11)
FNDA:0,(anonymous_12)
FNDA:0,(anonymous_13)
FNDA:0,(anonymous_14)
FNDA:0,(anonymous_15)
FNDA:0,(anonymous_16)
FNDA:0,(anonymous_17)
DA:28,61
DA:39,61
DA:40,61
DA:62,61
DA:63,61
DA:64,61
DA:65,61
DA:66,61
DA:77,0
DA:78,0
DA:81,0
DA:82,0
DA:90,0
DA:91,0
DA:94,0
DA:95,0
DA:96,0
DA:97,0
DA:100,0
DA:101,0
DA:108,0
DA:122,0
DA:123,0
DA:126,0
DA:127,0
DA:128,0
DA:131,0
DA:132,0
DA:135,0
DA:136,0
DA:137,0
DA:138,0
DA:142,0
DA:143,0
DA:144,0
DA:152,0
DA:153,0
DA:154,0
DA:155,0
DA:156,0
DA:158,0
DA:162,0
DA:163,0
DA:164,0
DA:166,0
DA:169,0
DA:170,0
DA:171,0
DA:175,0
DA:176,0
DA:177,0
DA:181,0
DA:193,0
DA:194,0
DA:199,0
DA:201,0
DA:202,0
DA:210,0
DA:224,0
DA:225,0
DA:228,0
DA:233,0
DA:234,0
DA:237,0
DA:238,0
DA:241,0
DA:250,0
DA:251,0
DA:254,0
DA:260,0
DA:261,0
DA:264,0
DA:265,0
DA:268,0
DA:277,0
DA:278,0
DA:281,0
DA:287,0
DA:288,0
DA:293,0
DA:294,0
DA:297,0
DA:298,0
DA:303,0
DA:304,0
DA:309,0
DA:310,0
DA:313,0
DA:314,0
DA:318,0
DA:327,0
DA:328,0
DA:331,0
DA:344,0
DA:367,0
DA:368,0
DA:371,0
DA:372,0
DA:375,0
DA:376,0
DA:377,0
DA:379,0
DA:380,0
DA:389,0
DA:393,0
DA:394,0
DA:403,0
DA:404,0
DA:406,0
DA:407,0
DA:408,0
DA:417,0
DA:418,0
DA:420,0
DA:421,0
DA:424,0
DA:425,0
DA:431,0
DA:432,0
DA:438,0
DA:439,0
DA:445,0
DA:446,0
DA:455,0
DA:464,0
DA:465,0
DA:468,0
DA:473,0
DA:474,0
DA:476,0
DA:477,0
DA:478,0
DA:479,0
DA:480,0
DA:481,0
DA:484,0
DA:485,0
DA:486,0
DA:490,0
DA:491,0
DA:493,0
DA:494,0
DA:495,0
DA:496,0
DA:500,0
DA:527,0
DA:528,0
DA:549,0
DA:550,0
DA:560,0
DA:561,0
DA:564,0
DA:565,0
DA:568,0
DA:569,0
DA:572,0
DA:573,0
DA:576,0
DA:577,0
DA:580,0
DA:581,0
DA:584,0
DA:585,0
DA:588,0
DA:589,0
DA:605,0
DA:607,0
DA:611,0
DA:612,0
DA:613,0
DA:615,0
DA:619,0
DA:622,0
DA:623,0
DA:628,0
DA:631,0
LF:176
LH:8
BRDA:27,0,0,0
BRDA:29,1,0,61
BRDA:29,1,1,61
BRDA:30,2,0,61
BRDA:30,2,1,61
BRDA:31,3,0,61
BRDA:31,3,1,61
BRDA:32,4,0,61
BRDA:32,4,1,61
BRDA:33,5,0,61
BRDA:33,5,1,61
BRDA:35,6,0,61
BRDA:35,6,1,61
BRDA:76,7,0,0
BRDA:77,8,0,0
BRDA:77,8,1,0
BRDA:77,9,0,0
BRDA:77,9,1,0
BRDA:85,10,0,0
BRDA:85,10,1,0
BRDA:86,11,0,0
BRDA:86,11,1,0
BRDA:87,12,0,0
BRDA:87,12,1,0
BRDA:95,13,0,0
BRDA:95,13,1,0
BRDA:96,14,0,0
BRDA:96,14,1,0
BRDA:100,15,0,0
BRDA:100,15,1,0
BRDA:121,16,0,0
BRDA:122,17,0,0
BRDA:122,17,1,0
BRDA:122,18,0,0
BRDA:122,18,1,0
BRDA:127,19,0,0
BRDA:127,19,1,0
BRDA:143,20,0,0
BRDA:143,20,1,0
BRDA:144,21,0,0
BRDA:144,21,1,0
BRDA:163,22,0,0
BRDA:163,22,1,0
BRDA:169,23,0,0
BRDA:169,23,1,0
BRDA:170,24,0,0
BRDA:170,24,1,0
BRDA:175,25,0,0
BRDA:175,25,1,0
BRDA:176,26,0,0
BRDA:176,26,1,0
BRDA:193,27,0,0
BRDA:193,27,1,0
BRDA:201,28,0,0
BRDA:201,28,1,0
BRDA:224,29,0,0
BRDA:224,29,1,0
BRDA:224,30,0,0
BRDA:224,30,1,0
BRDA:233,31,0,0
BRDA:233,31,1,0
BRDA:233,32,0,0
BRDA:233,32,1,0
BRDA:237,33,0,0
BRDA:237,33,1,0
BRDA:237,34,0,0
BRDA:237,34,1,0
BRDA:250,35,0,0
BRDA:250,35,1,0
BRDA:250,36,0,0
BRDA:250,36,1,0
BRDA:257,37,0,0
BRDA:257,37,1,0
BRDA:260,38,0,0
BRDA:260,38,1,0
BRDA:260,39,0,0
BRDA:260,39,1,0
BRDA:264,40,0,0
BRDA:264,40,1,0
BRDA:264,41,0,0
BRDA:264,41,1,0
BRDA:277,42,0,0
BRDA:277,42,1,0
BRDA:287,43,0,0
BRDA:287,43,1,0
BRDA:293,44,0,0
BRDA:293,44,1,0
BRDA:293,45,0,0
BRDA:293,45,1,0
BRDA:297,46,0,0
BRDA:297,46,1,0
BRDA:297,47,0,0
BRDA:297,47,1,0
BRDA:303,48,0,0
BRDA:303,48,1,0
BRDA:309,49,0,0
BRDA:309,49,1,0
BRDA:309,50,0,0
BRDA:309,50,1,0
BRDA:313,51,0,0
BRDA:313,51,1,0
BRDA:313,52,0,0
BRDA:313,52,1,0
BRDA:327,53,0,0
BRDA:327,53,1,0
BRDA:327,54,0,0
BRDA:327,54,1,0
BRDA:341,55,0,0
BRDA:341,55,1,0
BRDA:348,56,0,0
BRDA:348,56,1,0
BRDA:367,57,0,0
BRDA:367,57,1,0
BRDA:367,58,0,0
BRDA:367,58,1,0
BRDA:379,59,0,0
BRDA:379,59,1,0
BRDA:389,60,0,0
BRDA:389,60,1,0
BRDA:393,61,0,0
BRDA:393,61,1,0
BRDA:406,62,0,0
BRDA:406,62,1,0
BRDA:420,63,0,0
BRDA:420,63,1,0
BRDA:424,64,0,0
BRDA:424,64,1,0
BRDA:431,65,0,0
BRDA:431,65,1,0
BRDA:438,66,0,0
BRDA:438,66,1,0
BRDA:445,67,0,0
BRDA:445,67,1,0
BRDA:468,68,0,0
BRDA:468,68,1,0
BRDA:476,69,0,0
BRDA:476,69,1,0
BRDA:479,70,0,0
BRDA:479,70,1,0
BRDA:484,71,0,0
BRDA:484,71,1,0
BRDA:485,72,0,0
BRDA:485,72,1,0
BRDA:494,73,0,0
BRDA:494,73,1,0
BRDA:508,74,0,0
BRDA:508,74,1,0
BRDA:549,75,0,0
BRDA:549,75,1,0
BRDA:559,76,0,0
BRDA:560,77,0,0
BRDA:560,77,1,0
BRDA:564,78,0,0
BRDA:564,78,1,0
BRDA:568,79,0,0
BRDA:568,79,1,0
BRDA:572,80,0,0
BRDA:572,80,1,0
BRDA:576,81,0,0
BRDA:576,81,1,0
BRDA:580,82,0,0
BRDA:580,82,1,0
BRDA:584,83,0,0
BRDA:584,83,1,0
BRDA:588,84,0,0
BRDA:588,84,1,0
BRDA:611,85,0,0
BRDA:611,85,1,0
BRDA:622,86,0,0
BRDA:622,86,1,0
BRF:170
BRH:12
end_of_record
TN:
SF:http\EnhancedHttpClient.js
FN:33,(anonymous_0)
FN:91,(anonymous_1)
FN:107,(anonymous_2)
FN:123,(anonymous_3)
FN:145,(anonymous_4)
FN:156,(anonymous_5)
FN:167,(anonymous_6)
FN:185,(anonymous_7)
FN:257,(anonymous_8)
FN:273,(anonymous_9)
FN:290,(anonymous_10)
FN:306,(anonymous_11)
FN:319,(anonymous_12)
FN:337,(anonymous_13)
FNF:14
FNH:5
FNDA:61,(anonymous_0)
FNDA:243,(anonymous_1)
FNDA:183,(anonymous_2)
FNDA:183,(anonymous_3)
FNDA:0,(anonymous_4)
FNDA:0,(anonymous_5)
FNDA:0,(anonymous_6)
FNDA:67,(anonymous_7)
FNDA:0,(anonymous_8)
FNDA:0,(anonymous_9)
FNDA:0,(anonymous_10)
FNDA:0,(anonymous_11)
FNDA:0,(anonymous_12)
FNDA:0,(anonymous_13)
DA:35,61
DA:38,61
DA:41,61
DA:44,61
DA:52,61
DA:53,0
DA:60,0
DA:61,0
DA:66,61
DA:67,61
DA:71,61
DA:72,61
DA:76,61
DA:79,61
DA:80,61
DA:81,61
DA:92,243
DA:93,0
DA:96,243
DA:97,243
DA:108,183
DA:109,0
DA:112,183
DA:113,183
DA:124,183
DA:125,0
DA:129,183
DA:130,61
DA:133,61
DA:136,183
DA:137,183
DA:146,0
DA:147,0
DA:157,0
DA:158,0
DA:168,0
DA:169,0
DA:186,67
DA:188,67
DA:191,67
DA:192,67
DA:194,67
DA:195,267
DA:196,267
DA:198,0
DA:199,0
DA:204,67
DA:207,59
DA:209,59
DA:210,177
DA:211,177
DA:213,0
DA:214,0
DA:218,59
DA:221,8
DA:222,1
DA:223,1
DA:224,1
DA:228,8
DA:230,8
DA:231,24
DA:234,24
DA:235,0
DA:236,0
DA:238,0
DA:241,24
DA:246,8
DA:258,0
DA:274,0
DA:291,0
DA:307,0
DA:320,0
DA:323,0
DA:324,0
DA:338,0
LF:75
LH:48
BRDA:33,0,0,0
BRDA:47,1,0,61
BRDA:47,1,1,0
BRDA:52,2,0,0
BRDA:52,2,1,61
BRDA:52,3,0,61
BRDA:52,3,1,61
BRDA:56,4,0,0
BRDA:56,4,1,0
BRDA:60,5,0,0
BRDA:60,5,1,0
BRDA:66,6,0,61
BRDA:66,6,1,0
BRDA:71,7,0,61
BRDA:71,7,1,0
BRDA:92,8,0,0
BRDA:92,8,1,243
BRDA:92,9,0,243
BRDA:92,9,1,243
BRDA:108,10,0,0
BRDA:108,10,1,183
BRDA:108,11,0,183
BRDA:108,11,1,183
BRDA:124,12,0,0
BRDA:124,12,1,183
BRDA:124,13,0,183
BRDA:124,13,1,183
BRDA:129,14,0,61
BRDA:129,14,1,122
BRDA:129,15,0,183
BRDA:129,15,1,61
BRDA:133,16,0,61
BRDA:133,16,1,0
BRDA:146,17,0,0
BRDA:146,17,1,0
BRDA:146,18,0,0
BRDA:146,18,1,0
BRDA:157,19,0,0
BRDA:157,19,1,0
BRDA:157,20,0,0
BRDA:157,20,1,0
BRDA:168,21,0,0
BRDA:168,21,1,0
BRDA:168,22,0,0
BRDA:168,22,1,0
BRDA:191,23,0,67
BRDA:191,23,1,0
BRDA:221,24,0,1
BRDA:221,24,1,7
BRDA:222,25,0,1
BRDA:222,25,1,0
BRDA:235,26,0,0
BRDA:235,26,1,0
BRDA:257,27,0,0
BRDA:273,28,0,0
BRDA:273,29,0,0
BRDA:290,30,0,0
BRDA:290,31,0,0
BRDA:306,32,0,0
BRDA:323,33,0,0
BRDA:323,33,1,0
BRDA:323,34,0,0
BRDA:323,34,1,0
BRDA:340,35,0,0
BRDA:340,35,1,0
BRF:65
BRH:24
end_of_record
TN:
SF:http\ErrorDetector.js
FN:40,(anonymous_0)
FN:55,(anonymous_1)
FN:105,(anonymous_2)
FN:115,(anonymous_3)
FN:152,(anonymous_4)
FN:192,(anonymous_5)
FN:229,(anonymous_6)
FN:268,(anonymous_7)
FN:297,(anonymous_8)
FN:314,(anonymous_9)
FN:377,(anonymous_10)
FN:381,(anonymous_11)
FNF:12
FNH:9
FNDA:61,(anonymous_0)
FNDA:8,(anonymous_1)
FNDA:8,(anonymous_2)
FNDA:0,(anonymous_3)
FNDA:7,(anonymous_4)
FNDA:2,(anonymous_5)
FNDA:5,(anonymous_6)
FNDA:4,(anonymous_7)
FNDA:24,(anonymous_8)
FNDA:1,(anonymous_9)
FNDA:0,(anonymous_10)
FNDA:0,(anonymous_11)
DA:13,6
DA:41,61
DA:57,8
DA:64,8
DA:65,0
DA:66,0
DA:67,0
DA:68,0
DA:77,8
DA:78,0
DA:81,8
DA:83,7
DA:84,2
DA:87,5
DA:88,4
DA:92,1
DA:96,8
DA:106,8
DA:116,0
DA:125,0
DA:126,0
DA:127,0
DA:130,0
DA:131,0
DA:132,0
DA:135,0
DA:136,0
DA:139,0
DA:140,0
DA:143,0
DA:154,7
DA:155,0
DA:159,7
DA:160,2
DA:161,2
DA:166,5
DA:167,5
DA:169,5
DA:173,0
DA:178,5
DA:180,0
DA:183,5
DA:193,2
DA:202,2
DA:203,2
DA:207,2
DA:208,2
DA:210,2
DA:211,0
DA:212,0
DA:213,2
DA:214,2
DA:215,0
DA:216,0
DA:220,2
DA:231,5
DA:232,0
DA:236,5
DA:237,4
DA:241,1
DA:242,1
DA:243,1
DA:245,0
DA:250,1
DA:251,1
DA:253,1
DA:255,0
DA:259,1
DA:269,4
DA:278,4
DA:279,4
DA:280,4
DA:282,0
DA:283,0
DA:284,0
DA:286,0
DA:292,4
DA:293,4
DA:296,4
DA:298,24
DA:299,12
DA:300,12
DA:305,4
DA:315,1
DA:316,1
DA:317,1
DA:320,1
DA:322,1
DA:324,1
DA:325,0
DA:326,0
DA:327,1
DA:328,0
DA:329,0
DA:330,1
DA:332,0
DA:333,0
DA:335,0
DA:337,0
DA:338,0
DA:342,1
DA:348,1
DA:349,1
DA:350,0
DA:351,1
DA:352,0
DA:353,1
DA:354,1
DA:359,1
DA:360,0
DA:364,1
DA:378,0
DA:380,0
DA:383,0
DA:386,0
DA:387,0
DA:388,0
DA:393,0
DA:395,0
DA:396,0
DA:399,0
DA:400,0
DA:404,0
DA:413,0
LF:124
LH:68
BRDA:40,0,0,61
BRDA:45,1,0,61
BRDA:45,1,1,61
BRDA:65,2,0,0
BRDA:65,2,1,0
BRDA:67,3,0,0
BRDA:67,3,1,0
BRDA:77,4,0,0
BRDA:77,4,1,8
BRDA:77,5,0,8
BRDA:77,5,1,8
BRDA:81,6,0,7
BRDA:81,6,1,1
BRDA:83,7,0,2
BRDA:83,7,1,5
BRDA:83,8,0,7
BRDA:83,8,1,7
BRDA:87,9,0,4
BRDA:87,9,1,1
BRDA:87,10,0,5
BRDA:87,10,1,5
BRDA:106,11,0,8
BRDA:106,11,1,1
BRDA:125,12,0,0
BRDA:125,12,1,0
BRDA:125,13,0,0
BRDA:125,13,1,0
BRDA:130,14,0,0
BRDA:130,14,1,0
BRDA:135,15,0,0
BRDA:135,15,1,0
BRDA:139,16,0,0
BRDA:139,16,1,0
BRDA:154,17,0,0
BRDA:154,17,1,7
BRDA:159,18,0,2
BRDA:159,18,1,5
BRDA:159,19,0,7
BRDA:159,19,1,7
BRDA:160,20,0,2
BRDA:160,20,1,0
BRDA:166,21,0,5
BRDA:166,21,1,0
BRDA:167,22,0,0
BRDA:167,22,1,5
BRDA:169,23,0,0
BRDA:169,23,1,5
BRDA:169,24,0,5
BRDA:169,24,1,5
BRDA:169,24,2,5
BRDA:169,24,3,5
BRDA:178,25,0,0
BRDA:178,25,1,5
BRDA:202,26,0,2
BRDA:202,26,1,0
BRDA:202,27,0,2
BRDA:202,27,1,2
BRDA:207,28,0,2
BRDA:207,28,1,0
BRDA:208,29,0,2
BRDA:208,29,1,0
BRDA:210,30,0,0
BRDA:210,30,1,2
BRDA:213,31,0,2
BRDA:213,31,1,0
BRDA:215,32,0,0
BRDA:215,32,1,0
BRDA:231,33,0,0
BRDA:231,33,1,5
BRDA:236,34,0,4
BRDA:236,34,1,1
BRDA:241,35,0,1
BRDA:241,35,1,0
BRDA:243,36,0,0
BRDA:243,36,1,1
BRDA:243,37,0,1
BRDA:243,37,1,1
BRDA:250,38,0,1
BRDA:250,38,1,0
BRDA:251,39,0,0
BRDA:251,39,1,1
BRDA:253,40,0,0
BRDA:253,40,1,1
BRDA:253,41,0,1
BRDA:253,41,1,1
BRDA:278,42,0,4
BRDA:278,42,1,0
BRDA:278,43,0,4
BRDA:278,43,1,4
BRDA:280,44,0,0
BRDA:280,44,1,4
BRDA:292,45,0,4
BRDA:292,45,1,0
BRDA:298,46,0,12
BRDA:298,46,1,12
BRDA:320,47,0,1
BRDA:320,47,1,0
BRDA:320,48,0,1
BRDA:320,48,1,1
BRDA:324,49,0,0
BRDA:324,49,1,1
BRDA:324,50,0,1
BRDA:324,50,1,1
BRDA:327,51,0,0
BRDA:327,51,1,1
BRDA:330,52,0,0
BRDA:330,52,1,1
BRDA:335,53,0,0
BRDA:335,53,1,0
BRDA:348,54,0,1
BRDA:348,54,1,0
BRDA:349,55,0,0
BRDA:349,55,1,1
BRDA:351,56,0,0
BRDA:351,56,1,1
BRDA:353,57,0,1
BRDA:353,57,1,0
BRDA:354,58,0,1
BRDA:354,58,1,0
BRDA:359,59,0,0
BRDA:359,59,1,1
BRDA:359,60,0,1
BRDA:359,60,1,0
BRDA:393,61,0,0
BRDA:393,61,1,0
BRDA:393,61,2,0
BRF:126
BRH:73
end_of_record
TN:
SF:http\ErrorHandler.js
FN:31,(anonymous_0)
FN:63,(anonymous_1)
FN:103,(anonymous_2)
FN:134,(anonymous_3)
FN:201,(anonymous_4)
FN:219,(anonymous_5)
FN:236,(anonymous_6)
FN:264,(anonymous_7)
FN:287,(anonymous_8)
FN:334,(anonymous_9)
FN:367,(anonymous_10)
FN:381,(anonymous_11)
FN:412,(anonymous_12)
FN:430,(anonymous_13)
FN:444,(anonymous_14)
FN:463,(anonymous_15)
FN:516,(anonymous_16)
FN:570,(anonymous_17)
FN:610,(anonymous_18)
FN:617,(anonymous_19)
FNF:20
FNH:10
FNDA:61,(anonymous_0)
FNDA:8,(anonymous_1)
FNDA:8,(anonymous_2)
FNDA:0,(anonymous_3)
FNDA:0,(anonymous_4)
FNDA:0,(anonymous_5)
FNDA:0,(anonymous_6)
FNDA:0,(anonymous_7)
FNDA:2,(anonymous_8)
FNDA:4,(anonymous_9)
FNDA:0,(anonymous_10)
FNDA:0,(anonymous_11)
FNDA:0,(anonymous_12)
FNDA:1,(anonymous_13)
FNDA:1,(anonymous_14)
FNDA:6,(anonymous_15)
FNDA:0,(anonymous_16)
FNDA:0,(anonymous_17)
FNDA:61,(anonymous_18)
FNDA:8,(anonymous_19)
DA:32,61
DA:33,61
DA:34,61
DA:35,61
DA:36,61
DA:37,61
DA:38,61
DA:39,61
DA:42,61
DA:65,8
DA:66,8
DA:67,8
DA:68,8
DA:69,8
DA:73,8
DA:74,8
DA:78,8
DA:80,8
DA:82,8
DA:85,0
DA:86,0
DA:89,0
DA:92,8
DA:105,8
DA:106,0
DA:110,8
DA:112,2
DA:115,4
DA:119,2
DA:135,0
DA:136,0
DA:138,0
DA:153,0
DA:154,0
DA:162,0
DA:163,0
DA:170,0
DA:171,0
DA:172,0
DA:177,0
DA:181,0
DA:187,0
DA:188,0
DA:191,0
DA:202,0
DA:204,0
DA:207,0
DA:219,0
DA:220,0
DA:221,0
DA:225,0
DA:238,0
DA:239,0
DA:243,0
DA:244,0
DA:245,0
DA:246,0
DA:247,0
DA:248,0
DA:249,0
DA:250,0
DA:253,0
DA:266,0
DA:268,0
DA:269,0
DA:272,0
DA:275,0
DA:276,0
DA:289,2
DA:294,2
DA:297,2
DA:299,2
DA:301,0
DA:318,2
DA:322,0
DA:323,0
DA:336,4
DA:341,4
DA:344,4
DA:346,4
DA:349,4
DA:351,4
DA:355,0
DA:356,0
DA:369,0
DA:370,0
DA:383,0
DA:386,0
DA:387,0
DA:390,0
DA:391,0
DA:393,0
DA:394,0
DA:395,0
DA:400,0
DA:401,0
DA:414,0
DA:415,0
DA:418,0
DA:419,0
DA:432,1
DA:433,1
DA:446,1
DA:447,0
DA:450,1
DA:451,1
DA:465,6
DA:466,0
DA:470,6
DA:473,6
DA:474,6
DA:475,6
DA:479,0
DA:480,0
DA:495,0
DA:496,0
DA:498,0
DA:502,0
DA:505,0
DA:506,0
DA:516,0
DA:519,0
DA:521,0
DA:523,0
DA:524,0
DA:527,0
DA:528,0
DA:529,0
DA:530,0
DA:531,0
DA:533,0
DA:536,0
DA:537,0
DA:541,0
DA:542,0
DA:543,0
DA:547,0
DA:548,0
DA:549,0
DA:551,0
DA:554,0
DA:560,0
DA:571,0
DA:602,0
DA:611,61
DA:613,61
DA:618,8
DA:620,8
DA:621,0
DA:624,8
LF:150
LH:51
BRDA:31,0,0,0
BRDA:32,1,0,61
BRDA:32,1,1,0
BRDA:33,2,0,61
BRDA:33,2,1,61
BRDA:63,3,0,0
BRDA:65,4,0,8
BRDA:65,4,1,0
BRDA:73,5,0,8
BRDA:73,5,1,0
BRDA:78,6,0,8
BRDA:78,6,1,0
BRDA:85,7,0,0
BRDA:85,7,1,0
BRDA:85,8,0,0
BRDA:85,8,1,0
BRDA:92,9,0,8
BRDA:92,9,1,0
BRDA:105,10,0,0
BRDA:105,10,1,8
BRDA:110,11,0,2
BRDA:110,11,1,4
BRDA:110,11,2,2
BRDA:122,12,0,2
BRDA:122,12,1,0
BRDA:123,13,0,2
BRDA:123,13,1,0
BRDA:140,14,0,0
BRDA:140,14,1,0
BRDA:153,15,0,0
BRDA:153,15,1,0
BRDA:162,16,0,0
BRDA:162,16,1,0
BRDA:170,17,0,0
BRDA:170,17,1,0
BRDA:172,18,0,0
BRDA:172,18,1,0
BRDA:177,19,0,0
BRDA:177,19,1,0
BRDA:187,20,0,0
BRDA:187,20,1,0
BRDA:202,21,0,0
BRDA:202,21,1,0
BRDA:220,22,0,0
BRDA:220,22,1,0
BRDA:238,23,0,0
BRDA:238,23,1,0
BRDA:238,24,0,0
BRDA:238,24,1,0
BRDA:243,25,0,0
BRDA:243,25,1,0
BRDA:245,26,0,0
BRDA:245,26,1,0
BRDA:247,27,0,0
BRDA:247,27,1,0
BRDA:249,28,0,0
BRDA:249,28,1,0
BRDA:266,29,0,0
BRDA:266,29,1,0
BRDA:268,30,0,0
BRDA:268,30,1,0
BRDA:268,31,0,0
BRDA:268,31,1,0
BRDA:289,32,0,0
BRDA:289,32,1,2
BRDA:297,33,0,2
BRDA:297,33,1,0
BRDA:297,34,0,2
BRDA:297,34,1,2
BRDA:299,35,0,0
BRDA:299,35,1,2
BRDA:336,36,0,0
BRDA:336,36,1,4
BRDA:344,37,0,4
BRDA:344,37,1,0
BRDA:344,38,0,4
BRDA:344,38,1,4
BRDA:386,39,0,0
BRDA:386,39,1,0
BRDA:386,40,0,0
BRDA:386,40,1,0
BRDA:390,41,0,0
BRDA:390,41,1,0
BRDA:394,42,0,0
BRDA:394,42,1,0
BRDA:414,43,0,0
BRDA:414,43,1,0
BRDA:446,44,0,0
BRDA:446,44,1,1
BRDA:446,45,0,1
BRDA:446,45,1,1
BRDA:465,46,0,0
BRDA:465,46,1,6
BRDA:465,47,0,6
BRDA:465,47,1,0
BRDA:470,48,0,6
BRDA:470,48,1,0
BRDA:470,48,2,6
BRDA:473,49,0,6
BRDA:473,49,1,0
BRDA:495,50,0,0
BRDA:495,50,1,0
BRDA:502,51,0,0
BRDA:502,51,1,0
BRDA:505,52,0,0
BRDA:505,52,1,0
BRDA:521,53,0,0
BRDA:521,53,1,0
BRDA:521,54,0,0
BRDA:521,54,1,0
BRDA:528,55,0,0
BRDA:528,55,1,0
BRDA:531,56,0,0
BRDA:531,56,1,0
BRDA:541,57,0,0
BRDA:541,57,1,0
BRDA:541,58,0,0
BRDA:541,58,1,0
BRDA:547,59,0,0
BRDA:547,59,1,0
BRDA:547,60,0,0
BRDA:547,60,1,0
BRDA:551,61,0,0
BRDA:551,61,1,0
BRF:124
BRH:30
end_of_record
TN:
SF:http\Logger.js
FN:71,(anonymous_0)
FN:126,(anonymous_1)
FN:139,(anonymous_2)
FN:155,(anonymous_3)
FN:178,(anonymous_4)
FN:207,(anonymous_5)
FN:223,(anonymous_6)
FN:257,(anonymous_7)
FN:300,(anonymous_8)
FN:312,(anonymous_9)
FN:320,(anonymous_10)
FN:348,(anonymous_11)
FN:366,(anonymous_12)
FN:369,(anonymous_13)
FN:380,(anonymous_14)
FN:383,(anonymous_15)
FN:394,(anonymous_16)
FN:397,(anonymous_17)
FN:408,(anonymous_18)
FN:411,(anonymous_19)
FN:425,(anonymous_20)
FN:450,(anonymous_21)
FN:480,(anonymous_22)
FN:533,(anonymous_23)
FN:582,(anonymous_24)
FN:598,(anonymous_25)
FN:614,(anonymous_26)
FN:626,(anonymous_27)
FN:627,(anonymous_28)
FN:643,(anonymous_29)
FN:681,(anonymous_30)
FN:718,(anonymous_31)
FN:803,(anonymous_32)
FN:831,(anonymous_33)
FN:865,(anonymous_34)
FN:895,(anonymous_35)
FN:903,(anonymous_36)
FN:911,(anonymous_37)
FN:926,(anonymous_38)
FN:938,(anonymous_39)
FN:950,(anonymous_40)
FN:952,(anonymous_41)
FN:955,(anonymous_42)
FN:957,(anonymous_43)
FN:1018,(anonymous_44)
FN:1032,(anonymous_45)
FN:1046,(anonymous_46)
FN:1053,(anonymous_47)
FN:1060,(anonymous_48)
FN:1083,(anonymous_49)
FN:1104,(anonymous_50)
FN:1241,(anonymous_51)
FN:1253,(anonymous_52)
FN:1272,(anonymous_53)
FN:1278,(anonymous_54)
FN:1295,(anonymous_55)
FN:1305,(anonymous_56)
FN:1319,(anonymous_57)
FN:1354,(anonymous_58)
FN:1363,(anonymous_59)
FNF:60
FNH:15
FNDA:6,(anonymous_0)
FNDA:6,(anonymous_1)
FNDA:67,(anonymous_2)
FNDA:8,(anonymous_3)
FNDA:8,(anonymous_4)
FNDA:8,(anonymous_5)
FNDA:8,(anonymous_6)
FNDA:0,(anonymous_7)
FNDA:8,(anonymous_8)
FNDA:0,(anonymous_9)
FNDA:0,(anonymous_10)
FNDA:0,(anonymous_11)
FNDA:61,(anonymous_12)
FNDA:0,(anonymous_13)
FNDA:305,(anonymous_14)
FNDA:0,(anonymous_15)
FNDA:0,(anonymous_16)
FNDA:0,(anonymous_17)
FNDA:8,(anonymous_18)
FNDA:8,(anonymous_19)
FNDA:67,(anonymous_20)
FNDA:59,(anonymous_21)
FNDA:0,(anonymous_22)
FNDA:61,(anonymous_23)
FNDA:0,(anonymous_24)
FNDA:0,(anonymous_25)
FNDA:0,(anonymous_26)
FNDA:0,(anonymous_27)
FNDA:0,(anonymous_28)
FNDA:0,(anonymous_29)
FNDA:0,(anonymous_30)
FNDA:0,(anonymous_31)
FNDA:0,(anonymous_32)
FNDA:0,(anonymous_33)
FNDA:0,(anonymous_34)
FNDA:0,(anonymous_35)
FNDA:0,(anonymous_36)
FNDA:0,(anonymous_37)
FNDA:0,(anonymous_38)
FNDA:0,(anonymous_39)
FNDA:0,(anonymous_40)
FNDA:0,(anonymous_41)
FNDA:0,(anonymous_42)
FNDA:0,(anonymous_43)
FNDA:0,(anonymous_44)
FNDA:0,(anonymous_45)
FNDA:0,(anonymous_46)
FNDA:0,(anonymous_47)
FNDA:0,(anonymous_48)
FNDA:0,(anonymous_49)
FNDA:0,(anonymous_50)
FNDA:0,(anonymous_51)
FNDA:0,(anonymous_52)
FNDA:0,(anonymous_53)
FNDA:0,(anonymous_54)
FNDA:0,(anonymous_55)
FNDA:0,(anonymous_56)
FNDA:0,(anonymous_57)
FNDA:0,(anonymous_58)
FNDA:0,(anonymous_59)
DA:11,6
DA:23,6
DA:35,6
DA:72,6
DA:86,6
DA:114,6
DA:115,6
DA:116,6
DA:117,6
DA:127,6
DA:140,67
DA:141,0
DA:144,67
DA:145,67
DA:156,8
DA:157,0
DA:160,8
DA:168,8
DA:180,8
DA:181,8
DA:183,8
DA:185,0
DA:186,0
DA:188,0
DA:189,0
DA:191,0
DA:192,0
DA:194,8
DA:195,8
DA:208,8
DA:209,0
DA:212,8
DA:224,8
DA:227,8
DA:228,8
DA:229,8
DA:233,8
DA:234,8
DA:238,8
DA:241,8
DA:242,0
DA:246,8
DA:258,0
DA:264,0
DA:265,0
DA:269,0
DA:270,0
DA:274,0
DA:276,0
DA:277,0
DA:279,0
DA:280,0
DA:281,0
DA:283,0
DA:287,0
DA:290,0
DA:301,8
DA:302,0
DA:305,8
DA:306,0
DA:310,8
DA:311,0
DA:312,0
DA:315,0
DA:317,0
DA:319,0
DA:320,0
DA:323,0
DA:325,0
DA:326,0
DA:328,0
DA:331,0
DA:335,0
DA:338,8
DA:349,0
DA:350,0
DA:353,0
DA:354,0
DA:358,0
DA:367,61
DA:368,0
DA:369,0
DA:371,0
DA:381,305
DA:382,0
DA:383,0
DA:385,0
DA:395,0
DA:396,0
DA:397,0
DA:399,0
DA:409,8
DA:410,8
DA:411,8
DA:413,8
DA:426,67
DA:427,0
DA:428,0
DA:430,0
DA:431,0
DA:434,0
DA:435,0
DA:438,0
DA:451,59
DA:452,0
DA:453,0
DA:459,0
DA:460,0
DA:463,0
DA:464,0
DA:467,0
DA:481,0
DA:482,0
DA:488,0
DA:489,0
DA:494,0
DA:495,0
DA:498,0
DA:499,0
DA:504,0
DA:505,0
DA:510,0
DA:511,0
DA:514,0
DA:515,0
DA:520,0
DA:521,0
DA:524,0
DA:534,61
DA:535,61
DA:538,61
DA:539,0
DA:542,61
DA:543,0
DA:546,61
DA:547,61
DA:550,61
DA:551,0
DA:554,61
DA:555,0
DA:558,61
DA:559,61
DA:562,61
DA:563,61
DA:566,61
DA:567,0
DA:570,61
DA:571,0
DA:583,0
DA:584,0
DA:585,0
DA:590,0
DA:599,0
DA:600,0
DA:601,0
DA:602,0
DA:605,0
DA:615,0
DA:616,0
DA:627,0
DA:628,0
DA:629,0
DA:630,0
DA:632,0
DA:644,0
DA:647,0
DA:648,0
DA:649,0
DA:652,0
DA:653,0
DA:656,0
DA:657,0
DA:660,0
DA:661,0
DA:664,0
DA:665,0
DA:669,0
DA:682,0
DA:683,0
DA:686,0
DA:687,0
DA:695,0
DA:697,0
DA:703,0
DA:719,0
DA:720,0
DA:723,0
DA:724,0
DA:727,0
DA:728,0
DA:729,0
DA:733,0
DA:737,0
DA:741,0
DA:742,0
DA:746,0
DA:747,0
DA:749,0
DA:752,0
DA:753,0
DA:754,0
DA:758,0
DA:759,0
DA:760,0
DA:764,0
DA:774,0
DA:775,0
DA:780,0
DA:781,0
DA:783,0
DA:784,0
DA:786,0
DA:787,0
DA:790,0
DA:804,0
DA:805,0
DA:808,0
DA:832,0
DA:859,0
DA:866,0
DA:867,0
DA:868,0
DA:871,0
DA:872,0
DA:876,0
DA:896,0
DA:897,0
DA:901,0
DA:903,0
DA:904,0
DA:912,0
DA:913,0
DA:914,0
DA:917,0
DA:919,0
DA:920,0
DA:921,0
DA:924,0
DA:926,0
DA:927,0
DA:928,0
DA:929,0
DA:939,0
DA:940,0
DA:943,0
DA:944,0
DA:949,0
DA:950,0
DA:952,0
DA:954,0
DA:955,0
DA:957,0
DA:960,0
DA:961,0
DA:963,0
DA:964,0
DA:965,0
DA:966,0
DA:967,0
DA:968,0
DA:971,0
DA:972,0
DA:973,0
DA:976,0
DA:977,0
DA:978,0
DA:982,0
DA:1019,0
DA:1020,0
DA:1021,0
DA:1024,0
DA:1026,0
DA:1027,0
DA:1028,0
DA:1030,0
DA:1031,0
DA:1032,0
DA:1033,0
DA:1037,0
DA:1038,0
DA:1039,0
DA:1040,0
DA:1041,0
DA:1042,0
DA:1044,0
DA:1045,0
DA:1046,0
DA:1047,0
DA:1051,0
DA:1052,0
DA:1053,0
DA:1054,0
DA:1058,0
DA:1059,0
DA:1060,0
DA:1061,0
DA:1062,0
DA:1063,0
DA:1067,0
DA:1068,0
DA:1069,0
DA:1070,0
DA:1072,0
DA:1084,0
DA:1085,0
DA:1088,0
DA:1089,0
DA:1092,0
DA:1094,0
DA:1105,0
DA:1107,0
DA:1109,0
DA:1115,0
DA:1121,0
DA:1124,0
DA:1130,0
DA:1136,0
DA:1142,0
DA:1145,0
DA:1151,0
DA:1157,0
DA:1163,0
DA:1166,0
DA:1172,0
DA:1178,0
DA:1184,0
DA:1187,0
DA:1193,0
DA:1199,0
DA:1205,0
DA:1208,0
DA:1214,0
DA:1220,0
DA:1223,0
DA:1229,0
DA:1235,0
DA:1239,0
DA:1240,0
DA:1241,0
DA:1244,0
DA:1245,0
DA:1252,0
DA:1253,0
DA:1255,0
DA:1256,0
DA:1262,0
DA:1263,0
DA:1273,0
DA:1274,0
DA:1277,0
DA:1280,0
DA:1281,0
DA:1282,0
DA:1284,0
DA:1285,0
DA:1288,0
DA:1296,0
DA:1298,0
DA:1299,0
DA:1300,0
DA:1303,0
DA:1305,0
DA:1306,0
DA:1307,0
DA:1308,0
DA:1309,0
DA:1320,0
DA:1321,0
DA:1323,0
DA:1348,0
DA:1355,0
DA:1357,0
DA:1358,0
DA:1359,0
DA:1361,0
DA:1362,0
DA:1363,0
DA:1364,0
DA:1368,0
DA:1369,0
DA:1374,6
LF:381
LH:59
BRDA:71,0,0,6
BRDA:73,1,0,6
BRDA:73,1,1,6
BRDA:77,2,0,6
BRDA:77,2,1,6
BRDA:78,3,0,6
BRDA:78,3,1,6
BRDA:79,4,0,6
BRDA:79,4,1,6
BRDA:80,5,0,6
BRDA:80,5,1,6
BRDA:81,6,0,6
BRDA:81,6,1,6
BRDA:82,7,0,6
BRDA:82,7,1,6
BRDA:127,8,0,6
BRDA:127,8,1,6
BRDA:127,8,2,6
BRDA:140,9,0,0
BRDA:140,9,1,67
BRDA:145,10,0,67
BRDA:145,10,1,0
BRDA:156,11,0,0
BRDA:156,11,1,8
BRDA:168,12,0,8
BRDA:168,12,1,0
BRDA:180,13,0,8
BRDA:180,13,1,0
BRDA:183,14,0,0
BRDA:183,14,1,0
BRDA:183,14,2,0
BRDA:183,14,3,8
BRDA:208,15,0,0
BRDA:208,15,1,8
BRDA:227,16,0,8
BRDA:227,16,1,0
BRDA:233,17,0,8
BRDA:233,17,1,0
BRDA:241,18,0,0
BRDA:241,18,1,8
BRDA:264,19,0,0
BRDA:264,19,1,0
BRDA:269,20,0,0
BRDA:269,20,1,0
BRDA:274,21,0,0
BRDA:274,21,1,0
BRDA:274,22,0,0
BRDA:274,22,1,0
BRDA:274,22,2,0
BRDA:277,23,0,0
BRDA:277,23,1,0
BRDA:277,24,0,0
BRDA:277,24,1,0
BRDA:280,25,0,0
BRDA:280,25,1,0
BRDA:280,26,0,0
BRDA:280,26,1,0
BRDA:287,27,0,0
BRDA:287,27,1,0
BRDA:301,28,0,0
BRDA:301,28,1,8
BRDA:305,29,0,0
BRDA:305,29,1,8
BRDA:305,30,0,8
BRDA:305,30,1,8
BRDA:310,31,0,0
BRDA:310,31,1,8
BRDA:311,32,0,0
BRDA:311,32,1,0
BRDA:323,33,0,0
BRDA:323,33,1,0
BRDA:323,34,0,0
BRDA:323,34,1,0
BRDA:326,35,0,0
BRDA:326,35,1,0
BRDA:326,36,0,0
BRDA:326,36,1,0
BRDA:349,37,0,0
BRDA:349,37,1,0
BRDA:353,38,0,0
BRDA:353,38,1,0
BRDA:367,39,0,0
BRDA:367,39,1,61
BRDA:368,40,0,0
BRDA:368,40,1,0
BRDA:381,41,0,0
BRDA:381,41,1,305
BRDA:382,42,0,0
BRDA:382,42,1,0
BRDA:395,43,0,0
BRDA:395,43,1,0
BRDA:396,44,0,0
BRDA:396,44,1,0
BRDA:409,45,0,8
BRDA:409,45,1,0
BRDA:410,46,0,8
BRDA:410,46,1,0
BRDA:425,47,0,0
BRDA:426,48,0,0
BRDA:426,48,1,67
BRDA:430,49,0,0
BRDA:430,49,1,0
BRDA:430,50,0,0
BRDA:430,50,1,0
BRDA:434,51,0,0
BRDA:434,51,1,0
BRDA:434,52,0,0
BRDA:434,52,1,0
BRDA:450,53,0,0
BRDA:451,54,0,0
BRDA:451,54,1,59
BRDA:456,55,0,0
BRDA:456,55,1,0
BRDA:459,56,0,0
BRDA:459,56,1,0
BRDA:459,57,0,0
BRDA:459,57,1,0
BRDA:463,58,0,0
BRDA:463,58,1,0
BRDA:463,59,0,0
BRDA:463,59,1,0
BRDA:480,60,0,0
BRDA:481,61,0,0
BRDA:481,61,1,0
BRDA:488,62,0,0
BRDA:488,62,1,0
BRDA:494,63,0,0
BRDA:494,63,1,0
BRDA:494,64,0,0
BRDA:494,64,1,0
BRDA:498,65,0,0
BRDA:498,65,1,0
BRDA:498,66,0,0
BRDA:498,66,1,0
BRDA:504,67,0,0
BRDA:504,67,1,0
BRDA:510,68,0,0
BRDA:510,68,1,0
BRDA:510,69,0,0
BRDA:510,69,1,0
BRDA:514,70,0,0
BRDA:514,70,1,0
BRDA:514,71,0,0
BRDA:514,71,1,0
BRDA:520,72,0,0
BRDA:520,72,1,0
BRDA:520,73,0,0
BRDA:520,73,1,0
BRDA:533,74,0,0
BRDA:534,75,0,61
BRDA:534,75,1,0
BRDA:538,76,0,0
BRDA:538,76,1,61
BRDA:542,77,0,0
BRDA:542,77,1,61
BRDA:546,78,0,61
BRDA:546,78,1,0
BRDA:550,79,0,0
BRDA:550,79,1,61
BRDA:554,80,0,0
BRDA:554,80,1,61
BRDA:558,81,0,61
BRDA:558,81,1,0
BRDA:562,82,0,61
BRDA:562,82,1,0
BRDA:566,83,0,0
BRDA:566,83,1,61
BRDA:570,84,0,0
BRDA:570,84,1,61
BRDA:582,85,0,0
BRDA:584,86,0,0
BRDA:584,86,1,0
BRDA:585,87,0,0
BRDA:585,87,1,0
BRDA:601,88,0,0
BRDA:601,88,1,0
BRDA:626,89,0,0
BRDA:627,90,0,0
BRDA:629,91,0,0
BRDA:629,91,1,0
BRDA:643,92,0,0
BRDA:647,93,0,0
BRDA:647,93,1,0
BRDA:647,94,0,0
BRDA:647,94,1,0
BRDA:648,95,0,0
BRDA:648,95,1,0
BRDA:652,96,0,0
BRDA:652,96,1,0
BRDA:656,97,0,0
BRDA:656,97,1,0
BRDA:660,98,0,0
BRDA:660,98,1,0
BRDA:664,99,0,0
BRDA:664,99,1,0
BRDA:681,100,0,0
BRDA:682,101,0,0
BRDA:682,101,1,0
BRDA:690,102,0,0
BRDA:690,102,1,0
BRDA:691,103,0,0
BRDA:691,103,1,0
BRDA:718,104,0,0
BRDA:719,105,0,0
BRDA:719,105,1,0
BRDA:719,106,0,0
BRDA:719,106,1,0
BRDA:741,107,0,0
BRDA:741,107,1,0
BRDA:746,108,0,0
BRDA:746,108,1,0
BRDA:752,109,0,0
BRDA:752,109,1,0
BRDA:753,110,0,0
BRDA:753,110,1,0
BRDA:758,111,0,0
BRDA:758,111,1,0
BRDA:759,112,0,0
BRDA:759,112,1,0
BRDA:774,113,0,0
BRDA:774,113,1,0
BRDA:780,114,0,0
BRDA:780,114,1,0
BRDA:783,115,0,0
BRDA:783,115,1,0
BRDA:786,116,0,0
BRDA:786,116,1,0
BRDA:804,117,0,0
BRDA:804,117,1,0
BRDA:813,118,0,0
BRDA:813,118,1,0
BRDA:866,119,0,0
BRDA:866,119,1,0
BRDA:872,120,0,0
BRDA:872,120,1,0
BRDA:882,121,0,0
BRDA:882,121,1,0
BRDA:896,122,0,0
BRDA:896,122,1,0
BRDA:912,123,0,0
BRDA:912,123,1,0
BRDA:919,124,0,0
BRDA:919,124,1,0
BRDA:928,125,0,0
BRDA:928,125,1,0
BRDA:944,126,0,0
BRDA:944,126,1,0
BRDA:949,127,0,0
BRDA:949,127,1,0
BRDA:954,128,0,0
BRDA:954,128,1,0
BRDA:963,129,0,0
BRDA:963,129,1,0
BRDA:966,130,0,0
BRDA:966,130,1,0
BRDA:971,131,0,0
BRDA:971,131,1,0
BRDA:972,132,0,0
BRDA:972,132,1,0
BRDA:976,133,0,0
BRDA:976,133,1,0
BRDA:977,134,0,0
BRDA:977,134,1,0
BRDA:997,135,0,0
BRDA:997,135,1,0
BRDA:997,136,0,0
BRDA:997,136,1,0
BRDA:1004,137,0,0
BRDA:1004,137,1,0
BRDA:1019,138,0,0
BRDA:1019,138,1,0
BRDA:1030,139,0,0
BRDA:1030,139,1,0
BRDA:1044,140,0,0
BRDA:1044,140,1,0
BRDA:1051,141,0,0
BRDA:1051,141,1,0
BRDA:1058,142,0,0
BRDA:1058,142,1,0
BRDA:1062,143,0,0
BRDA:1062,143,1,0
BRDA:1083,144,0,0
BRDA:1084,145,0,0
BRDA:1084,145,1,0
BRDA:1088,146,0,0
BRDA:1088,146,1,0
BRDA:1107,147,0,0
BRDA:1107,147,1,0
BRDA:1107,147,2,0
BRDA:1107,147,3,0
BRDA:1107,147,4,0
BRDA:1107,147,5,0
BRDA:1107,147,6,0
BRDA:1241,148,0,0
BRDA:1241,148,1,0
BRDA:1244,149,0,0
BRDA:1244,149,1,0
BRDA:1253,150,0,0
BRDA:1253,150,1,0
BRDA:1255,151,0,0
BRDA:1255,151,1,0
BRDA:1256,152,0,0
BRDA:1256,152,1,0
BRDA:1262,153,0,0
BRDA:1262,153,1,0
BRDA:1273,154,0,0
BRDA:1273,154,1,0
BRDA:1281,155,0,0
BRDA:1281,155,1,0
BRDA:1282,156,0,0
BRDA:1282,156,1,0
BRDA:1284,157,0,0
BRDA:1284,157,1,0
BRDA:1288,158,0,0
BRDA:1288,158,1,0
BRDA:1288,159,0,0
BRDA:1288,159,1,0
BRDA:1298,160,0,0
BRDA:1298,160,1,0
BRDA:1308,161,0,0
BRDA:1308,161,1,0
BRDA:1326,162,0,0
BRDA:1326,162,1,0
BRDA:1327,163,0,0
BRDA:1327,163,1,0
BRDA:1330,164,0,0
BRDA:1330,164,1,0
BRDA:1335,165,0,0
BRDA:1335,165,1,0
BRDA:1336,166,0,0
BRDA:1336,166,1,0
BRDA:1337,167,0,0
BRDA:1337,167,1,0
BRDA:1338,168,0,0
BRDA:1338,168,1,0
BRDA:1361,169,0,0
BRDA:1361,169,1,0
BRF:337
BRH:49
end_of_record
TN:
SF:http\RequestFingerprinter.js
FN:24,(anonymous_0)
FN:46,(anonymous_1)
FN:131,(anonymous_2)
FN:202,(anonymous_3)
FN:245,(anonymous_4)
FN:264,(anonymous_5)
FN:313,(anonymous_6)
FN:356,(anonymous_7)
FN:374,(anonymous_8)
FN:390,(anonymous_9)
FN:395,(anonymous_10)
FN:403,(anonymous_11)
FN:407,(anonymous_12)
FNF:13
FNH:13
FNDA:226,(anonymous_0)
FNDA:77,(anonymous_1)
FNDA:86,(anonymous_2)
FNDA:80,(anonymous_3)
FNDA:78,(anonymous_4)
FNDA:82,(anonymous_5)
FNDA:78,(anonymous_6)
FNDA:77,(anonymous_7)
FNDA:77,(anonymous_8)
FNDA:4,(anonymous_9)
FNDA:4,(anonymous_10)
FNDA:3,(anonymous_11)
FNDA:2,(anonymous_12)
DA:25,226
DA:34,226
DA:47,77
DA:48,77
DA:49,77
DA:52,77
DA:53,77
DA:54,77
DA:56,77
DA:57,77
DA:58,70
DA:59,4
DA:60,4
DA:63,4
DA:64,0
DA:65,4
DA:66,0
DA:74,77
DA:85,77
DA:86,76
DA:90,77
DA:91,4
DA:94,77
DA:95,62
DA:99,77
DA:101,76
DA:102,76
DA:105,76
DA:106,76
DA:107,76
DA:111,77
DA:114,77
DA:117,77
DA:118,77
DA:121,0
DA:132,86
DA:133,86
DA:134,86
DA:135,86
DA:136,86
DA:138,86
DA:139,86
DA:140,79
DA:143,13
DA:144,0
DA:145,0
DA:146,0
DA:147,0
DA:148,0
DA:150,0
DA:153,13
DA:157,13
DA:158,2
DA:159,11
DA:160,1
DA:161,10
DA:162,1
DA:163,9
DA:164,3
DA:165,6
DA:168,2
DA:172,13
DA:173,3
DA:174,10
DA:175,4
DA:177,6
DA:184,86
DA:185,86
DA:186,86
DA:189,86
DA:190,3
DA:193,86
DA:204,80
DA:227,80
DA:229,80
DA:230,1
DA:231,79
DA:232,1
DA:235,80
DA:236,80
DA:247,78
DA:250,78
DA:251,1067
DA:252,1067
DA:256,78
DA:266,82
DA:300,82
DA:301,84
DA:304,82
DA:305,82
DA:314,78
DA:348,78
DA:357,77
DA:366,77
DA:375,77
DA:381,77
DA:391,4
DA:392,4
DA:393,4
DA:395,4
DA:404,3
DA:406,3
DA:409,2
DA:416,2
DA:417,2
DA:421,2
LF:106
LH:97
BRDA:24,0,0,99
BRDA:29,1,0,226
BRDA:29,1,1,101
BRDA:30,2,0,226
BRDA:30,2,1,103
BRDA:46,3,0,5
BRDA:47,4,0,77
BRDA:47,4,1,7
BRDA:48,5,0,77
BRDA:48,5,1,7
BRDA:49,6,0,77
BRDA:49,6,1,74
BRDA:57,7,0,70
BRDA:57,7,1,7
BRDA:63,8,0,0
BRDA:63,8,1,4
BRDA:65,9,0,0
BRDA:65,9,1,4
BRDA:65,10,0,4
BRDA:65,10,1,4
BRDA:85,11,0,76
BRDA:85,11,1,1
BRDA:90,12,0,4
BRDA:90,12,1,73
BRDA:94,13,0,62
BRDA:94,13,1,15
BRDA:94,14,0,77
BRDA:94,14,1,70
BRDA:99,15,0,76
BRDA:99,15,1,1
BRDA:117,16,0,77
BRDA:117,16,1,0
BRDA:139,17,0,79
BRDA:139,17,1,7
BRDA:143,18,0,0
BRDA:143,18,1,13
BRDA:143,19,0,13
BRDA:143,19,1,0
BRDA:145,20,0,0
BRDA:145,20,1,0
BRDA:147,21,0,0
BRDA:147,21,1,0
BRDA:157,22,0,2
BRDA:157,22,1,11
BRDA:159,23,0,1
BRDA:159,23,1,10
BRDA:161,24,0,1
BRDA:161,24,1,9
BRDA:163,25,0,3
BRDA:163,25,1,6
BRDA:165,26,0,2
BRDA:165,26,1,4
BRDA:165,27,0,6
BRDA:165,27,1,4
BRDA:165,27,2,4
BRDA:172,28,0,3
BRDA:172,28,1,10
BRDA:172,29,0,13
BRDA:172,29,1,12
BRDA:174,30,0,4
BRDA:174,30,1,6
BRDA:174,31,0,10
BRDA:174,31,1,8
BRDA:174,31,2,7
BRDA:189,32,0,3
BRDA:189,32,1,83
BRDA:202,33,0,0
BRDA:229,34,0,1
BRDA:229,34,1,79
BRDA:231,35,0,1
BRDA:231,35,1,78
BRDA:302,36,0,84
BRDA:302,36,1,2
BRDA:390,37,0,0
BRDA:416,38,0,2
BRDA:416,38,1,0
BRF:76
BRH:64
end_of_record
TN:
SF:http\RetryStrategy.js
FN:27,(anonymous_0)
FN:49,(anonymous_1)
FN:91,(anonymous_2)
FN:117,(anonymous_3)
FN:145,(anonymous_4)
FN:178,(anonymous_5)
FN:215,(anonymous_6)
FN:249,(anonymous_7)
FN:253,(anonymous_8)
FN:280,(anonymous_9)
FNF:10
FNH:10
FNDA:115,(anonymous_0)
FNDA:115,(anonymous_1)
FNDA:6,(anonymous_2)
FNDA:4,(anonymous_3)
FNDA:17,(anonymous_4)
FNDA:10,(anonymous_5)
FNDA:6,(anonymous_6)
FNDA:7,(anonymous_7)
FNDA:6,(anonymous_8)
FNDA:3,(anonymous_9)
DA:28,115
DA:40,115
DA:50,115
DA:51,1
DA:54,114
DA:55,1
DA:58,113
DA:59,1
DA:62,112
DA:63,1
DA:66,111
DA:67,2
DA:70,109
DA:71,1
DA:74,108
DA:75,1
DA:78,107
DA:79,1
DA:92,6
DA:93,1
DA:96,5
DA:97,5
DA:99,5
DA:100,9
DA:102,9
DA:103,4
DA:104,4
DA:107,4
DA:108,1
DA:117,4
DA:121,9
DA:123,4
DA:126,4
DA:127,0
DA:130,4
DA:135,0
DA:147,17
DA:150,17
DA:153,17
DA:154,2
DA:155,2
DA:157,1
DA:162,17
DA:163,17
DA:164,17
DA:168,17
DA:180,10
DA:181,1
DA:185,9
DA:186,1
DA:192,8
DA:193,5
DA:197,3
DA:198,1
DA:202,2
DA:203,1
DA:206,1
DA:217,6
DA:218,2
DA:219,1
DA:224,5
DA:225,3
DA:227,3
DA:231,2
DA:236,3
DA:238,1
DA:241,2
DA:250,7
DA:252,7
DA:255,6
DA:256,1
DA:260,5
DA:262,5
DA:264,3
DA:267,3
DA:270,3
DA:271,1
DA:280,3
DA:283,3
DA:285,3
DA:286,3
DA:287,0
DA:288,0
DA:289,0
DA:291,0
DA:294,3
DA:295,2
DA:298,1
DA:303,2
LF:89
LH:83
BRDA:27,0,0,40
BRDA:29,1,0,63
BRDA:29,1,1,52
BRDA:30,2,0,64
BRDA:30,2,1,51
BRDA:31,3,0,64
BRDA:31,3,1,51
BRDA:32,4,0,64
BRDA:32,4,1,51
BRDA:33,5,0,64
BRDA:33,5,1,51
BRDA:34,6,0,115
BRDA:34,6,1,113
BRDA:35,7,0,115
BRDA:35,7,1,112
BRDA:36,8,0,115
BRDA:36,8,1,111
BRDA:50,9,0,1
BRDA:50,9,1,114
BRDA:54,10,0,1
BRDA:54,10,1,113
BRDA:58,11,0,1
BRDA:58,11,1,112
BRDA:62,12,0,1
BRDA:62,12,1,111
BRDA:66,13,0,2
BRDA:66,13,1,109
BRDA:66,14,0,111
BRDA:66,14,1,110
BRDA:70,15,0,1
BRDA:70,15,1,108
BRDA:74,16,0,1
BRDA:74,16,1,107
BRDA:74,17,0,108
BRDA:74,17,1,3
BRDA:78,18,0,1
BRDA:78,18,1,106
BRDA:78,19,0,107
BRDA:78,19,1,4
BRDA:91,20,0,5
BRDA:92,21,0,1
BRDA:92,21,1,5
BRDA:102,22,0,4
BRDA:102,22,1,5
BRDA:107,23,0,1
BRDA:107,23,1,3
BRDA:126,24,0,0
BRDA:126,24,1,4
BRDA:126,25,0,4
BRDA:126,25,1,4
BRDA:145,26,0,8
BRDA:153,27,0,2
BRDA:153,27,1,15
BRDA:153,28,0,17
BRDA:153,28,1,9
BRDA:153,28,2,2
BRDA:153,28,3,2
BRDA:155,29,0,1
BRDA:155,29,1,1
BRDA:162,30,0,17
BRDA:162,30,1,0
BRDA:180,31,0,1
BRDA:180,31,1,9
BRDA:185,32,0,1
BRDA:185,32,1,8
BRDA:192,33,0,5
BRDA:192,33,1,3
BRDA:197,34,0,1
BRDA:197,34,1,2
BRDA:197,35,0,3
BRDA:197,35,1,3
BRDA:202,36,0,1
BRDA:202,36,1,1
BRDA:217,37,0,2
BRDA:217,37,1,4
BRDA:217,38,0,6
BRDA:217,38,1,6
BRDA:217,38,2,2
BRDA:218,39,0,1
BRDA:218,39,1,1
BRDA:224,40,0,3
BRDA:224,40,1,2
BRDA:224,41,0,5
BRDA:224,41,1,5
BRDA:225,42,0,2
BRDA:225,42,1,1
BRDA:227,43,0,2
BRDA:227,43,1,1
BRDA:227,44,0,3
BRDA:227,44,1,2
BRDA:227,44,2,1
BRDA:227,44,3,1
BRDA:236,45,0,1
BRDA:236,45,1,2
BRDA:236,46,0,3
BRDA:236,46,1,3
BRDA:255,47,0,1
BRDA:255,47,1,5
BRDA:255,48,0,6
BRDA:255,48,1,6
BRDA:260,49,0,5
BRDA:260,49,1,4
BRDA:262,50,0,3
BRDA:262,50,1,2
BRDA:262,51,0,5
BRDA:262,51,1,4
BRDA:270,52,0,1
BRDA:270,52,1,2
BRDA:286,53,0,0
BRDA:286,53,1,3
BRDA:289,54,0,0
BRDA:289,54,1,0
BRF:112
BRH:107
end_of_record
TN:
SF:http\config.js
FN:60,mergeConfig
FN:70,(anonymous_1)
FN:96,validateConfig
FN:329,getEnvironmentConfig
FN:430,getCompleteConfig
FNF:5
FNH:3
FNDA:61,mergeConfig
FNDA:183,(anonymous_1)
FNDA:23,validateConfig
FNDA:0,getEnvironmentConfig
FNDA:0,getCompleteConfig
DA:9,7
DA:62,61
DA:65,61
DA:66,0
DA:70,61
DA:72,183
DA:79,61
DA:83,122
DA:87,61
DA:98,23
DA:99,0
DA:103,23
DA:104,0
DA:108,23
DA:109,23
DA:110,0
DA:113,23
DA:117,0
DA:120,23
DA:124,0
DA:127,23
DA:131,0
DA:134,23
DA:138,0
DA:141,23
DA:147,0
DA:152,23
DA:153,0
DA:157,23
DA:158,23
DA:159,0
DA:162,23
DA:166,0
DA:169,23
DA:173,0
DA:176,23
DA:180,0
DA:183,23
DA:187,0
DA:192,23
DA:193,23
DA:194,0
DA:197,23
DA:201,0
DA:204,23
DA:209,0
DA:212,23
DA:217,0
DA:220,23
DA:225,0
DA:229,23
DA:230,0
DA:231,0
DA:233,0
DA:234,0
DA:240,23
DA:241,23
DA:242,0
DA:245,23
DA:249,0
DA:252,23
DA:256,0
DA:259,23
DA:263,0
DA:266,23
DA:270,0
DA:273,23
DA:277,0
DA:282,23
DA:283,23
DA:284,0
DA:287,23
DA:292,0
DA:296,23
DA:297,23
DA:302,0
DA:305,23
DA:310,0
DA:314,23
DA:315,0
DA:318,23
DA:319,0
DA:330,0
DA:333,0
DA:334,0
DA:338,0
DA:339,0
DA:340,0
DA:341,0
DA:346,0
DA:347,0
DA:349,0
DA:350,0
DA:351,0
DA:352,0
DA:353,0
DA:357,0
DA:358,0
DA:359,0
DA:360,0
DA:361,0
DA:365,0
DA:366,0
DA:367,0
DA:368,0
DA:369,0
DA:373,0
DA:374,0
DA:375,0
DA:376,0
DA:377,0
DA:381,0
DA:382,0
DA:383,0
DA:384,0
DA:385,0
DA:389,0
DA:390,0
DA:394,0
DA:395,0
DA:397,0
DA:398,0
DA:399,0
DA:402,0
DA:403,0
DA:404,0
DA:407,0
DA:408,0
DA:409,0
DA:412,0
DA:413,0
DA:414,0
DA:417,0
DA:418,0
DA:421,0
DA:432,0
DA:435,0
DA:436,0
DA:439,0
DA:442,0
DA:444,0
LF:141
LH:46
BRDA:60,0,0,61
BRDA:65,1,0,0
BRDA:65,1,1,61
BRDA:72,2,0,61
BRDA:72,2,1,122
BRDA:73,3,0,183
BRDA:73,3,1,61
BRDA:73,3,2,61
BRDA:73,3,3,61
BRDA:73,3,4,61
BRDA:98,4,0,0
BRDA:98,4,1,23
BRDA:98,5,0,23
BRDA:98,5,1,23
BRDA:103,6,0,0
BRDA:103,6,1,23
BRDA:103,7,0,23
BRDA:103,7,1,23
BRDA:103,7,2,23
BRDA:108,8,0,23
BRDA:108,8,1,0
BRDA:109,9,0,0
BRDA:109,9,1,23
BRDA:113,10,0,0
BRDA:113,10,1,23
BRDA:114,11,0,23
BRDA:114,11,1,23
BRDA:114,11,2,23
BRDA:120,12,0,0
BRDA:120,12,1,23
BRDA:121,13,0,23
BRDA:121,13,1,23
BRDA:121,13,2,23
BRDA:127,14,0,0
BRDA:127,14,1,23
BRDA:128,15,0,23
BRDA:128,15,1,23
BRDA:128,15,2,23
BRDA:134,16,0,0
BRDA:134,16,1,23
BRDA:135,17,0,23
BRDA:135,17,1,23
BRDA:135,17,2,23
BRDA:141,18,0,0
BRDA:141,18,1,23
BRDA:142,19,0,23
BRDA:142,19,1,23
BRDA:142,19,2,23
BRDA:142,19,3,23
BRDA:152,20,0,0
BRDA:152,20,1,23
BRDA:152,21,0,23
BRDA:152,21,1,23
BRDA:157,22,0,23
BRDA:157,22,1,0
BRDA:158,23,0,0
BRDA:158,23,1,23
BRDA:162,24,0,0
BRDA:162,24,1,23
BRDA:163,25,0,23
BRDA:163,25,1,23
BRDA:169,26,0,0
BRDA:169,26,1,23
BRDA:170,27,0,23
BRDA:170,27,1,23
BRDA:176,28,0,0
BRDA:176,28,1,23
BRDA:177,29,0,23
BRDA:177,29,1,23
BRDA:183,30,0,0
BRDA:183,30,1,23
BRDA:184,31,0,23
BRDA:184,31,1,23
BRDA:192,32,0,23
BRDA:192,32,1,0
BRDA:193,33,0,0
BRDA:193,33,1,23
BRDA:197,34,0,0
BRDA:197,34,1,23
BRDA:198,35,0,23
BRDA:198,35,1,23
BRDA:204,36,0,0
BRDA:204,36,1,23
BRDA:205,37,0,23
BRDA:205,37,1,23
BRDA:205,37,2,0
BRDA:212,38,0,0
BRDA:212,38,1,23
BRDA:213,39,0,23
BRDA:213,39,1,23
BRDA:213,39,2,0
BRDA:213,39,3,0
BRDA:213,39,4,0
BRDA:220,40,0,0
BRDA:220,40,1,23
BRDA:221,41,0,23
BRDA:221,41,1,23
BRDA:221,41,2,23
BRDA:229,42,0,0
BRDA:229,42,1,23
BRDA:230,43,0,0
BRDA:230,43,1,0
BRDA:233,44,0,0
BRDA:233,44,1,0
BRDA:240,45,0,23
BRDA:240,45,1,0
BRDA:241,46,0,0
BRDA:241,46,1,23
BRDA:245,47,0,0
BRDA:245,47,1,23
BRDA:246,48,0,23
BRDA:246,48,1,23
BRDA:252,49,0,0
BRDA:252,49,1,23
BRDA:253,50,0,23
BRDA:253,50,1,23
BRDA:253,50,2,23
BRDA:259,51,0,0
BRDA:259,51,1,23
BRDA:260,52,0,23
BRDA:260,52,1,23
BRDA:260,52,2,23
BRDA:266,53,0,0
BRDA:266,53,1,23
BRDA:267,54,0,23
BRDA:267,54,1,23
BRDA:267,54,2,23
BRDA:273,55,0,0
BRDA:273,55,1,23
BRDA:274,56,0,23
BRDA:274,56,1,23
BRDA:282,57,0,23
BRDA:282,57,1,0
BRDA:283,58,0,0
BRDA:283,58,1,23
BRDA:287,59,0,0
BRDA:287,59,1,23
BRDA:288,60,0,23
BRDA:288,60,1,23
BRDA:288,60,2,23
BRDA:297,61,0,0
BRDA:297,61,1,23
BRDA:298,62,0,23
BRDA:298,62,1,23
BRDA:298,62,2,23
BRDA:305,63,0,0
BRDA:305,63,1,23
BRDA:306,64,0,23
BRDA:306,64,1,23
BRDA:306,64,2,0
BRDA:314,65,0,0
BRDA:314,65,1,23
BRDA:314,66,0,23
BRDA:314,66,1,0
BRDA:318,67,0,0
BRDA:318,67,1,23
BRDA:318,68,0,23
BRDA:318,68,1,0
BRDA:333,69,0,0
BRDA:333,69,1,0
BRDA:338,70,0,0
BRDA:338,70,1,0
BRDA:340,71,0,0
BRDA:340,71,1,0
BRDA:349,72,0,0
BRDA:349,72,1,0
BRDA:351,73,0,0
BRDA:351,73,1,0
BRDA:357,74,0,0
BRDA:357,74,1,0
BRDA:359,75,0,0
BRDA:359,75,1,0
BRDA:365,76,0,0
BRDA:365,76,1,0
BRDA:367,77,0,0
BRDA:367,77,1,0
BRDA:373,78,0,0
BRDA:373,78,1,0
BRDA:375,79,0,0
BRDA:375,79,1,0
BRDA:381,80,0,0
BRDA:381,80,1,0
BRDA:383,81,0,0
BRDA:383,81,1,0
BRDA:389,82,0,0
BRDA:389,82,1,0
BRDA:397,83,0,0
BRDA:397,83,1,0
BRDA:402,84,0,0
BRDA:402,84,1,0
BRDA:407,85,0,0
BRDA:407,85,1,0
BRDA:412,86,0,0
BRDA:412,86,1,0
BRDA:417,87,0,0
BRDA:417,87,1,0
BRDA:430,88,0,0
BRF:197
BRH:109
end_of_record
TN:
SF:http\interceptors.js
FN:12,(anonymous_0)
FN:33,(anonymous_1)
FN:52,(anonymous_2)
FN:72,(anonymous_3)
FN:84,(anonymous_4)
FN:93,(anonymous_5)
FN:112,(anonymous_6)
FN:130,(anonymous_7)
FN:141,(anonymous_8)
FN:162,(anonymous_9)
FN:191,(anonymous_10)
FN:201,(anonymous_11)
FNF:12
FNH:0
FNDA:0,(anonymous_0)
FNDA:0,(anonymous_1)
FNDA:0,(anonymous_2)
FNDA:0,(anonymous_3)
FNDA:0,(anonymous_4)
FNDA:0,(anonymous_5)
FNDA:0,(anonymous_6)
FNDA:0,(anonymous_7)
FNDA:0,(anonymous_8)
FNDA:0,(anonymous_9)
FNDA:0,(anonymous_10)
FNDA:0,(anonymous_11)
DA:13,0
DA:14,0
DA:34,0
DA:53,0
DA:73,0
DA:85,0
DA:86,0
DA:94,0
DA:114,0
DA:131,0
DA:132,0
DA:133,0
DA:134,0
DA:143,0
DA:144,0
DA:145,0
DA:148,0
DA:149,0
DA:152,0
DA:153,0
DA:162,0
DA:165,0
DA:166,0
DA:167,0
DA:170,0
DA:176,0
DA:192,0
DA:194,0
DA:203,0
LF:29
LH:0
BRDA:13,0,0,0
BRDA:13,0,1,0
BRDA:116,1,0,0
BRDA:116,1,1,0
BRDA:130,2,0,0
BRDA:132,3,0,0
BRDA:132,3,1,0
BRDA:143,4,0,0
BRDA:143,4,1,0
BRDA:143,5,0,0
BRDA:143,5,1,0
BRDA:144,6,0,0
BRDA:144,6,1,0
BRDA:148,7,0,0
BRDA:148,7,1,0
BRDA:152,8,0,0
BRDA:152,8,1,0
BRDA:191,9,0,0
BRF:18
BRH:0
end_of_record
TN:
SF:http\test-configuration-manager.js
FN:11,testConfigurationManager
FNF:1
FNH:0
FNDA:0,testConfigurationManager
DA:12,0
DA:15,0
DA:16,0
DA:17,0
DA:20,0
DA:21,0
DA:28,0
DA:31,0
DA:32,0
DA:38,0
DA:41,0
DA:42,0
DA:43,0
DA:44,0
DA:45,0
DA:48,0
DA:49,0
DA:50,0
DA:51,0
DA:52,0
DA:55,0
DA:56,0
DA:59,0
DA:60,0
DA:61,0
DA:62,0
DA:65,0
DA:66,0
DA:69,0
DA:70,0
DA:71,0
DA:74,0
DA:76,0
DA:79,0
DA:83,0
LF:35
LH:0
BRF:0
BRH:0
end_of_record
TN:
SF:http\test-error-classes.js
FNF:0
FNH:0
DA:9,0
DA:10,0
DA:11,0
DA:12,0
DA:13,0
DA:16,0
DA:17,0
DA:18,0
DA:19,0
DA:20,0
DA:21,0
DA:22,0
DA:25,0
DA:26,0
DA:34,0
DA:35,0
DA:36,0
DA:39,0
DA:40,0
DA:56,0
DA:57,0
DA:58,0
DA:59,0
DA:62,0
DA:63,0
DA:67,0
DA:68,0
DA:69,0
DA:72,0
DA:73,0
DA:84,0
DA:85,0
DA:86,0
DA:87,0
DA:89,0
LF:35
LH:0
BRF:0
BRH:0
end_of_record
TN:
SF:http\test-error-detector.js
FN:12,testErrorDetector
FN:119,(anonymous_1)
FN:177,(anonymous_2)
FNF:3
FNH:0
FNDA:0,testErrorDetector
FNDA:0,(anonymous_1)
FNDA:0,(anonymous_2)
DA:13,0
DA:16,0
DA:19,0
DA:20,0
DA:21,0
DA:23,0
DA:24,0
DA:27,0
DA:28,0
DA:29,0
DA:30,0
DA:32,0
DA:33,0
DA:36,0
DA:37,0
DA:38,0
DA:47,0
DA:48,0
DA:51,0
DA:52,0
DA:53,0
DA:66,0
DA:67,0
DA:70,0
DA:71,0
DA:72,0
DA:80,0
DA:81,0
DA:84,0
DA:85,0
DA:86,0
DA:98,0
DA:99,0
DA:102,0
DA:103,0
DA:104,0
DA:112,0
DA:113,0
DA:116,0
DA:117,0
DA:120,0
DA:124,0
DA:132,0
DA:137,0
DA:138,0
DA:148,0
DA:149,0
DA:152,0
DA:155,0
DA:161,0
DA:162,0
DA:165,0
DA:166,0
DA:168,0
DA:169,0
DA:170,0
DA:173,0
DA:177,0
DA:178,0
LF:59
LH:0
BRDA:120,0,0,0
BRDA:120,0,1,0
BRDA:120,1,0,0
BRDA:120,1,1,0
BRDA:120,1,2,0
BRDA:120,1,3,0
BRF:6
BRH:0
end_of_record
TN:
SF:http\test-error-handler.js
FN:23,(anonymous_0)
FN:24,(anonymous_1)
FN:25,(anonymous_2)
FN:29,testNetworkError
FN:42,(anonymous_4)
FN:60,testRateLimitError
FN:86,(anonymous_6)
FN:108,testCloudflareError
FN:129,(anonymous_8)
FN:147,testValidationError
FN:174,testMaxRetries
FN:188,(anonymous_11)
FN:206,testErrorInterceptor
FN:217,(anonymous_13)
FN:236,runTests
FNF:15
FNH:0
FNDA:0,(anonymous_0)
FNDA:0,(anonymous_1)
FNDA:0,(anonymous_2)
FNDA:0,testNetworkError
FNDA:0,(anonymous_4)
FNDA:0,testRateLimitError
FNDA:0,(anonymous_6)
FNDA:0,testCloudflareError
FNDA:0,(anonymous_8)
FNDA:0,testValidationError
FNDA:0,testMaxRetries
FNDA:0,(anonymous_11)
FNDA:0,testErrorInterceptor
FNDA:0,(anonymous_13)
FNDA:0,runTests
DA:12,0
DA:18,0
DA:20,0
DA:23,0
DA:24,0
DA:25,0
DA:30,0
DA:32,0
DA:33,0
DA:34,0
DA:43,0
DA:44,0
DA:49,0
DA:50,0
DA:51,0
DA:53,0
DA:54,0
DA:55,0
DA:61,0
DA:63,0
DA:64,0
DA:78,0
DA:87,0
DA:88,0
DA:93,0
DA:94,0
DA:95,0
DA:97,0
DA:98,0
DA:99,0
DA:103,0
DA:104,0
DA:109,0
DA:111,0
DA:112,0
DA:121,0
DA:130,0
DA:131,0
DA:136,0
DA:137,0
DA:138,0
DA:140,0
DA:141,0
DA:142,0
DA:148,0
DA:150,0
DA:151,0
DA:163,0
DA:164,0
DA:165,0
DA:167,0
DA:168,0
DA:169,0
DA:175,0
DA:177,0
DA:178,0
DA:183,0
DA:189,0
DA:190,0
DA:195,0
DA:196,0
DA:197,0
DA:199,0
DA:200,0
DA:201,0
DA:207,0
DA:209,0
DA:211,0
DA:212,0
DA:213,0
DA:218,0
DA:219,0
DA:224,0
DA:225,0
DA:226,0
DA:228,0
DA:229,0
DA:230,0
DA:237,0
DA:238,0
DA:239,0
DA:240,0
DA:241,0
DA:242,0
DA:243,0
DA:245,0
DA:247,0
DA:251,0
LF:88
LH:0
BRDA:54,0,0,0
BRDA:54,0,1,0
BRDA:98,1,0,0
BRDA:98,1,1,0
BRDA:141,2,0,0
BRDA:141,2,1,0
BRDA:168,3,0,0
BRDA:168,3,1,0
BRDA:200,4,0,0
BRDA:200,4,1,0
BRDA:229,5,0,0
BRDA:229,5,1,0
BRF:12
BRH:0
end_of_record
TN:
SF:http\test-error-interceptors.js
FN:15,testErrorInterceptors
FN:27,(anonymous_1)
FN:35,(anonymous_2)
FN:42,(anonymous_3)
FN:49,(anonymous_4)
FN:78,(anonymous_5)
FN:104,(anonymous_6)
FN:120,(anonymous_7)
FNF:8
FNH:0
FNDA:0,testErrorInterceptors
FNDA:0,(anonymous_1)
FNDA:0,(anonymous_2)
FNDA:0,(anonymous_3)
FNDA:0,(anonymous_4)
FNDA:0,(anonymous_5)
FNDA:0,(anonymous_6)
FNDA:0,(anonymous_7)
DA:16,0
DA:19,0
DA:26,0
DA:28,0
DA:33,0
DA:36,0
DA:40,0
DA:43,0
DA:47,0
DA:50,0
DA:55,0
DA:56,0
DA:57,0
DA:59,0
DA:60,0
DA:61,0
DA:65,0
DA:66,0
DA:68,0
DA:74,0
DA:75,0
DA:79,0
DA:83,0
DA:85,0
DA:86,0
DA:87,0
DA:91,0
DA:92,0
DA:94,0
DA:100,0
DA:101,0
DA:105,0
DA:109,0
DA:111,0
DA:112,0
DA:113,0
DA:116,0
DA:120,0
DA:121,0
LF:39
LH:0
BRDA:36,0,0,0
BRDA:36,0,1,0
BRF:2
BRH:0
end_of_record
TN:
SF:http\test-fingerprint-interceptor.js
FN:12,testFingerprintInterceptor
FN:36,(anonymous_1)
FN:73,(anonymous_2)
FN:84,(anonymous_3)
FNF:4
FNH:0
FNDA:0,testFingerprintInterceptor
FNDA:0,(anonymous_1)
FNDA:0,(anonymous_2)
FNDA:0,(anonymous_3)
DA:13,0
DA:16,0
DA:22,0
DA:32,0
DA:35,0
DA:37,0
DA:38,0
DA:39,0
DA:44,0
DA:45,0
DA:48,0
DA:54,0
DA:55,0
DA:56,0
DA:59,0
DA:60,0
DA:61,0
DA:62,0
DA:65,0
DA:71,0
DA:72,0
DA:73,0
DA:77,0
DA:79,0
DA:84,0
DA:85,0
LF:26
LH:0
BRDA:59,0,0,0
BRDA:59,0,1,0
BRDA:61,1,0,0
BRDA:61,1,1,0
BRDA:71,2,0,0
BRDA:71,2,1,0
BRF:6
BRH:0
end_of_record
TN:
SF:http\test-http-client.js
FN:6,(anonymous_0)
FN:21,(anonymous_1)
FN:33,(anonymous_2)
FN:41,testHttpClient
FNF:4
FNH:0
FNDA:0,(anonymous_0)
FNDA:0,(anonymous_1)
FNDA:0,(anonymous_2)
FNDA:0,testHttpClient
DA:7,0
DA:9,0
DA:22,0
DA:24,0
DA:34,0
DA:36,0
DA:42,0
DA:43,0
DA:44,0
DA:49,0
DA:50,0
DA:51,0
DA:52,0
DA:54,0
DA:55,0
DA:56,0
DA:58,0
DA:59,0
DA:64,0
DA:66,0
DA:67,0
DA:68,0
DA:70,0
DA:73,0
DA:75,0
DA:80,0
LF:26
LH:0
BRF:0
BRH:0
end_of_record
TN:
SF:http\test-network-config.js
FN:12,testProxyConfiguration
FN:62,testConnectionConfiguration
FN:108,testTlsConfiguration
FN:175,testEnvironmentVariables
FN:201,(anonymous_4)
FN:207,(anonymous_5)
FN:220,runTests
FNF:7
FNH:0
FNDA:0,testProxyConfiguration
FNDA:0,testConnectionConfiguration
FNDA:0,testTlsConfiguration
FNDA:0,testEnvironmentVariables
FNDA:0,(anonymous_4)
FNDA:0,(anonymous_5)
FNDA:0,runTests
DA:13,0
DA:16,0
DA:17,0
DA:27,0
DA:28,0
DA:31,0
DA:32,0
DA:33,0
DA:36,0
DA:37,0
DA:38,0
DA:39,0
DA:40,0
DA:41,0
DA:42,0
DA:45,0
DA:46,0
DA:47,0
DA:53,0
DA:55,0
DA:63,0
DA:66,0
DA:67,0
DA:77,0
DA:78,0
DA:81,0
DA:82,0
DA:83,0
DA:86,0
DA:87,0
DA:88,0
DA:89,0
DA:92,0
DA:93,0
DA:94,0
DA:99,0
DA:101,0
DA:109,0
DA:112,0
DA:113,0
DA:124,0
DA:125,0
DA:135,0
DA:136,0
DA:137,0
DA:140,0
DA:141,0
DA:142,0
DA:145,0
DA:146,0
DA:147,0
DA:152,0
DA:154,0
DA:158,0
DA:159,0
DA:160,0
DA:166,0
DA:168,0
DA:176,0
DA:177,0
DA:180,0
DA:182,0
DA:185,0
DA:186,0
DA:187,0
DA:188,0
DA:189,0
DA:190,0
DA:193,0
DA:194,0
DA:196,0
DA:197,0
DA:198,0
DA:201,0
DA:202,0
DA:203,0
DA:207,0
DA:208,0
DA:209,0
DA:213,0
DA:221,0
DA:223,0
DA:224,0
DA:225,0
DA:226,0
DA:228,0
DA:232,0
LF:87
LH:0
BRDA:180,0,0,0
BRDA:180,0,1,0
BRDA:180,1,0,0
BRDA:180,1,1,0
BRDA:202,2,0,0
BRDA:202,2,1,0
BRDA:202,3,0,0
BRDA:202,3,1,0
BRDA:208,4,0,0
BRDA:208,4,1,0
BRF:10
BRH:0
end_of_record
TN:
SF:http\test-request-fingerprinter.js
FN:12,testRequestFingerprinter
FN:110,(anonymous_1)
FN:129,(anonymous_2)
FNF:3
FNH:0
FNDA:0,testRequestFingerprinter
FNDA:0,(anonymous_1)
FNDA:0,(anonymous_2)
DA:13,0
DA:16,0
DA:27,0
DA:28,0
DA:36,0
DA:37,0
DA:40,0
DA:41,0
DA:43,0
DA:44,0
DA:45,0
DA:46,0
DA:49,0
DA:52,0
DA:53,0
DA:54,0
DA:55,0
DA:58,0
DA:59,0
DA:60,0
DA:62,0
DA:63,0
DA:66,0
DA:67,0
DA:74,0
DA:75,0
DA:77,0
DA:78,0
DA:79,0
DA:81,0
DA:82,0
DA:83,0
DA:86,0
DA:87,0
DA:88,0
DA:90,0
DA:91,0
DA:92,0
DA:94,0
DA:97,0
DA:99,0
DA:105,0
DA:106,0
DA:109,0
DA:111,0
DA:112,0
DA:113,0
DA:118,0
DA:119,0
DA:120,0
DA:121,0
DA:122,0
DA:124,0
DA:129,0
DA:130,0
LF:55
LH:0
BRF:0
BRH:0
end_of_record
TN:
SF:http\test-retry-strategy.js
FN:12,testRetryStrategy
FN:23,(anonymous_1)
FN:31,(anonymous_2)
FN:44,(anonymous_3)
FN:60,(anonymous_4)
FN:107,(anonymous_5)
FN:153,(anonymous_6)
FNF:7
FNH:0
FNDA:0,testRetryStrategy
FNDA:0,(anonymous_1)
FNDA:0,(anonymous_2)
FNDA:0,(anonymous_3)
FNDA:0,(anonymous_4)
FNDA:0,(anonymous_5)
FNDA:0,(anonymous_6)
DA:13,0
DA:16,0
DA:24,0
DA:29,0
DA:30,0
DA:31,0
DA:32,0
DA:33,0
DA:35,0
DA:37,0
DA:41,0
DA:42,0
DA:43,0
DA:44,0
DA:45,0
DA:46,0
DA:47,0
DA:48,0
DA:50,0
DA:52,0
DA:54,0
DA:58,0
DA:59,0
DA:60,0
DA:61,0
DA:62,0
DA:65,0
DA:69,0
DA:70,0
DA:71,0
DA:72,0
DA:76,0
DA:77,0
DA:78,0
DA:86,0
DA:89,0
DA:90,0
DA:91,0
DA:99,0
DA:100,0
DA:103,0
DA:106,0
DA:108,0
DA:109,0
DA:110,0
DA:117,0
DA:118,0
DA:120,0
DA:125,0
DA:128,0
DA:129,0
DA:130,0
DA:137,0
DA:143,0
DA:144,0
DA:146,0
DA:149,0
DA:153,0
DA:154,0
LF:59
LH:0
BRDA:47,0,0,0
BRDA:47,0,1,0
BRDA:108,1,0,0
BRDA:108,1,1,0
BRF:4
BRH:0
end_of_record
TN:
SF:http\adapters\FetchAdapter.js
FN:27,(anonymous_0)
FN:51,(anonymous_1)
FN:79,(anonymous_2)
FN:110,(anonymous_3)
FN:111,(anonymous_4)
FN:127,(anonymous_5)
FN:153,(anonymous_6)
FN:165,(anonymous_7)
FN:267,(anonymous_8)
FN:329,(anonymous_9)
FN:356,(anonymous_10)
FN:400,(anonymous_11)
FN:434,(anonymous_12)
FN:475,(anonymous_13)
FNF:14
FNH:8
FNDA:47,(anonymous_0)
FNDA:47,(anonymous_1)
FNDA:0,(anonymous_2)
FNDA:0,(anonymous_3)
FNDA:0,(anonymous_4)
FNDA:0,(anonymous_5)
FNDA:0,(anonymous_6)
FNDA:21,(anonymous_7)
FNDA:9,(anonymous_8)
FNDA:7,(anonymous_9)
FNDA:7,(anonymous_10)
FNDA:7,(anonymous_11)
FNDA:21,(anonymous_12)
FNDA:0,(anonymous_13)
DA:28,47
DA:29,47
DA:30,47
DA:33,47
DA:34,0
DA:38,47
DA:39,47
DA:40,47
DA:43,47
DA:53,47
DA:54,47
DA:55,0
DA:60,47
DA:61,47
DA:86,0
DA:89,0
DA:92,0
DA:95,0
DA:103,0
DA:104,0
DA:108,0
DA:110,0
DA:111,0
DA:112,0
DA:117,0
DA:123,0
DA:126,0
DA:127,0
DA:128,0
DA:132,0
DA:141,0
DA:142,0
DA:154,0
DA:166,21
DA:167,21
DA:178,21
DA:180,21
DA:183,21
DA:184,1
DA:185,1
DA:186,1
DA:190,20
DA:191,3
DA:192,3
DA:196,17
DA:197,17
DA:200,17
DA:201,1
DA:202,1
DA:206,16
DA:210,2
DA:211,2
DA:215,14
DA:219,14
DA:222,14
DA:223,14
DA:225,14
DA:227,14
DA:228,12
DA:229,12
DA:230,12
DA:232,2
DA:235,2
DA:236,1
DA:237,1
DA:240,7
DA:242,7
DA:244,7
DA:245,0
DA:246,0
DA:248,7
DA:251,7
DA:252,7
DA:253,7
DA:268,9
DA:271,9
DA:272,0
DA:273,0
DA:277,9
DA:278,3
DA:279,3
DA:283,6
DA:284,1
DA:285,1
DA:289,5
DA:292,5
DA:293,0
DA:297,5
DA:298,5
DA:301,5
DA:306,5
DA:307,5
DA:309,5
DA:311,5
DA:312,1
DA:313,1
DA:315,4
DA:316,4
DA:330,7
DA:331,7
DA:340,7
DA:341,7
DA:342,7
DA:343,7
DA:344,7
DA:346,7
DA:357,7
DA:359,7
DA:373,7
DA:374,0
DA:379,0
DA:386,7
DA:387,0
DA:388,0
DA:391,7
DA:402,7
DA:404,0
DA:405,0
DA:417,7
DA:437,21
DA:447,21
DA:448,0
DA:459,0
DA:460,0
DA:461,0
DA:464,0
DA:476,0
DA:479,0
DA:480,0
DA:481,0
DA:482,0
DA:485,0
LF:132
LH:89
BRDA:27,0,0,0
BRDA:28,1,0,47
BRDA:28,1,1,3
BRDA:29,2,0,47
BRDA:29,2,1,3
BRDA:30,3,0,47
BRDA:30,3,1,1
BRDA:33,4,0,0
BRDA:33,4,1,47
BRDA:33,5,0,47
BRDA:33,5,1,46
BRDA:53,6,0,47
BRDA:53,6,1,0
BRDA:54,7,0,0
BRDA:54,7,1,47
BRDA:60,8,0,47
BRDA:60,8,1,0
BRDA:83,9,0,0
BRDA:84,10,0,0
BRDA:85,11,0,0
BRDA:103,12,0,0
BRDA:103,12,1,0
BRDA:103,13,0,0
BRDA:103,13,1,0
BRDA:105,14,0,0
BRDA:105,14,1,0
BRDA:165,15,0,20
BRDA:171,16,0,21
BRDA:171,16,1,20
BRDA:183,17,0,1
BRDA:183,17,1,20
BRDA:183,18,0,21
BRDA:183,18,1,18
BRDA:183,18,2,18
BRDA:190,19,0,3
BRDA:190,19,1,17
BRDA:196,20,0,12
BRDA:196,20,1,5
BRDA:200,21,0,1
BRDA:200,21,1,16
BRDA:206,22,0,2
BRDA:206,22,1,14
BRDA:207,23,0,16
BRDA:207,23,1,16
BRDA:215,24,0,0
BRDA:215,24,1,14
BRDA:271,25,0,0
BRDA:271,25,1,9
BRDA:271,26,0,9
BRDA:271,26,1,6
BRDA:271,26,2,6
BRDA:277,27,0,3
BRDA:277,27,1,6
BRDA:283,28,0,1
BRDA:283,28,1,5
BRDA:292,29,0,0
BRDA:292,29,1,5
BRDA:301,30,0,0
BRDA:301,30,1,5
BRDA:330,31,0,7
BRDA:330,31,1,0
BRDA:360,32,0,0
BRDA:360,32,1,7
BRDA:373,33,0,0
BRDA:373,33,1,7
BRDA:386,34,0,0
BRDA:386,34,1,7
BRDA:402,35,0,0
BRDA:402,35,1,7
BRDA:406,36,0,0
BRDA:406,36,1,0
BRDA:406,36,2,0
BRDA:406,36,3,0
BRDA:406,36,4,0
BRDA:406,36,5,0
BRDA:406,36,6,0
BRDA:418,37,0,7
BRDA:418,37,1,7
BRDA:418,37,2,7
BRDA:437,38,0,21
BRDA:437,38,1,21
BRDA:437,38,2,21
BRDA:437,38,3,21
BRDA:437,38,4,0
BRDA:437,38,5,0
BRDA:447,39,0,0
BRDA:447,39,1,21
BRDA:459,40,0,0
BRDA:459,40,1,0
BRDA:476,41,0,0
BRDA:476,41,1,0
BRDA:479,42,0,0
BRDA:479,42,1,0
BRDA:481,43,0,0
BRDA:481,43,1,0
BRF:95
BRH:54
end_of_record
TN:
SF:http\adapters\HttpClientAdapter.js
FN:23,createHttpClient
FNF:1
FNH:1
FNDA:61,createHttpClient
DA:24,61
DA:25,61
DA:28,61
DA:30,0
DA:32,0
DA:35,61
DA:38,0
LF:7
LH:4
BRDA:23,0,0,0
BRDA:25,1,0,61
BRDA:25,1,1,61
BRDA:28,2,0,0
BRDA:28,2,1,0
BRDA:28,2,2,61
BRDA:28,2,3,61
BRDA:28,2,4,0
BRF:8
BRH:4
end_of_record
TN:
SF:http\adapters\NodeAdapter.js
FN:28,(anonymous_0)
FN:56,(anonymous_1)
FN:78,(anonymous_2)
FN:115,(anonymous_3)
FN:211,(anonymous_4)
FN:501,(anonymous_5)
FN:679,(anonymous_6)
FN:787,(anonymous_7)
FN:799,(anonymous_8)
FN:873,(anonymous_9)
FN:922,(anonymous_10)
FN:977,(anonymous_11)
FN:1039,(anonymous_12)
FN:1069,(anonymous_13)
FN:1110,(anonymous_14)
FN:1124,(anonymous_15)
FNF:16
FNH:13
FNDA:112,(anonymous_0)
FNDA:112,(anonymous_1)
FNDA:112,(anonymous_2)
FNDA:67,(anonymous_3)
FNDA:60,(anonymous_4)
FNDA:0,(anonymous_5)
FNDA:0,(anonymous_6)
FNDA:67,(anonymous_7)
FNDA:1198,(anonymous_8)
FNDA:1186,(anonymous_9)
FNDA:1181,(anonymous_10)
FNDA:15,(anonymous_11)
FNDA:13,(anonymous_12)
FNDA:13,(anonymous_13)
FNDA:0,(anonymous_14)
FNDA:1198,(anonymous_15)
DA:29,112
DA:30,112
DA:31,112
DA:32,112
DA:35,112
DA:36,1
DA:40,112
DA:41,112
DA:42,112
DA:45,112
DA:48,112
DA:58,112
DA:59,112
DA:60,22
DA:65,112
DA:66,112
DA:79,112
DA:80,112
DA:82,112
DA:83,112
DA:84,112
DA:87,0
DA:91,0
DA:92,0
DA:93,0
DA:96,0
DA:100,0
DA:123,67
DA:126,67
DA:129,67
DA:132,67
DA:134,67
DA:135,1
DA:136,1
DA:142,1
DA:146,66
DA:147,4
DA:148,4
DA:159,4
DA:163,62
DA:164,2
DA:165,2
DA:174,2
DA:178,60
DA:179,60
DA:188,0
DA:212,60
DA:214,60
DA:216,60
DA:221,60
DA:222,0
DA:223,0
DA:224,0
DA:230,0
DA:234,60
DA:235,0
DA:236,0
DA:237,0
DA:250,0
DA:254,60
DA:255,0
DA:256,0
DA:257,0
DA:266,0
DA:270,60
DA:275,0
DA:276,0
DA:277,0
DA:281,60
DA:282,60
DA:290,60
DA:294,0
DA:305,60
DA:306,50
DA:307,10
DA:308,5
DA:312,5
DA:313,5
DA:314,5
DA:316,1
DA:317,1
DA:318,1
DA:319,4
DA:321,2
DA:331,2
DA:342,59
DA:343,1
DA:363,58
DA:364,1
DA:380,57
DA:388,57
DA:392,0
DA:400,0
DA:403,0
DA:405,0
DA:406,0
DA:407,0
DA:409,0
DA:412,0
DA:415,0
DA:418,0
DA:419,0
DA:425,0
DA:430,0
DA:432,0
DA:433,0
DA:434,0
DA:437,0
DA:440,0
DA:444,0
DA:447,0
DA:448,0
DA:454,0
DA:458,0
DA:461,0
DA:462,0
DA:468,0
DA:471,0
DA:479,0
DA:482,1
DA:483,0
DA:485,1
DA:509,0
DA:511,0
DA:513,0
DA:518,0
DA:519,0
DA:520,0
DA:521,0
DA:527,0
DA:531,0
DA:532,0
DA:533,0
DA:534,0
DA:547,0
DA:551,0
DA:552,0
DA:553,0
DA:554,0
DA:563,0
DA:567,0
DA:568,0
DA:576,0
DA:580,0
DA:591,0
DA:592,0
DA:593,0
DA:594,0
DA:598,0
DA:599,0
DA:600,0
DA:602,0
DA:603,0
DA:604,0
DA:605,0
DA:607,0
DA:617,0
DA:628,0
DA:629,0
DA:649,0
DA:650,0
DA:666,0
DA:674,0
DA:678,0
DA:679,0
DA:681,0
DA:688,0
DA:691,0
DA:694,0
DA:696,0
DA:697,0
DA:698,0
DA:700,0
DA:703,0
DA:706,0
DA:709,0
DA:710,0
DA:716,0
DA:721,0
DA:723,0
DA:724,0
DA:725,0
DA:728,0
DA:731,0
DA:735,0
DA:738,0
DA:739,0
DA:745,0
DA:749,0
DA:752,0
DA:753,0
DA:759,0
DA:762,0
DA:770,0
DA:773,0
DA:774,0
DA:776,0
DA:788,67
DA:800,1198
DA:801,1198
DA:812,1198
DA:814,1198
DA:817,1198
DA:818,1
DA:821,1
DA:822,1
DA:823,1
DA:828,1197
DA:829,6
DA:830,6
DA:834,1191
DA:837,1180
DA:838,1180
DA:839,1180
DA:840,1180
DA:842,0
DA:843,0
DA:846,17
DA:848,17
DA:850,17
DA:851,4
DA:852,4
DA:854,13
DA:857,13
DA:858,13
DA:859,13
DA:875,1186
DA:876,1186
DA:879,1186
DA:880,1
DA:881,1
DA:885,1185
DA:886,5
DA:887,5
DA:891,1180
DA:896,1180
DA:897,0
DA:898,0
DA:899,0
DA:900,0
DA:904,1180
DA:907,1180
DA:908,1180
DA:910,1180
DA:923,1181
DA:925,1181
DA:926,1181
DA:929,1181
DA:931,1161
DA:932,0
DA:933,0
DA:936,1161
DA:937,0
DA:938,0
DA:943,1181
DA:944,18
DA:946,18
DA:947,0
DA:948,18
DA:949,0
DA:953,1181
DA:954,1181
DA:956,0
DA:959,0
DA:960,0
DA:961,0
DA:964,0
DA:978,15
DA:981,15
DA:982,0
DA:983,0
DA:987,15
DA:988,6
DA:989,6
DA:993,9
DA:994,1
DA:995,1
DA:999,8
DA:1002,8
DA:1003,7
DA:1007,8
DA:1008,8
DA:1011,8
DA:1016,8
DA:1017,8
DA:1019,8
DA:1021,8
DA:1022,3
DA:1023,3
DA:1025,5
DA:1026,5
DA:1040,13
DA:1041,13
DA:1052,13
DA:1053,13
DA:1054,13
DA:1055,13
DA:1056,13
DA:1057,13
DA:1059,13
DA:1071,13
DA:1073,13
DA:1090,13
DA:1091,13
DA:1092,13
DA:1093,13
DA:1096,13
DA:1097,2
DA:1098,2
DA:1101,13
DA:1111,0
DA:1126,1198
DA:1127,0
DA:1148,0
DA:1149,0
DA:1150,0
DA:1151,0
DA:1154,0
LF:318
LH:165
BRDA:28,0,0,0
BRDA:29,1,0,112
BRDA:29,1,1,7
BRDA:30,2,0,112
BRDA:30,2,1,7
BRDA:31,3,0,112
BRDA:31,3,1,1
BRDA:32,4,0,112
BRDA:32,4,1,112
BRDA:35,5,0,1
BRDA:35,5,1,111
BRDA:35,6,0,112
BRDA:35,6,1,111
BRDA:58,7,0,112
BRDA:58,7,1,0
BRDA:59,8,0,22
BRDA:59,8,1,90
BRDA:65,9,0,112
BRDA:65,9,1,0
BRDA:80,10,0,112
BRDA:80,10,1,0
BRDA:84,11,0,112
BRDA:84,11,1,0
BRDA:93,12,0,0
BRDA:93,12,1,0
BRDA:119,13,0,0
BRDA:120,14,0,11
BRDA:121,15,0,67
BRDA:132,16,0,67
BRDA:132,16,1,0
BRDA:132,17,0,67
BRDA:132,17,1,1
BRDA:134,18,0,1
BRDA:134,18,1,66
BRDA:146,19,0,4
BRDA:146,19,1,62
BRDA:163,20,0,2
BRDA:163,20,1,60
BRDA:178,21,0,60
BRDA:178,21,1,0
BRDA:214,22,0,60
BRDA:214,22,1,0
BRDA:214,23,0,60
BRDA:214,23,1,1
BRDA:221,24,0,0
BRDA:221,24,1,60
BRDA:234,25,0,0
BRDA:234,25,1,60
BRDA:254,26,0,0
BRDA:254,26,1,60
BRDA:270,27,0,0
BRDA:270,27,1,60
BRDA:271,28,0,60
BRDA:271,28,1,50
BRDA:271,28,2,50
BRDA:290,29,0,0
BRDA:290,29,1,60
BRDA:291,30,0,60
BRDA:291,30,1,50
BRDA:305,31,0,50
BRDA:305,31,1,10
BRDA:307,32,0,5
BRDA:307,32,1,5
BRDA:312,33,0,5
BRDA:312,33,1,0
BRDA:314,34,0,1
BRDA:314,34,1,4
BRDA:319,35,0,2
BRDA:319,35,1,2
BRDA:342,36,0,1
BRDA:342,36,1,58
BRDA:363,37,0,1
BRDA:363,37,1,57
BRDA:395,38,0,0
BRDA:395,38,1,0
BRDA:395,39,0,0
BRDA:395,39,1,0
BRDA:400,40,0,0
BRDA:400,40,1,0
BRDA:403,41,0,0
BRDA:403,41,1,0
BRDA:406,42,0,0
BRDA:406,42,1,0
BRDA:430,43,0,0
BRDA:430,43,1,0
BRDA:433,44,0,0
BRDA:433,44,1,0
BRDA:440,45,0,0
BRDA:440,45,1,0
BRDA:441,46,0,0
BRDA:441,46,1,0
BRDA:482,47,0,0
BRDA:482,47,1,1
BRDA:511,48,0,0
BRDA:511,48,1,0
BRDA:511,49,0,0
BRDA:511,49,1,0
BRDA:518,50,0,0
BRDA:518,50,1,0
BRDA:531,51,0,0
BRDA:531,51,1,0
BRDA:551,52,0,0
BRDA:551,52,1,0
BRDA:576,53,0,0
BRDA:576,53,1,0
BRDA:577,54,0,0
BRDA:577,54,1,0
BRDA:591,55,0,0
BRDA:591,55,1,0
BRDA:593,56,0,0
BRDA:593,56,1,0
BRDA:598,57,0,0
BRDA:598,57,1,0
BRDA:600,58,0,0
BRDA:600,58,1,0
BRDA:605,59,0,0
BRDA:605,59,1,0
BRDA:628,60,0,0
BRDA:628,60,1,0
BRDA:649,61,0,0
BRDA:649,61,1,0
BRDA:684,62,0,0
BRDA:684,62,1,0
BRDA:684,63,0,0
BRDA:684,63,1,0
BRDA:691,64,0,0
BRDA:691,64,1,0
BRDA:694,65,0,0
BRDA:694,65,1,0
BRDA:697,66,0,0
BRDA:697,66,1,0
BRDA:721,67,0,0
BRDA:721,67,1,0
BRDA:724,68,0,0
BRDA:724,68,1,0
BRDA:731,69,0,0
BRDA:731,69,1,0
BRDA:732,70,0,0
BRDA:732,70,1,0
BRDA:773,71,0,0
BRDA:773,71,1,0
BRDA:799,72,0,1195
BRDA:805,73,0,1198
BRDA:805,73,1,1195
BRDA:817,74,0,1
BRDA:817,74,1,1197
BRDA:817,75,0,1198
BRDA:817,75,1,1192
BRDA:817,75,2,1192
BRDA:821,76,0,1
BRDA:821,76,1,0
BRDA:828,77,0,6
BRDA:828,77,1,1191
BRDA:837,78,0,1180
BRDA:837,78,1,0
BRDA:875,79,0,1181
BRDA:875,79,1,5
BRDA:879,80,0,1
BRDA:879,80,1,1185
BRDA:885,81,0,5
BRDA:885,81,1,1180
BRDA:885,82,0,1185
BRDA:885,82,1,1185
BRDA:891,83,0,0
BRDA:891,83,1,1180
BRDA:896,84,0,0
BRDA:896,84,1,1180
BRDA:896,85,0,1180
BRDA:896,85,1,22
BRDA:898,86,0,0
BRDA:898,86,1,0
BRDA:898,87,0,0
BRDA:898,87,1,0
BRDA:929,88,0,1161
BRDA:929,88,1,20
BRDA:931,89,0,0
BRDA:931,89,1,1161
BRDA:931,90,0,1161
BRDA:931,90,1,1161
BRDA:936,91,0,0
BRDA:936,91,1,1161
BRDA:943,92,0,18
BRDA:943,92,1,1163
BRDA:946,93,0,0
BRDA:946,93,1,18
BRDA:946,94,0,18
BRDA:946,94,1,18
BRDA:946,94,2,18
BRDA:948,95,0,0
BRDA:948,95,1,18
BRDA:948,96,0,18
BRDA:948,96,1,18
BRDA:948,96,2,18
BRDA:959,97,0,0
BRDA:959,97,1,0
BRDA:981,98,0,0
BRDA:981,98,1,15
BRDA:981,99,0,15
BRDA:981,99,1,9
BRDA:981,99,2,9
BRDA:987,100,0,6
BRDA:987,100,1,9
BRDA:993,101,0,1
BRDA:993,101,1,8
BRDA:1002,102,0,7
BRDA:1002,102,1,1
BRDA:1011,103,0,0
BRDA:1011,103,1,8
BRDA:1040,104,0,13
BRDA:1040,104,1,0
BRDA:1044,105,0,1
BRDA:1044,105,1,12
BRDA:1074,106,0,1
BRDA:1074,106,1,12
BRDA:1086,107,0,13
BRDA:1086,107,1,0
BRDA:1090,108,0,13
BRDA:1090,108,1,0
BRDA:1096,109,0,2
BRDA:1096,109,1,11
BRDA:1126,110,0,0
BRDA:1126,110,1,1198
BRDA:1126,111,0,1198
BRDA:1126,111,1,1198
BRDA:1133,112,0,0
BRDA:1133,112,1,0
BRDA:1148,113,0,0
BRDA:1148,113,1,0
BRF:228
BRH:120
end_of_record
TN:
SF:http\adapters\XhrAdapter.js
FN:27,(anonymous_0)
FN:51,(anonymous_1)
FN:79,(anonymous_2)
FN:92,(anonymous_3)
FN:102,(anonymous_4)
FN:137,(anonymous_5)
FN:144,(anonymous_6)
FN:152,(anonymous_7)
FN:181,(anonymous_8)
FN:193,(anonymous_9)
FN:292,(anonymous_10)
FN:354,(anonymous_11)
FN:381,(anonymous_12)
FN:425,(anonymous_13)
FN:455,(anonymous_14)
FN:492,(anonymous_15)
FN:518,(anonymous_16)
FN:527,(anonymous_17)
FNF:18
FNH:8
FNDA:47,(anonymous_0)
FNDA:47,(anonymous_1)
FNDA:0,(anonymous_2)
FNDA:0,(anonymous_3)
FNDA:0,(anonymous_4)
FNDA:0,(anonymous_5)
FNDA:0,(anonymous_6)
FNDA:0,(anonymous_7)
FNDA:0,(anonymous_8)
FNDA:20,(anonymous_9)
FNDA:9,(anonymous_10)
FNDA:7,(anonymous_11)
FNDA:7,(anonymous_12)
FNDA:7,(anonymous_13)
FNDA:20,(anonymous_14)
FNDA:0,(anonymous_15)
FNDA:0,(anonymous_16)
FNDA:0,(anonymous_17)
DA:28,47
DA:29,47
DA:30,47
DA:33,47
DA:34,0
DA:38,47
DA:39,47
DA:40,47
DA:43,47
DA:53,47
DA:54,47
DA:55,0
DA:60,47
DA:61,47
DA:86,0
DA:89,0
DA:92,0
DA:93,0
DA:96,0
DA:99,0
DA:102,0
DA:103,0
DA:105,0
DA:108,0
DA:113,0
DA:122,0
DA:125,0
DA:132,0
DA:137,0
DA:138,0
DA:139,0
DA:140,0
DA:144,0
DA:145,0
DA:146,0
DA:147,0
DA:151,0
DA:152,0
DA:153,0
DA:157,0
DA:159,0
DA:160,0
DA:161,0
DA:163,0
DA:164,0
DA:167,0
DA:169,0
DA:182,0
DA:194,20
DA:195,20
DA:203,20
DA:205,20
DA:208,20
DA:209,1
DA:210,1
DA:211,1
DA:215,19
DA:216,3
DA:217,3
DA:221,16
DA:222,16
DA:225,16
DA:226,1
DA:227,1
DA:231,15
DA:235,2
DA:236,2
DA:240,13
DA:244,13
DA:247,13
DA:248,13
DA:250,13
DA:252,13
DA:253,11
DA:254,11
DA:255,11
DA:257,2
DA:260,2
DA:261,1
DA:262,1
DA:265,7
DA:267,7
DA:269,7
DA:270,0
DA:271,0
DA:273,7
DA:276,7
DA:277,7
DA:278,7
DA:293,9
DA:296,9
DA:297,0
DA:298,0
DA:302,9
DA:303,3
DA:304,3
DA:308,6
DA:309,1
DA:310,1
DA:314,5
DA:317,5
DA:318,0
DA:322,5
DA:323,5
DA:326,5
DA:331,5
DA:332,5
DA:334,5
DA:336,5
DA:337,1
DA:338,1
DA:340,4
DA:341,4
DA:355,7
DA:356,7
DA:365,7
DA:366,7
DA:367,7
DA:368,7
DA:369,7
DA:371,7
DA:382,7
DA:384,7
DA:398,7
DA:399,0
DA:404,0
DA:411,7
DA:412,0
DA:413,0
DA:416,7
DA:427,7
DA:429,0
DA:430,0
DA:442,7
DA:458,20
DA:464,20
DA:465,0
DA:476,0
DA:477,0
DA:478,0
DA:481,0
DA:493,0
DA:496,0
DA:497,0
DA:498,0
DA:501,0
DA:503,0
DA:504,0
DA:507,0
DA:519,0
DA:521,0
DA:522,0
DA:526,0
DA:527,0
DA:528,0
DA:529,0
DA:530,0
DA:532,0
DA:533,0
DA:537,0
LF:160
LH:89
BRDA:27,0,0,0
BRDA:28,1,0,47
BRDA:28,1,1,3
BRDA:29,2,0,47
BRDA:29,2,1,3
BRDA:30,3,0,47
BRDA:30,3,1,1
BRDA:33,4,0,0
BRDA:33,4,1,47
BRDA:33,5,0,47
BRDA:33,5,1,46
BRDA:53,6,0,47
BRDA:53,6,1,0
BRDA:54,7,0,0
BRDA:54,7,1,47
BRDA:60,8,0,47
BRDA:60,8,1,0
BRDA:83,9,0,0
BRDA:84,10,0,0
BRDA:85,11,0,0
BRDA:103,12,0,0
BRDA:103,12,1,0
BRDA:103,13,0,0
BRDA:103,13,1,0
BRDA:157,14,0,0
BRDA:157,14,1,0
BRDA:157,15,0,0
BRDA:157,15,1,0
BRDA:160,16,0,0
BRDA:160,16,1,0
BRDA:160,17,0,0
BRDA:160,17,1,0
BRDA:163,18,0,0
BRDA:163,18,1,0
BRDA:193,19,0,19
BRDA:199,20,0,20
BRDA:199,20,1,19
BRDA:208,21,0,1
BRDA:208,21,1,19
BRDA:208,22,0,20
BRDA:208,22,1,17
BRDA:208,22,2,17
BRDA:215,23,0,3
BRDA:215,23,1,16
BRDA:221,24,0,11
BRDA:221,24,1,5
BRDA:225,25,0,1
BRDA:225,25,1,15
BRDA:231,26,0,2
BRDA:231,26,1,13
BRDA:232,27,0,15
BRDA:232,27,1,15
BRDA:240,28,0,0
BRDA:240,28,1,13
BRDA:296,29,0,0
BRDA:296,29,1,9
BRDA:296,30,0,9
BRDA:296,30,1,6
BRDA:296,30,2,6
BRDA:302,31,0,3
BRDA:302,31,1,6
BRDA:308,32,0,1
BRDA:308,32,1,5
BRDA:317,33,0,0
BRDA:317,33,1,5
BRDA:326,34,0,0
BRDA:326,34,1,5
BRDA:355,35,0,7
BRDA:355,35,1,0
BRDA:385,36,0,0
BRDA:385,36,1,7
BRDA:398,37,0,0
BRDA:398,37,1,7
BRDA:411,38,0,0
BRDA:411,38,1,7
BRDA:427,39,0,0
BRDA:427,39,1,7
BRDA:431,40,0,0
BRDA:431,40,1,0
BRDA:431,40,2,0
BRDA:431,40,3,0
BRDA:431,40,4,0
BRDA:431,40,5,0
BRDA:431,40,6,0
BRDA:458,41,0,20
BRDA:458,41,1,0
BRDA:458,41,2,0
BRDA:464,42,0,0
BRDA:464,42,1,20
BRDA:476,43,0,0
BRDA:476,43,1,0
BRDA:493,44,0,0
BRDA:493,44,1,0
BRDA:496,45,0,0
BRDA:496,45,1,0
BRDA:503,46,0,0
BRDA:503,46,1,0
BRDA:521,47,0,0
BRDA:521,47,1,0
BRDA:532,48,0,0
BRDA:532,48,1,0
BRDA:532,49,0,0
BRDA:532,49,1,0
BRF:103
BRH:48
end_of_record
TN:
SF:http\errors\CloudflareError.js
FN:27,(anonymous_0)
FN:49,(anonymous_1)
FN:82,(anonymous_2)
FN:100,(anonymous_3)
FN:127,(anonymous_4)
FN:165,(anonymous_5)
FNF:6
FNH:6
FNDA:4,(anonymous_0)
FNDA:4,(anonymous_1)
FNDA:2,(anonymous_2)
FNDA:2,(anonymous_3)
FNDA:4,(anonymous_4)
FNDA:12,(anonymous_5)
DA:28,4
DA:36,4
DA:37,4
DA:38,4
DA:41,4
DA:50,4
DA:52,0
DA:53,0
DA:54,0
DA:57,4
DA:58,4
DA:59,4
DA:62,0
DA:63,0
DA:64,0
DA:67,0
DA:68,0
DA:69,0
DA:72,0
DA:73,0
DA:83,2
DA:91,2
DA:101,2
DA:103,0
DA:106,2
DA:109,0
DA:112,0
DA:115,0
DA:128,4
DA:129,0
DA:132,4
DA:133,4
DA:136,4
DA:142,4
DA:143,4
DA:145,4
DA:146,0
DA:147,0
DA:148,4
DA:149,4
DA:150,0
DA:151,0
DA:152,0
DA:153,0
DA:154,0
DA:159,4
DA:165,4
DA:166,12
DA:167,4
DA:171,4
LF:50
LH:27
BRDA:27,0,0,0
BRDA:27,1,0,0
BRDA:27,2,0,0
BRDA:29,3,0,4
BRDA:29,3,1,0
BRDA:36,4,0,4
BRDA:36,4,1,0
BRDA:50,5,0,0
BRDA:50,5,1,4
BRDA:50,5,2,0
BRDA:50,5,3,0
BRDA:50,5,4,0
BRDA:101,6,0,0
BRDA:101,6,1,2
BRDA:101,6,2,0
BRDA:101,6,3,0
BRDA:101,6,4,0
BRDA:128,7,0,0
BRDA:128,7,1,4
BRDA:133,8,0,4
BRDA:133,8,1,0
BRDA:142,9,0,4
BRDA:142,9,1,0
BRDA:143,10,0,4
BRDA:143,10,1,0
BRDA:145,11,0,0
BRDA:145,11,1,4
BRDA:148,12,0,4
BRDA:148,12,1,0
BRDA:150,13,0,0
BRDA:150,13,1,0
BRDA:152,14,0,0
BRDA:152,14,1,0
BRDA:152,15,0,0
BRDA:152,15,1,0
BRDA:166,16,0,4
BRDA:166,16,1,8
BRDA:172,17,0,4
BRDA:172,17,1,4
BRF:39
BRH:14
end_of_record
TN:
SF:http\errors\RateLimitError.js
FN:29,(anonymous_0)
FN:70,(anonymous_1)
FN:86,(anonymous_2)
FN:107,(anonymous_3)
FN:119,(anonymous_4)
FN:125,(anonymous_5)
FN:131,(anonymous_6)
FNF:7
FNH:7
FNDA:8,(anonymous_0)
FNDA:5,(anonymous_1)
FNDA:5,(anonymous_2)
FNDA:8,(anonymous_3)
FNDA:16,(anonymous_4)
FNDA:16,(anonymous_5)
FNDA:16,(anonymous_6)
DA:30,8
DA:38,8
DA:39,8
DA:42,8
DA:43,8
DA:44,8
DA:45,8
DA:49,8
DA:50,8
DA:51,8
DA:53,8
DA:54,8
DA:57,0
DA:58,0
DA:59,0
DA:71,5
DA:88,5
DA:89,5
DA:90,0
DA:91,5
DA:92,5
DA:96,0
DA:108,8
DA:109,0
DA:112,8
DA:113,8
DA:116,8
DA:119,8
DA:120,16
DA:121,8
DA:125,8
DA:126,16
DA:127,8
DA:131,8
DA:132,16
DA:133,8
DA:139,8
DA:141,8
DA:143,0
DA:144,0
DA:145,0
DA:147,0
DA:150,8
DA:155,8
DA:158,8
DA:159,8
DA:160,8
DA:161,0
DA:163,8
DA:164,8
DA:169,8
LF:51
LH:40
BRDA:29,0,0,0
BRDA:29,1,0,0
BRDA:29,2,0,0
BRDA:31,3,0,8
BRDA:31,3,1,0
BRDA:39,4,0,8
BRDA:39,4,1,0
BRDA:42,5,0,8
BRDA:42,5,1,0
BRDA:49,6,0,8
BRDA:49,6,1,0
BRDA:51,7,0,8
BRDA:51,7,1,0
BRDA:53,8,0,8
BRDA:53,8,1,0
BRDA:73,9,0,5
BRDA:73,9,1,0
BRDA:88,10,0,5
BRDA:88,10,1,0
BRDA:89,11,0,0
BRDA:89,11,1,5
BRDA:91,12,0,5
BRDA:91,12,1,0
BRDA:108,13,0,0
BRDA:108,13,1,8
BRDA:113,14,0,8
BRDA:113,14,1,0
BRDA:120,15,0,8
BRDA:120,15,1,8
BRDA:126,16,0,8
BRDA:126,16,1,8
BRDA:132,17,0,8
BRDA:132,17,1,8
BRDA:139,18,0,8
BRDA:139,18,1,0
BRDA:141,19,0,0
BRDA:141,19,1,8
BRDA:158,20,0,8
BRDA:158,20,1,0
BRDA:159,21,0,8
BRDA:159,21,1,0
BRDA:160,22,0,0
BRDA:160,22,1,8
BRDA:163,23,0,8
BRDA:163,23,1,0
BRDA:170,24,0,8
BRDA:170,24,1,8
BRF:47
BRH:26
end_of_record
TN:
SF:http\errors\SDKError.js
FN:22,(anonymous_0)
FN:74,(anonymous_1)
FN:92,(anonymous_2)
FN:106,(anonymous_3)
FN:125,(anonymous_4)
FN:141,(anonymous_5)
FNF:6
FNH:2
FNDA:14,(anonymous_0)
FNDA:0,(anonymous_1)
FNDA:0,(anonymous_2)
FNDA:0,(anonymous_3)
FNDA:0,(anonymous_4)
FNDA:2,(anonymous_5)
DA:23,14
DA:26,14
DA:27,14
DA:28,14
DA:29,14
DA:32,14
DA:35,14
DA:36,14
DA:40,14
DA:41,13
DA:42,13
DA:43,13
DA:46,13
DA:47,13
DA:48,13
DA:52,4
DA:57,13
DA:58,0
DA:75,0
DA:77,0
DA:80,0
DA:92,0
DA:93,0
DA:94,0
DA:98,0
DA:107,0
DA:126,0
DA:142,2
LF:28
LH:18
BRDA:22,0,0,0
BRDA:22,1,0,0
BRDA:35,2,0,14
BRDA:35,2,1,0
BRDA:40,3,0,13
BRDA:40,3,1,1
BRDA:40,4,0,14
BRDA:40,4,1,14
BRDA:46,5,0,13
BRDA:46,5,1,0
BRDA:48,6,0,4
BRDA:48,6,1,9
BRDA:57,7,0,0
BRDA:57,7,1,13
BRDA:75,8,0,0
BRDA:75,8,1,0
BRDA:93,9,0,0
BRDA:93,9,1,0
BRDA:127,10,0,0
BRDA:127,10,1,0
BRDA:141,11,0,0
BRDA:141,12,0,0
BRDA:143,13,0,2
BRDA:143,13,1,0
BRF:24
BRH:10
end_of_record
TN:
SF:http\errors\index.js
FNF:0
FNH:0
LF:0
LH:0
BRF:0
BRH:0
end_of_record
TN:
SF:http\examples\error-handling-integration.js
FN:31,(anonymous_0)
FN:32,(anonymous_1)
FN:33,(anonymous_2)
FN:51,(anonymous_3)
FN:67,makeApiRequest
FNF:5
FNH:0
FNDA:0,(anonymous_0)
FNDA:0,(anonymous_1)
FNDA:0,(anonymous_2)
FNDA:0,(anonymous_3)
FNDA:0,makeApiRequest
DA:13,0
DA:22,0
DA:28,0
DA:31,0
DA:32,0
DA:33,0
DA:38,0
DA:41,0
DA:50,0
DA:53,0
DA:54,0
DA:64,0
DA:68,0
DA:69,0
DA:77,0
DA:79,0
DA:81,0
DA:82,0
DA:86,0
DA:87,0
DA:89,0
LF:21
LH:0
BRDA:81,0,0,0
BRDA:81,0,1,0
BRF:2
BRH:0
end_of_record
TN:
SF:http\interceptors\CloudflareErrorInterceptor.js
FN:28,(anonymous_0)
FN:48,(anonymous_1)
FN:78,(anonymous_2)
FN:131,(anonymous_3)
FNF:4
FNH:0
FNDA:0,(anonymous_0)
FNDA:0,(anonymous_1)
FNDA:0,(anonymous_2)
FNDA:0,(anonymous_3)
DA:29,0
DA:30,0
DA:38,0
DA:39,0
DA:50,0
DA:52,0
DA:54,0
DA:57,0
DA:58,0
DA:62,0
DA:65,0
DA:66,0
DA:69,0
DA:75,0
DA:78,0
DA:81,0
DA:83,0
DA:86,0
DA:104,0
DA:105,0
DA:106,0
DA:107,0
DA:108,0
DA:110,0
DA:113,0
DA:114,0
DA:117,0
DA:123,0
DA:132,0
DA:163,0
LF:30
LH:0
BRDA:28,0,0,0
BRDA:31,1,0,0
BRDA:31,1,1,0
BRDA:32,2,0,0
BRDA:32,2,1,0
BRDA:33,3,0,0
BRDA:33,3,1,0
BRDA:34,4,0,0
BRDA:34,4,1,0
BRDA:52,5,0,0
BRDA:52,5,1,0
BRDA:57,6,0,0
BRDA:57,6,1,0
BRDA:65,7,0,0
BRDA:65,7,1,0
BRDA:65,8,0,0
BRDA:65,8,1,0
BRDA:105,9,0,0
BRDA:105,9,1,0
BRDA:108,10,0,0
BRDA:108,10,1,0
BRF:21
BRH:0
end_of_record
TN:
SF:http\interceptors\DebugInterceptor.js
FN:27,(anonymous_0)
FN:50,(anonymous_1)
FN:87,(anonymous_2)
FN:119,(anonymous_3)
FN:153,(anonymous_4)
FN:162,(anonymous_5)
FN:171,(anonymous_6)
FN:178,(anonymous_7)
FN:187,(anonymous_8)
FN:223,(anonymous_9)
FN:234,(anonymous_10)
FNF:11
FNH:4
FNDA:61,(anonymous_0)
FNDA:67,(anonymous_1)
FNDA:59,(anonymous_2)
FNDA:8,(anonymous_3)
FNDA:0,(anonymous_4)
FNDA:0,(anonymous_5)
FNDA:0,(anonymous_6)
FNDA:0,(anonymous_7)
FNDA:0,(anonymous_8)
FNDA:0,(anonymous_9)
FNDA:0,(anonymous_10)
DA:28,61
DA:38,61
DA:41,61
DA:51,67
DA:52,67
DA:56,0
DA:57,0
DA:61,0
DA:62,0
DA:68,0
DA:69,0
DA:74,0
DA:75,0
DA:78,0
DA:88,59
DA:89,59
DA:93,0
DA:96,0
DA:97,0
DA:102,0
DA:106,0
DA:107,0
DA:110,0
DA:120,8
DA:121,8
DA:125,0
DA:128,0
DA:130,0
DA:132,0
DA:138,0
DA:142,0
DA:145,0
DA:154,0
DA:163,0
DA:172,0
DA:179,0
DA:189,0
DA:190,0
DA:193,0
DA:194,0
DA:197,0
DA:198,0
DA:201,0
DA:202,0
DA:205,0
DA:206,0
DA:209,0
DA:210,0
DA:214,0
DA:224,0
DA:235,0
DA:236,0
DA:239,0
DA:242,0
DA:245,0
DA:246,0
DA:249,0
DA:250,0
DA:253,0
DA:254,0
DA:257,0
DA:258,0
DA:261,0
DA:262,0
DA:265,0
LF:65
LH:9
BRDA:27,0,0,0
BRDA:29,1,0,61
BRDA:29,1,1,61
BRDA:30,2,0,61
BRDA:30,2,1,61
BRDA:31,3,0,61
BRDA:31,3,1,61
BRDA:32,4,0,61
BRDA:32,4,1,61
BRDA:33,5,0,61
BRDA:33,5,1,61
BRDA:38,6,0,61
BRDA:38,6,1,61
BRDA:51,7,0,67
BRDA:51,7,1,0
BRDA:56,8,0,0
BRDA:56,8,1,0
BRDA:61,9,0,0
BRDA:61,9,1,0
BRDA:68,10,0,0
BRDA:68,10,1,0
BRDA:74,11,0,0
BRDA:74,11,1,0
BRDA:88,12,0,59
BRDA:88,12,1,0
BRDA:96,13,0,0
BRDA:96,13,1,0
BRDA:96,14,0,0
BRDA:96,14,1,0
BRDA:106,15,0,0
BRDA:106,15,1,0
BRDA:120,16,0,8
BRDA:120,16,1,0
BRDA:128,17,0,0
BRDA:128,17,1,0
BRDA:128,18,0,0
BRDA:128,18,1,0
BRDA:187,19,0,0
BRDA:189,20,0,0
BRDA:189,20,1,0
BRDA:193,21,0,0
BRDA:193,21,1,0
BRDA:197,22,0,0
BRDA:197,22,1,0
BRDA:201,23,0,0
BRDA:201,23,1,0
BRDA:205,24,0,0
BRDA:205,24,1,0
BRDA:209,25,0,0
BRDA:209,25,1,0
BRDA:235,26,0,0
BRDA:235,26,1,0
BRDA:235,27,0,0
BRDA:235,27,1,0
BRDA:239,28,0,0
BRDA:239,28,1,0
BRDA:239,29,0,0
BRDA:239,29,1,0
BRDA:239,29,2,0
BRDA:245,30,0,0
BRDA:245,30,1,0
BRDA:245,31,0,0
BRDA:245,31,1,0
BRDA:249,32,0,0
BRDA:249,32,1,0
BRDA:253,33,0,0
BRDA:253,33,1,0
BRDA:253,34,0,0
BRDA:253,34,1,0
BRDA:257,35,0,0
BRDA:257,35,1,0
BRDA:261,36,0,0
BRDA:261,36,1,0
BRF:73
BRH:15
end_of_record
TN:
SF:http\interceptors\ErrorClassifierInterceptor.js
FN:27,(anonymous_0)
FN:39,(anonymous_1)
FNF:2
FNH:0
FNDA:0,(anonymous_0)
FNDA:0,(anonymous_1)
DA:28,0
DA:29,0
DA:30,0
DA:41,0
DA:44,0
DA:45,0
DA:46,0
DA:49,0
DA:50,0
DA:54,0
LF:10
LH:0
BRDA:27,0,0,0
BRDA:49,1,0,0
BRDA:49,1,1,0
BRF:3
BRH:0
end_of_record
TN:
SF:http\interceptors\FingerprintInterceptor.js
FN:28,(anonymous_0)
FN:39,(anonymous_1)
FNF:2
FNH:0
FNDA:0,(anonymous_0)
FNDA:0,(anonymous_1)
DA:29,0
DA:30,0
DA:41,0
DA:48,0
DA:49,0
DA:53,0
LF:6
LH:0
BRDA:28,0,0,0
BRDA:48,1,0,0
BRDA:48,1,1,0
BRF:3
BRH:0
end_of_record
TN:
SF:http\interceptors\LoggingInterceptor.js
FN:29,(anonymous_0)
FN:56,(anonymous_1)
FN:83,(anonymous_2)
FN:117,(anonymous_3)
FN:150,(anonymous_4)
FN:199,(anonymous_5)
FN:210,(anonymous_6)
FN:253,(anonymous_7)
FN:266,(anonymous_8)
FN:280,(anonymous_9)
FN:293,(anonymous_10)
FN:307,(anonymous_11)
FNF:12
FNH:6
FNDA:61,(anonymous_0)
FNDA:126,(anonymous_1)
FNDA:67,(anonymous_2)
FNDA:59,(anonymous_3)
FNDA:8,(anonymous_4)
FNDA:67,(anonymous_5)
FNDA:0,(anonymous_6)
FNDA:0,(anonymous_7)
FNDA:0,(anonymous_8)
FNDA:0,(anonymous_9)
FNDA:0,(anonymous_10)
FNDA:0,(anonymous_11)
DA:30,61
DA:43,61
DA:46,61
DA:58,126
DA:59,0
DA:63,126
DA:64,0
DA:65,0
DA:66,0
DA:68,0
DA:69,0
DA:74,126
DA:85,67
DA:86,67
DA:89,67
DA:90,0
DA:96,0
DA:97,0
DA:101,67
DA:102,67
DA:108,67
DA:119,59
DA:120,0
DA:121,0
DA:122,0
DA:130,0
DA:134,59
DA:135,59
DA:141,59
DA:152,8
DA:153,0
DA:154,0
DA:156,0
DA:157,0
DA:158,0
DA:160,0
DA:170,0
DA:177,0
DA:181,8
DA:182,0
DA:190,8
DA:200,67
DA:211,0
DA:212,0
DA:215,0
DA:216,0
DA:219,0
DA:220,0
DA:223,0
DA:224,0
DA:227,0
DA:228,0
DA:231,0
DA:232,0
DA:235,0
DA:236,0
DA:239,0
DA:240,0
DA:243,0
DA:254,0
DA:267,0
DA:281,0
DA:294,0
DA:308,0
LF:64
LH:20
BRDA:29,0,0,0
BRDA:34,1,0,61
BRDA:34,1,1,61
BRDA:35,2,0,61
BRDA:35,2,1,61
BRDA:36,3,0,61
BRDA:36,3,1,61
BRDA:37,4,0,61
BRDA:37,4,1,61
BRDA:38,5,0,61
BRDA:38,5,1,61
BRDA:39,6,0,61
BRDA:39,6,1,61
BRDA:43,7,0,61
BRDA:43,7,1,0
BRDA:58,8,0,0
BRDA:58,8,1,126
BRDA:63,9,0,0
BRDA:63,9,1,126
BRDA:63,10,0,126
BRDA:63,10,1,126
BRDA:65,11,0,0
BRDA:65,11,1,0
BRDA:65,12,0,0
BRDA:65,12,1,0
BRDA:68,13,0,0
BRDA:68,13,1,0
BRDA:68,14,0,0
BRDA:68,14,1,0
BRDA:89,15,0,0
BRDA:89,15,1,67
BRDA:96,16,0,0
BRDA:96,16,1,0
BRDA:101,17,0,67
BRDA:101,17,1,0
BRDA:101,18,0,67
BRDA:101,18,1,67
BRDA:119,19,0,0
BRDA:119,19,1,59
BRDA:119,20,0,59
BRDA:119,20,1,0
BRDA:121,21,0,0
BRDA:121,21,1,0
BRDA:134,22,0,59
BRDA:134,22,1,0
BRDA:134,23,0,59
BRDA:134,23,1,59
BRDA:152,24,0,0
BRDA:152,24,1,8
BRDA:152,25,0,8
BRDA:152,25,1,0
BRDA:154,26,0,0
BRDA:154,26,1,0
BRDA:181,27,0,0
BRDA:181,27,1,8
BRDA:181,28,0,8
BRDA:181,28,1,8
BRDA:181,28,2,0
BRDA:211,29,0,0
BRDA:211,29,1,0
BRDA:215,30,0,0
BRDA:215,30,1,0
BRDA:219,31,0,0
BRDA:219,31,1,0
BRDA:223,32,0,0
BRDA:223,32,1,0
BRDA:227,33,0,0
BRDA:227,33,1,0
BRDA:231,34,0,0
BRDA:231,34,1,0
BRDA:235,35,0,0
BRDA:235,35,1,0
BRDA:239,36,0,0
BRDA:239,36,1,0
BRDA:239,37,0,0
BRDA:239,37,1,0
BRDA:254,38,0,0
BRDA:254,38,1,0
BRDA:254,38,2,0
BRDA:267,39,0,0
BRDA:267,39,1,0
BRDA:267,39,2,0
BRDA:267,39,3,0
BRDA:281,40,0,0
BRDA:281,40,1,0
BRDA:281,40,2,0
BRDA:294,41,0,0
BRDA:294,41,1,0
BRDA:294,41,2,0
BRDA:294,41,3,0
BRDA:308,42,0,0
BRDA:308,42,1,0
BRDA:308,42,2,0
BRDA:308,42,3,0
BRDA:308,42,4,0
BRF:95
BRH:31
end_of_record
TN:
SF:http\interceptors\NetworkErrorInterceptor.js
FN:27,(anonymous_0)
FN:47,(anonymous_1)
FN:82,(anonymous_2)
FNF:3
FNH:0
FNDA:0,(anonymous_0)
FNDA:0,(anonymous_1)
FNDA:0,(anonymous_2)
DA:28,0
DA:29,0
DA:37,0
DA:38,0
DA:49,0
DA:51,0
DA:53,0
DA:54,0
DA:55,0
DA:58,0
DA:59,0
DA:62,0
DA:68,0
DA:71,0
DA:72,0
DA:82,0
DA:85,0
DA:87,0
DA:88,0
DA:92,0
DA:93,0
DA:94,0
DA:95,0
DA:96,0
DA:98,0
DA:101,0
DA:102,0
DA:105,0
DA:111,0
LF:29
LH:0
BRDA:27,0,0,0
BRDA:30,1,0,0
BRDA:30,1,1,0
BRDA:31,2,0,0
BRDA:31,2,1,0
BRDA:32,3,0,0
BRDA:32,3,1,0
BRDA:33,4,0,0
BRDA:33,4,1,0
BRDA:51,5,0,0
BRDA:51,5,1,0
BRDA:51,6,0,0
BRDA:51,6,1,0
BRDA:58,7,0,0
BRDA:58,7,1,0
BRDA:58,8,0,0
BRDA:58,8,1,0
BRDA:71,9,0,0
BRDA:71,9,1,0
BRDA:87,10,0,0
BRDA:87,10,1,0
BRDA:87,11,0,0
BRDA:87,11,1,0
BRDA:88,12,0,0
BRDA:88,12,1,0
BRDA:93,13,0,0
BRDA:93,13,1,0
BRDA:96,14,0,0
BRDA:96,14,1,0
BRF:29
BRH:0
end_of_record
TN:
SF:http\interceptors\RateLimitErrorInterceptor.js
FN:27,(anonymous_0)
FN:46,(anonymous_1)
FN:80,(anonymous_2)
FNF:3
FNH:0
FNDA:0,(anonymous_0)
FNDA:0,(anonymous_1)
FNDA:0,(anonymous_2)
DA:28,0
DA:29,0
DA:36,0
DA:37,0
DA:48,0
DA:50,0
DA:52,0
DA:55,0
DA:56,0
DA:59,0
DA:62,0
DA:64,0
DA:65,0
DA:69,0
DA:70,0
DA:80,0
DA:83,0
DA:85,0
DA:86,0
DA:87,0
DA:88,0
DA:89,0
DA:91,0
DA:94,0
DA:95,0
DA:98,0
DA:103,0
DA:107,0
LF:28
LH:0
BRDA:27,0,0,0
BRDA:30,1,0,0
BRDA:30,1,1,0
BRDA:32,2,0,0
BRDA:32,2,1,0
BRDA:50,3,0,0
BRDA:50,3,1,0
BRDA:55,4,0,0
BRDA:55,4,1,0
BRDA:64,5,0,0
BRDA:64,5,1,0
BRDA:64,6,0,0
BRDA:64,6,1,0
BRDA:69,7,0,0
BRDA:69,7,1,0
BRDA:86,8,0,0
BRDA:86,8,1,0
BRDA:89,9,0,0
BRDA:89,9,1,0
BRF:19
BRH:0
end_of_record
TN:
SF:http\interceptors\RetryInterceptor.js
FN:30,(anonymous_0)
FN:41,(anonymous_1)
FN:61,(anonymous_2)
FNF:3
FNH:0
FNDA:0,(anonymous_0)
FNDA:0,(anonymous_1)
FNDA:0,(anonymous_2)
DA:31,0
DA:32,0
DA:43,0
DA:44,0
DA:48,0
DA:50,0
DA:52,0
DA:53,0
DA:55,0
DA:58,0
DA:61,0
DA:64,0
DA:66,0
DA:67,0
DA:68,0
DA:69,0
DA:73,0
DA:78,0
LF:18
LH:0
BRDA:30,0,0,0
BRDA:43,1,0,0
BRDA:43,1,1,0
BRDA:43,2,0,0
BRDA:43,2,1,0
BRDA:48,3,0,0
BRDA:48,3,1,0
BRDA:50,4,0,0
BRDA:50,4,1,0
BRDA:52,5,0,0
BRDA:52,5,1,0
BRDA:67,6,0,0
BRDA:67,6,1,0
BRDA:67,7,0,0
BRDA:67,7,1,0
BRF:15
BRH:0
end_of_record
TN:
SF:http\interceptors\index.js
FNF:0
FNH:0
LF:0
LH:0
BRF:0
BRH:0
end_of_record
TN:
SF:http\utils\CryptoPolyfill.js
FN:33,detectEnvironment
FN:59,createHmacSignature
FN:80,createNodeHmacSignature
FN:93,createBrowserHmacSignature
FN:125,(anonymous_4)
FN:143,simpleHmacSha256
FN:169,createLegacyBrowserHmacSignature
FN:170,(anonymous_7)
FN:182,(anonymous_8)
FN:192,(anonymous_9)
FN:214,generateRandomString
FN:221,(anonymous_11)
FN:229,(anonymous_12)
FNF:13
FNH:5
FNDA:67,detectEnvironment
FNDA:67,createHmacSignature
FNDA:67,createNodeHmacSignature
FNDA:67,createBrowserHmacSignature
FNDA:2144,(anonymous_4)
FNDA:0,simpleHmacSha256
FNDA:0,createLegacyBrowserHmacSignature
FNDA:0,(anonymous_7)
FNDA:0,(anonymous_8)
FNDA:0,(anonymous_9)
FNDA:0,generateRandomString
FNDA:0,(anonymous_11)
FNDA:0,(anonymous_12)
DA:12,6
DA:15,6
DA:20,6
DA:22,0
DA:26,0
DA:35,67
DA:38,67
DA:42,0
DA:45,0
DA:49,0
DA:60,67
DA:63,67
DA:65,67
DA:67,0
DA:69,0
DA:83,67
DA:94,67
DA:95,67
DA:96,67
DA:97,67
DA:100,67
DA:103,67
DA:104,0
DA:108,67
DA:117,67
DA:124,67
DA:125,2144
DA:130,0
DA:131,0
DA:146,0
DA:147,0
DA:149,0
DA:150,0
DA:151,0
DA:152,0
DA:156,0
DA:157,0
DA:170,0
DA:171,0
DA:180,0
DA:181,0
DA:182,0
DA:183,0
DA:185,0
DA:186,0
DA:187,0
DA:189,0
DA:192,0
DA:193,0
DA:195,0
DA:202,0
DA:215,0
DA:217,0
DA:219,0
DA:220,0
DA:221,0
DA:224,0
DA:226,0
DA:227,0
DA:228,0
DA:229,0
DA:234,0
DA:235,0
DA:236,0
DA:237,0
DA:239,0
LF:66
LH:19
BRDA:15,0,0,6
BRDA:15,0,1,0
BRDA:15,1,0,6
BRDA:15,1,1,6
BRDA:15,1,2,6
BRDA:35,2,0,67
BRDA:35,2,1,0
BRDA:35,3,0,67
BRDA:35,3,1,67
BRDA:35,3,2,67
BRDA:42,4,0,0
BRDA:42,4,1,0
BRDA:42,5,0,0
BRDA:42,5,1,0
BRDA:42,5,2,0
BRDA:63,6,0,67
BRDA:63,6,1,0
BRDA:63,6,2,0
BRDA:100,7,0,0
BRDA:100,7,1,67
BRDA:101,8,0,67
BRDA:101,8,1,0
BRDA:103,9,0,0
BRDA:103,9,1,67
BRDA:103,10,0,67
BRDA:103,10,1,67
BRDA:214,11,0,0
BRDA:217,12,0,0
BRDA:217,12,1,0
BRDA:217,13,0,0
BRDA:217,13,1,0
BRDA:224,14,0,0
BRDA:224,14,1,0
BRF:33
BRH:14
end_of_record
TN:
SF:http\utils\DeploymentEnvironmentDetector.js
FN:46,detectDeploymentPlatform
FN:147,detectDeploymentEnvironment
FN:235,getPlatformUrlConfig
FN:369,getDeploymentErrorContext
FN:430,getPlatformSpecificErrorGuidance
FN:539,isDeploymentEnvironment
FN:548,getDeploymentInfo
FNF:7
FNH:6
FNDA:476,detectDeploymentPlatform
FNDA:31,detectDeploymentEnvironment
FNDA:236,getPlatformUrlConfig
FNDA:26,getDeploymentErrorContext
FNDA:26,getPlatformSpecificErrorGuidance
FNDA:206,isDeploymentEnvironment
FNDA:0,getDeploymentInfo
DA:17,7
DA:34,7
DA:48,476
DA:49,476
DA:52,476
DA:53,24
DA:57,452
DA:58,22
DA:62,430
DA:63,7
DA:67,423
DA:68,0
DA:72,423
DA:73,0
DA:77,423
DA:78,0
DA:82,423
DA:83,0
DA:88,423
DA:91,3
DA:95,420
DA:96,0
DA:98,0
DA:100,0
DA:101,0
DA:105,0
DA:106,0
DA:110,0
DA:111,0
DA:115,0
DA:116,0
DA:120,0
DA:121,0
DA:125,0
DA:126,0
DA:132,420
DA:133,420
DA:136,0
DA:140,420
DA:148,31
DA:151,31
DA:152,0
DA:156,31
DA:157,31
DA:160,31
DA:161,0
DA:163,31
DA:164,0
DA:166,31
DA:167,0
DA:171,31
DA:173,2
DA:174,1
DA:175,0
DA:176,0
DA:179,3
DA:180,2
DA:181,1
DA:182,0
DA:186,0
DA:187,0
DA:189,0
DA:190,0
DA:192,0
DA:197,26
DA:198,0
DA:200,0
DA:202,0
DA:206,0
DA:210,0
DA:211,0
DA:215,0
DA:216,0
DA:220,0
DA:221,0
DA:227,26
DA:236,236
DA:238,236
DA:247,236
DA:249,11
DA:269,9
DA:289,4
DA:305,2
DA:321,0
DA:337,0
DA:353,210
DA:370,26
DA:371,26
DA:372,26
DA:374,26
DA:391,26
DA:392,26
DA:407,26
DA:408,0
DA:417,26
DA:418,26
DA:421,26
DA:431,26
DA:438,26
DA:441,26
DA:442,13
DA:444,0
DA:448,0
DA:453,0
DA:454,0
DA:457,0
DA:461,0
DA:466,0
DA:467,0
DA:470,0
DA:474,0
DA:479,0
DA:482,0
DA:486,0
DA:491,0
DA:494,0
DA:498,0
DA:503,0
DA:508,26
DA:509,0
DA:510,0
DA:517,26
DA:518,0
DA:521,0
DA:522,0
DA:523,0
DA:526,0
DA:527,0
DA:528,0
DA:532,26
DA:540,206
DA:541,206
DA:549,0
DA:550,0
DA:551,0
DA:553,0
LF:136
LH:62
BRDA:48,0,0,476
BRDA:48,0,1,0
BRDA:48,1,0,476
BRDA:48,1,1,476
BRDA:52,2,0,24
BRDA:52,2,1,452
BRDA:52,3,0,476
BRDA:52,3,1,452
BRDA:52,3,2,452
BRDA:57,4,0,22
BRDA:57,4,1,430
BRDA:57,5,0,452
BRDA:57,5,1,430
BRDA:57,5,2,430
BRDA:62,6,0,7
BRDA:62,6,1,423
BRDA:62,7,0,430
BRDA:62,7,1,423
BRDA:62,7,2,423
BRDA:67,8,0,0
BRDA:67,8,1,423
BRDA:67,9,0,423
BRDA:67,9,1,423
BRDA:67,9,2,423
BRDA:72,10,0,0
BRDA:72,10,1,423
BRDA:72,11,0,423
BRDA:72,11,1,423
BRDA:77,12,0,0
BRDA:77,12,1,423
BRDA:77,13,0,423
BRDA:77,13,1,423
BRDA:77,13,2,423
BRDA:82,14,0,0
BRDA:82,14,1,423
BRDA:82,15,0,423
BRDA:82,15,1,423
BRDA:88,16,0,3
BRDA:88,16,1,420
BRDA:88,17,0,423
BRDA:88,17,1,423
BRDA:88,17,2,420
BRDA:88,17,3,0
BRDA:95,18,0,0
BRDA:95,18,1,420
BRDA:98,19,0,0
BRDA:98,19,1,0
BRDA:100,20,0,0
BRDA:100,20,1,0
BRDA:100,21,0,0
BRDA:100,21,1,0
BRDA:105,22,0,0
BRDA:105,22,1,0
BRDA:105,23,0,0
BRDA:105,23,1,0
BRDA:110,24,0,0
BRDA:110,24,1,0
BRDA:115,25,0,0
BRDA:115,25,1,0
BRDA:120,26,0,0
BRDA:120,26,1,0
BRDA:125,27,0,0
BRDA:125,27,1,0
BRDA:125,28,0,0
BRDA:125,28,1,0
BRDA:125,28,2,0
BRDA:132,29,0,420
BRDA:132,29,1,0
BRDA:132,30,0,420
BRDA:132,30,1,420
BRDA:133,31,0,0
BRDA:133,31,1,420
BRDA:133,32,0,420
BRDA:133,32,1,420
BRDA:133,32,2,420
BRDA:151,33,0,0
BRDA:151,33,1,31
BRDA:156,34,0,31
BRDA:156,34,1,0
BRDA:156,35,0,31
BRDA:156,35,1,31
BRDA:160,36,0,0
BRDA:160,36,1,31
BRDA:160,37,0,31
BRDA:160,37,1,31
BRDA:163,38,0,0
BRDA:163,38,1,31
BRDA:163,39,0,31
BRDA:163,39,1,31
BRDA:166,40,0,0
BRDA:166,40,1,31
BRDA:166,41,0,31
BRDA:166,41,1,31
BRDA:171,42,0,2
BRDA:171,42,1,3
BRDA:171,42,2,0
BRDA:173,43,0,1
BRDA:173,43,1,1
BRDA:174,44,0,1
BRDA:174,44,1,0
BRDA:175,45,0,0
BRDA:175,45,1,0
BRDA:179,46,0,1
BRDA:179,46,1,2
BRDA:180,47,0,1
BRDA:180,47,1,1
BRDA:181,48,0,1
BRDA:181,48,1,0
BRDA:186,49,0,0
BRDA:186,49,1,0
BRDA:186,50,0,0
BRDA:186,50,1,0
BRDA:189,51,0,0
BRDA:189,51,1,0
BRDA:189,52,0,0
BRDA:189,52,1,0
BRDA:197,53,0,0
BRDA:197,53,1,26
BRDA:200,54,0,0
BRDA:200,54,1,0
BRDA:202,55,0,0
BRDA:202,55,1,0
BRDA:202,56,0,0
BRDA:202,56,1,0
BRDA:202,56,2,0
BRDA:202,56,3,0
BRDA:210,57,0,0
BRDA:210,57,1,0
BRDA:210,58,0,0
BRDA:210,58,1,0
BRDA:215,59,0,0
BRDA:215,59,1,0
BRDA:215,60,0,0
BRDA:215,60,1,0
BRDA:220,61,0,0
BRDA:220,61,1,0
BRDA:220,62,0,0
BRDA:220,62,1,0
BRDA:235,63,0,0
BRDA:236,64,0,236
BRDA:236,64,1,0
BRDA:247,65,0,11
BRDA:247,65,1,9
BRDA:247,65,2,4
BRDA:247,65,3,2
BRDA:247,65,4,0
BRDA:247,65,5,0
BRDA:247,65,6,210
BRDA:369,66,0,0
BRDA:391,67,0,26
BRDA:391,67,1,0
BRDA:391,68,0,26
BRDA:391,68,1,26
BRDA:395,69,0,26
BRDA:395,69,1,0
BRDA:399,70,0,26
BRDA:399,70,1,0
BRDA:407,71,0,0
BRDA:407,71,1,26
BRDA:417,72,0,26
BRDA:417,72,1,0
BRDA:417,73,0,26
BRDA:417,73,1,26
BRDA:441,74,0,13
BRDA:441,74,1,13
BRDA:441,75,0,26
BRDA:441,75,1,26
BRDA:442,76,0,0
BRDA:442,76,1,0
BRDA:442,76,2,0
BRDA:442,76,3,0
BRDA:442,76,4,0
BRDA:508,77,0,0
BRDA:508,77,1,26
BRDA:508,78,0,26
BRDA:508,78,1,26
BRDA:517,79,0,0
BRDA:517,79,1,26
BRDA:517,80,0,26
BRDA:517,80,1,26
BRDA:518,81,0,0
BRDA:518,81,1,0
BRDA:518,81,2,0
BRDA:541,82,0,206
BRDA:541,82,1,206
BRF:185
BRH:96
end_of_record
TN:
SF:http\utils\EnvironmentDetector.js
FN:42,detectEnvironment
FN:77,detectBrowser
FN:109,detectBrowserVersion
FN:144,detectFeatureSupport
FN:164,(anonymous_4)
FN:189,getEnvironmentInfo
FN:234,getOptimalHttpClient
FN:253,getRequiredPolyfills
FNF:8
FNH:5
FNDA:366,detectEnvironment
FNDA:0,detectBrowser
FNDA:0,detectBrowserVersion
FNDA:122,detectFeatureSupport
FNDA:122,(anonymous_4)
FNDA:61,getEnvironmentInfo
FNDA:61,getOptimalHttpClient
FNDA:0,getRequiredPolyfills
DA:16,6
DA:28,6
DA:44,366
DA:47,366
DA:51,0
DA:53,0
DA:57,0
DA:60,0
DA:64,0
DA:66,0
DA:70,0
DA:78,0
DA:80,0
DA:82,0
DA:85,0
DA:88,0
DA:89,0
DA:90,0
DA:91,0
DA:92,0
DA:93,0
DA:94,0
DA:95,0
DA:96,0
DA:97,0
DA:98,0
DA:99,0
DA:101,0
DA:110,0
DA:112,0
DA:114,0
DA:117,0
DA:118,0
DA:121,0
DA:123,0
DA:125,0
DA:127,0
DA:129,0
DA:131,0
DA:133,0
DA:136,0
DA:145,122
DA:147,122
DA:165,122
DA:166,122
DA:167,122
DA:169,0
DA:190,61
DA:191,61
DA:193,61
DA:199,61
DA:201,0
DA:219,61
DA:220,61
DA:227,61
DA:235,61
DA:236,61
DA:238,61
DA:239,61
DA:242,0
DA:243,0
DA:246,0
DA:254,0
DA:256,0
LF:64
LH:20
BRDA:44,0,0,366
BRDA:44,0,1,0
BRDA:44,1,0,366
BRDA:44,1,1,366
BRDA:44,1,2,366
BRDA:51,2,0,0
BRDA:51,2,1,0
BRDA:51,3,0,0
BRDA:51,3,1,0
BRDA:57,4,0,0
BRDA:57,4,1,0
BRDA:57,5,0,0
BRDA:57,5,1,0
BRDA:57,5,2,0
BRDA:64,6,0,0
BRDA:64,6,1,0
BRDA:64,7,0,0
BRDA:64,7,1,0
BRDA:80,8,0,0
BRDA:80,8,1,0
BRDA:80,9,0,0
BRDA:80,9,1,0
BRDA:88,10,0,0
BRDA:88,10,1,0
BRDA:88,11,0,0
BRDA:88,11,1,0
BRDA:90,12,0,0
BRDA:90,12,1,0
BRDA:92,13,0,0
BRDA:92,13,1,0
BRDA:92,14,0,0
BRDA:92,14,1,0
BRDA:94,15,0,0
BRDA:94,15,1,0
BRDA:96,16,0,0
BRDA:96,16,1,0
BRDA:98,17,0,0
BRDA:98,17,1,0
BRDA:98,18,0,0
BRDA:98,18,1,0
BRDA:112,19,0,0
BRDA:112,19,1,0
BRDA:112,20,0,0
BRDA:112,20,1,0
BRDA:121,21,0,0
BRDA:121,21,1,0
BRDA:121,21,2,0
BRDA:121,21,3,0
BRDA:121,21,4,0
BRDA:121,21,5,0
BRDA:121,21,6,0
BRDA:123,22,0,0
BRDA:123,22,1,0
BRDA:125,23,0,0
BRDA:125,23,1,0
BRDA:127,24,0,0
BRDA:127,24,1,0
BRDA:129,25,0,0
BRDA:129,25,1,0
BRDA:131,26,0,0
BRDA:131,26,1,0
BRDA:133,27,0,0
BRDA:133,27,1,0
BRDA:133,27,2,0
BRDA:149,28,0,122
BRDA:149,28,1,0
BRDA:159,29,0,122
BRDA:159,29,1,122
BRDA:159,29,2,122
BRDA:180,30,0,122
BRDA:180,30,1,122
BRDA:199,31,0,0
BRDA:199,31,1,61
BRDA:199,32,0,61
BRDA:199,32,1,61
BRDA:219,33,0,61
BRDA:219,33,1,0
BRDA:238,34,0,61
BRDA:238,34,1,0
BRDA:242,35,0,0
BRDA:242,35,1,0
BRF:81
BRH:15
end_of_record
